{"/home/usuario/ull-esit-inf-dsi-22-23-prct07-destravate-datamodel-grupoh/src/coleccionGrupos.ts":{"path":"/home/usuario/ull-esit-inf-dsi-22-23-prct07-destravate-datamodel-grupoh/src/coleccionGrupos.ts","statementMap":{"0":{"start":{"line":2,"column":0},"end":{"line":2,"column":62}},"1":{"start":{"line":3,"column":0},"end":{"line":3,"column":33}},"2":{"start":{"line":9,"column":20},"end":{"line":9,"column":22}},"3":{"start":{"line":12,"column":8},"end":{"line":12,"column":36}},"4":{"start":{"line":15,"column":8},"end":{"line":17,"column":9}},"5":{"start":{"line":16,"column":12},"end":{"line":16,"column":67}},"6":{"start":{"line":18,"column":8},"end":{"line":18,"column":46}},"7":{"start":{"line":21,"column":8},"end":{"line":21,"column":38}},"8":{"start":{"line":24,"column":8},"end":{"line":24,"column":43}},"9":{"start":{"line":27,"column":8},"end":{"line":29,"column":9}},"10":{"start":{"line":28,"column":12},"end":{"line":28,"column":19}},"11":{"start":{"line":30,"column":8},"end":{"line":30,"column":49}},"12":{"start":{"line":33,"column":8},"end":{"line":33,"column":74}},"13":{"start":{"line":33,"column":52},"end":{"line":33,"column":72}},"14":{"start":{"line":36,"column":8},"end":{"line":36,"column":45}},"15":{"start":{"line":39,"column":8},"end":{"line":39,"column":82}},"16":{"start":{"line":39,"column":52},"end":{"line":39,"column":80}},"17":{"start":{"line":42,"column":8},"end":{"line":42,"column":45}},"18":{"start":{"line":45,"column":8},"end":{"line":50,"column":9}},"19":{"start":{"line":46,"column":12},"end":{"line":46,"column":94}},"20":{"start":{"line":46,"column":50},"end":{"line":46,"column":92}},"21":{"start":{"line":49,"column":12},"end":{"line":49,"column":94}},"22":{"start":{"line":49,"column":50},"end":{"line":49,"column":92}},"23":{"start":{"line":53,"column":8},"end":{"line":78,"column":9}},"24":{"start":{"line":54,"column":12},"end":{"line":64,"column":13}},"25":{"start":{"line":56,"column":20},"end":{"line":56,"column":177}},"26":{"start":{"line":56,"column":58},"end":{"line":56,"column":175}},"27":{"start":{"line":57,"column":20},"end":{"line":57,"column":26}},"28":{"start":{"line":59,"column":20},"end":{"line":59,"column":177}},"29":{"start":{"line":59,"column":58},"end":{"line":59,"column":175}},"30":{"start":{"line":60,"column":20},"end":{"line":60,"column":26}},"31":{"start":{"line":62,"column":20},"end":{"line":62,"column":177}},"32":{"start":{"line":62,"column":58},"end":{"line":62,"column":175}},"33":{"start":{"line":63,"column":20},"end":{"line":63,"column":26}},"34":{"start":{"line":67,"column":12},"end":{"line":77,"column":13}},"35":{"start":{"line":69,"column":20},"end":{"line":69,"column":177}},"36":{"start":{"line":69,"column":58},"end":{"line":69,"column":175}},"37":{"start":{"line":70,"column":20},"end":{"line":70,"column":26}},"38":{"start":{"line":72,"column":20},"end":{"line":72,"column":177}},"39":{"start":{"line":72,"column":58},"end":{"line":72,"column":175}},"40":{"start":{"line":73,"column":20},"end":{"line":73,"column":26}},"41":{"start":{"line":75,"column":20},"end":{"line":75,"column":177}},"42":{"start":{"line":75,"column":58},"end":{"line":75,"column":175}},"43":{"start":{"line":76,"column":20},"end":{"line":76,"column":26}},"44":{"start":{"line":81,"column":8},"end":{"line":86,"column":9}},"45":{"start":{"line":82,"column":12},"end":{"line":82,"column":109}},"46":{"start":{"line":82,"column":50},"end":{"line":82,"column":107}},"47":{"start":{"line":85,"column":12},"end":{"line":85,"column":109}},"48":{"start":{"line":85,"column":50},"end":{"line":85,"column":107}},"49":{"start":{"line":89,"column":0},"end":{"line":89,"column":42}}},"fnMap":{"0":{"name":"(anonymous_0)","decl":{"start":{"line":11,"column":4},"end":{"line":11,"column":5}},"loc":{"start":{"line":11,"column":18},"end":{"line":13,"column":5}},"line":11},"1":{"name":"(anonymous_1)","decl":{"start":{"line":14,"column":4},"end":{"line":14,"column":5}},"loc":{"start":{"line":14,"column":25},"end":{"line":19,"column":5}},"line":14},"2":{"name":"(anonymous_2)","decl":{"start":{"line":20,"column":4},"end":{"line":20,"column":5}},"loc":{"start":{"line":20,"column":16},"end":{"line":22,"column":5}},"line":20},"3":{"name":"(anonymous_3)","decl":{"start":{"line":23,"column":4},"end":{"line":23,"column":5}},"loc":{"start":{"line":23,"column":20},"end":{"line":25,"column":5}},"line":23},"4":{"name":"(anonymous_4)","decl":{"start":{"line":26,"column":4},"end":{"line":26,"column":5}},"loc":{"start":{"line":26,"column":24},"end":{"line":31,"column":5}},"line":26},"5":{"name":"(anonymous_5)","decl":{"start":{"line":32,"column":4},"end":{"line":32,"column":5}},"loc":{"start":{"line":32,"column":17},"end":{"line":34,"column":5}},"line":32},"6":{"name":"(anonymous_6)","decl":{"start":{"line":33,"column":43},"end":{"line":33,"column":44}},"loc":{"start":{"line":33,"column":52},"end":{"line":33,"column":72}},"line":33},"7":{"name":"(anonymous_7)","decl":{"start":{"line":35,"column":4},"end":{"line":35,"column":5}},"loc":{"start":{"line":35,"column":22},"end":{"line":37,"column":5}},"line":35},"8":{"name":"(anonymous_8)","decl":{"start":{"line":38,"column":4},"end":{"line":38,"column":5}},"loc":{"start":{"line":38,"column":30},"end":{"line":40,"column":5}},"line":38},"9":{"name":"(anonymous_9)","decl":{"start":{"line":39,"column":43},"end":{"line":39,"column":44}},"loc":{"start":{"line":39,"column":52},"end":{"line":39,"column":80}},"line":39},"10":{"name":"(anonymous_10)","decl":{"start":{"line":41,"column":4},"end":{"line":41,"column":5}},"loc":{"start":{"line":41,"column":19},"end":{"line":43,"column":5}},"line":41},"11":{"name":"(anonymous_11)","decl":{"start":{"line":44,"column":4},"end":{"line":44,"column":5}},"loc":{"start":{"line":44,"column":49},"end":{"line":51,"column":5}},"line":44},"12":{"name":"(anonymous_12)","decl":{"start":{"line":46,"column":40},"end":{"line":46,"column":41}},"loc":{"start":{"line":46,"column":50},"end":{"line":46,"column":92}},"line":46},"13":{"name":"(anonymous_13)","decl":{"start":{"line":49,"column":40},"end":{"line":49,"column":41}},"loc":{"start":{"line":49,"column":50},"end":{"line":49,"column":92}},"line":49},"14":{"name":"(anonymous_14)","decl":{"start":{"line":52,"column":4},"end":{"line":52,"column":5}},"loc":{"start":{"line":52,"column":60},"end":{"line":79,"column":5}},"line":52},"15":{"name":"(anonymous_15)","decl":{"start":{"line":56,"column":48},"end":{"line":56,"column":49}},"loc":{"start":{"line":56,"column":58},"end":{"line":56,"column":175}},"line":56},"16":{"name":"(anonymous_16)","decl":{"start":{"line":59,"column":48},"end":{"line":59,"column":49}},"loc":{"start":{"line":59,"column":58},"end":{"line":59,"column":175}},"line":59},"17":{"name":"(anonymous_17)","decl":{"start":{"line":62,"column":48},"end":{"line":62,"column":49}},"loc":{"start":{"line":62,"column":58},"end":{"line":62,"column":175}},"line":62},"18":{"name":"(anonymous_18)","decl":{"start":{"line":69,"column":48},"end":{"line":69,"column":49}},"loc":{"start":{"line":69,"column":58},"end":{"line":69,"column":175}},"line":69},"19":{"name":"(anonymous_19)","decl":{"start":{"line":72,"column":48},"end":{"line":72,"column":49}},"loc":{"start":{"line":72,"column":58},"end":{"line":72,"column":175}},"line":72},"20":{"name":"(anonymous_20)","decl":{"start":{"line":75,"column":48},"end":{"line":75,"column":49}},"loc":{"start":{"line":75,"column":58},"end":{"line":75,"column":175}},"line":75},"21":{"name":"(anonymous_21)","decl":{"start":{"line":80,"column":4},"end":{"line":80,"column":5}},"loc":{"start":{"line":80,"column":54},"end":{"line":87,"column":5}},"line":80},"22":{"name":"(anonymous_22)","decl":{"start":{"line":82,"column":40},"end":{"line":82,"column":41}},"loc":{"start":{"line":82,"column":50},"end":{"line":82,"column":107}},"line":82},"23":{"name":"(anonymous_23)","decl":{"start":{"line":85,"column":40},"end":{"line":85,"column":41}},"loc":{"start":{"line":85,"column":50},"end":{"line":85,"column":107}},"line":85}},"branchMap":{"0":{"loc":{"start":{"line":15,"column":8},"end":{"line":17,"column":9}},"type":"if","locations":[{"start":{"line":15,"column":8},"end":{"line":17,"column":9}},{"start":{"line":15,"column":8},"end":{"line":17,"column":9}}],"line":15},"1":{"loc":{"start":{"line":27,"column":8},"end":{"line":29,"column":9}},"type":"if","locations":[{"start":{"line":27,"column":8},"end":{"line":29,"column":9}},{"start":{"line":27,"column":8},"end":{"line":29,"column":9}}],"line":27},"2":{"loc":{"start":{"line":27,"column":12},"end":{"line":27,"column":65}},"type":"binary-expr","locations":[{"start":{"line":27,"column":12},"end":{"line":27,"column":22}},{"start":{"line":27,"column":26},"end":{"line":27,"column":65}}],"line":27},"3":{"loc":{"start":{"line":45,"column":8},"end":{"line":50,"column":9}},"type":"if","locations":[{"start":{"line":45,"column":8},"end":{"line":50,"column":9}},{"start":{"line":45,"column":8},"end":{"line":50,"column":9}}],"line":45},"4":{"loc":{"start":{"line":53,"column":8},"end":{"line":78,"column":9}},"type":"if","locations":[{"start":{"line":53,"column":8},"end":{"line":78,"column":9}},{"start":{"line":53,"column":8},"end":{"line":78,"column":9}}],"line":53},"5":{"loc":{"start":{"line":54,"column":12},"end":{"line":64,"column":13}},"type":"switch","locations":[{"start":{"line":55,"column":16},"end":{"line":57,"column":26}},{"start":{"line":58,"column":16},"end":{"line":60,"column":26}},{"start":{"line":61,"column":16},"end":{"line":63,"column":26}}],"line":54},"6":{"loc":{"start":{"line":67,"column":12},"end":{"line":77,"column":13}},"type":"switch","locations":[{"start":{"line":68,"column":16},"end":{"line":70,"column":26}},{"start":{"line":71,"column":16},"end":{"line":73,"column":26}},{"start":{"line":74,"column":16},"end":{"line":76,"column":26}}],"line":67},"7":{"loc":{"start":{"line":81,"column":8},"end":{"line":86,"column":9}},"type":"if","locations":[{"start":{"line":81,"column":8},"end":{"line":86,"column":9}},{"start":{"line":81,"column":8},"end":{"line":86,"column":9}}],"line":81}},"s":{"0":1,"1":1,"2":1,"3":1,"4":2,"5":1,"6":2,"7":9,"8":3,"9":2,"10":1,"11":1,"12":2,"13":2,"14":3,"15":1,"16":1,"17":1,"18":2,"19":1,"20":1,"21":1,"22":1,"23":6,"24":3,"25":1,"26":1,"27":1,"28":1,"29":1,"30":1,"31":1,"32":1,"33":1,"34":3,"35":1,"36":1,"37":1,"38":1,"39":1,"40":1,"41":1,"42":1,"43":1,"44":2,"45":1,"46":1,"47":1,"48":1,"49":1},"f":{"0":1,"1":2,"2":9,"3":3,"4":2,"5":2,"6":2,"7":3,"8":1,"9":1,"10":1,"11":2,"12":1,"13":1,"14":6,"15":1,"16":1,"17":1,"18":1,"19":1,"20":1,"21":2,"22":1,"23":1},"b":{"0":[1,1],"1":[1,1],"2":[2,1],"3":[1,1],"4":[3,3],"5":[1,1,1],"6":[1,1,1],"7":[1,1]},"inputSourceMap":{"version":3,"file":"/home/usuario/ull-esit-inf-dsi-22-23-prct07-destravate-datamodel-grupoh/src/coleccionGrupos.ts","sources":["/home/usuario/ull-esit-inf-dsi-22-23-prct07-destravate-datamodel-grupoh/src/coleccionGrupos.ts"],"names":[],"mappings":";;;AAGA;;;GAGG;AACH,MAAa,eAAe;IAClB,MAAM,CAAC,MAAM,GAAY,EAAE,CAAC;IAC5B,MAAM,CAAC,cAAc,CAAkB;IAC/C;QACE,eAAe,CAAC,MAAM,GAAG,EAAE,CAAC;IAC9B,CAAC;IAEM,MAAM,CAAC,WAAW;QACvB,IAAI,CAAC,eAAe,CAAC,cAAc,EAAE;YACnC,eAAe,CAAC,cAAc,GAAG,IAAI,eAAe,EAAE,CAAC;SACxD;QACD,OAAO,eAAe,CAAC,cAAc,CAAC;IACxC,CAAC;IAED,SAAS;QACP,OAAO,eAAe,CAAC,MAAM,CAAC;IAChC,CAAC;IAED,QAAQ,CAAC,KAAY;QACnB,eAAe,CAAC,MAAM,CAAC,IAAI,CAAC,KAAK,CAAC,CAAC;IACrC,CAAC;IAED,WAAW,CAAC,MAAc;QACxB,IAAI,MAAM,GAAG,CAAC,IAAI,MAAM,IAAI,eAAe,CAAC,MAAM,CAAC,MAAM,EAAE;YACzD,OAAO;SACR;QACD,eAAe,CAAC,MAAM,CAAC,MAAM,CAAC,MAAM,EAAE,CAAC,CAAC,CAAC;IAC3C,CAAC;IAED,QAAQ,CAAC,EAAU;QACjB,OAAO,eAAe,CAAC,MAAM,CAAC,IAAI,CAAC,KAAK,CAAC,EAAE,CAAC,KAAK,CAAC,KAAK,EAAE,KAAK,EAAE,CAAC,CAAC;IACpE,CAAC;IAED,eAAe;QACb,OAAO,eAAe,CAAC,MAAM,CAAC,MAAM,CAAC;IACvC,CAAC;IAED,iBAAiB,CAAC,MAAc;QAC9B,OAAO,eAAe,CAAC,MAAM,CAAC,IAAI,CAAC,KAAK,CAAC,EAAE,CAAC,KAAK,CAAC,SAAS,EAAE,KAAK,MAAM,CAAC,CAAC;IAC5E,CAAC;IAED,OAAO,CAAC,KAAa;QACnB,OAAO,eAAe,CAAC,MAAM,CAAC,KAAK,CAAC,CAAC;IACvC,CAAC;IAED,gCAAgC,CAAC,UAAmB;QAClD,IAAI,UAAU,EAAE;YACd,eAAe,CAAC,MAAM,CAAC,IAAI,CAAC,CAAC,CAAC,EAAE,CAAC,EAAE,EAAE,CAAC,CAAC,CAAC,SAAS,EAAE,CAAC,aAAa,CAAC,CAAC,CAAC,SAAS,EAAE,CAAC,CAAC,CAAC;SACnF;aAAM;YACL,eAAe,CAAC,MAAM,CAAC,IAAI,CAAC,CAAC,CAAC,EAAE,CAAC,EAAE,EAAE,CAAC,CAAC,CAAC,SAAS,EAAE,CAAC,aAAa,CAAC,CAAC,CAAC,SAAS,EAAE,CAAC,CAAC,CAAC;SACnF;IACH,CAAC;IAED,kCAAkC,CAAC,UAAmB,EAAE,OAAe;QACrE,IAAI,CAAC,UAAU,EAAE;YACf,QAAQ,OAAO,EAAE;gBACjB,KAAK,CAAC;oBACJ,eAAe,CAAC,MAAM,CAAC,IAAI,CAAC,CAAC,CAAC,EAAE,CAAC,EAAE,EAAE,CAAC,CAAC,CAAC,eAAe,EAAE,CAAC,CAAC,CAAC,CAAC,CAAC,CAAC,eAAe,EAAE,CAAC,CAAC,CAAC,CAAC,MAAM,GAAC,CAAC,CAAC,GAAG,CAAC,CAAC,eAAe,EAAE,CAAC,CAAC,CAAC,CAAC,CAAC,CAAC,eAAe,EAAE,CAAC,CAAC,CAAC,CAAC,MAAM,GAAC,CAAC,CAAC,CAAC,CAAC;oBACzJ,MAAM;gBACR,KAAK,CAAC;oBACJ,eAAe,CAAC,MAAM,CAAC,IAAI,CAAC,CAAC,CAAC,EAAE,CAAC,EAAE,EAAE,CAAC,CAAC,CAAC,eAAe,EAAE,CAAC,CAAC,CAAC,CAAC,CAAC,CAAC,eAAe,EAAE,CAAC,CAAC,CAAC,CAAC,MAAM,GAAC,CAAC,CAAC,GAAG,CAAC,CAAC,eAAe,EAAE,CAAC,CAAC,CAAC,CAAC,CAAC,CAAC,eAAe,EAAE,CAAC,CAAC,CAAC,CAAC,MAAM,GAAC,CAAC,CAAC,CAAC,CAAC;oBACzJ,MAAM;gBACR,KAAK,CAAC;oBACJ,eAAe,CAAC,MAAM,CAAC,IAAI,CAAC,CAAC,CAAC,EAAE,CAAC,EAAE,EAAE,CAAC,CAAC,CAAC,eAAe,EAAE,CAAC,CAAC,CAAC,CAAC,CAAC,CAAC,eAAe,EAAE,CAAC,CAAC,CAAC,CAAC,MAAM,GAAC,CAAC,CAAC,GAAG,CAAC,CAAC,eAAe,EAAE,CAAC,CAAC,CAAC,CAAC,CAAC,CAAC,eAAe,EAAE,CAAC,CAAC,CAAC,CAAC,MAAM,GAAC,CAAC,CAAC,CAAC,CAAC;oBAC3J,MAAM;aACL;SACF;aACI;YACH,QAAQ,OAAO,EAAE;gBACjB,KAAK,CAAC;oBACJ,eAAe,CAAC,MAAM,CAAC,IAAI,CAAC,CAAC,CAAC,EAAE,CAAC,EAAE,EAAE,CAAC,CAAC,CAAC,eAAe,EAAE,CAAC,CAAC,CAAC,CAAC,CAAC,CAAC,eAAe,EAAE,CAAC,CAAC,CAAC,CAAC,MAAM,GAAC,CAAC,CAAC,GAAG,CAAC,CAAC,eAAe,EAAE,CAAC,CAAC,CAAC,CAAC,CAAC,CAAC,eAAe,EAAE,CAAC,CAAC,CAAC,CAAC,MAAM,GAAC,CAAC,CAAC,CAAC,CAAC;oBACzJ,MAAM;gBACR,KAAK,CAAC;oBACJ,eAAe,CAAC,MAAM,CAAC,IAAI,CAAC,CAAC,CAAC,EAAE,CAAC,EAAE,EAAE,CAAC,CAAC,CAAC,eAAe,EAAE,CAAC,CAAC,CAAC,CAAC,CAAC,CAAC,eAAe,EAAE,CAAC,CAAC,CAAC,CAAC,MAAM,GAAC,CAAC,CAAC,GAAG,CAAC,CAAC,eAAe,EAAE,CAAC,CAAC,CAAC,CAAC,CAAC,CAAC,eAAe,EAAE,CAAC,CAAC,CAAC,CAAC,MAAM,GAAC,CAAC,CAAC,CAAC,CAAC;oBACzJ,MAAM;gBACR,KAAK,CAAC;oBACJ,eAAe,CAAC,MAAM,CAAC,IAAI,CAAC,CAAC,CAAC,EAAE,CAAC,EAAE,EAAE,CAAC,CAAC,CAAC,eAAe,EAAE,CAAC,CAAC,CAAC,CAAC,CAAC,CAAC,eAAe,EAAE,CAAC,CAAC,CAAC,CAAC,MAAM,GAAC,CAAC,CAAC,GAAG,CAAC,CAAC,eAAe,EAAE,CAAC,CAAC,CAAC,CAAC,CAAC,CAAC,eAAe,EAAE,CAAC,CAAC,CAAC,CAAC,MAAM,GAAC,CAAC,CAAC,CAAC,CAAC;oBAC3J,MAAM;aACL;SACF;IACH,CAAC;IAED,qCAAqC,CAAC,UAAmB;QACvD,IAAI,UAAU,EAAE;YACd,eAAe,CAAC,MAAM,CAAC,IAAI,CAAC,CAAC,CAAC,EAAE,CAAC,EAAE,EAAE,CAAC,CAAC,CAAC,gBAAgB,EAAE,CAAC,MAAM,GAAG,CAAC,CAAC,gBAAgB,EAAE,CAAC,MAAM,CAAC,CAAC;SAClG;aAAM;YACL,eAAe,CAAC,MAAM,CAAC,IAAI,CAAC,CAAC,CAAC,EAAE,CAAC,EAAE,EAAE,CAAC,CAAC,CAAC,gBAAgB,EAAE,CAAC,MAAM,GAAG,CAAC,CAAC,gBAAgB,EAAE,CAAC,MAAM,CAAC,CAAC;SAClG;IACH,CAAC;;AAxFH,0CAyFC","sourcesContent":["import { Grupo } from './grupo';\nimport { metodos_grupos } from './metodosGrupos';\n\n/**\n * Clase que contiene los grupos\n * @class ColeccionGrupos\n */\nexport class ColeccionGrupos implements metodos_grupos {\n  private static grupos: Grupo[] = [];\n  private static colecionGrupos: ColeccionGrupos;\n  private constructor() {\n    ColeccionGrupos.grupos = [];\n  }\n\n  public static getInstance(): ColeccionGrupos {\n    if (!ColeccionGrupos.colecionGrupos) {\n      ColeccionGrupos.colecionGrupos = new ColeccionGrupos();\n    }\n    return ColeccionGrupos.colecionGrupos;\n  }\n\n  getGrupos(): Grupo[] {\n    return ColeccionGrupos.grupos;\n  }\n\n  addGrupo(grupo: Grupo): void {\n    ColeccionGrupos.grupos.push(grupo);\n  }\n\n  deleteGrupo(indice: number): void {\n    if (indice < 0 || indice >= ColeccionGrupos.grupos.length) {\n      return;\n    }\n    ColeccionGrupos.grupos.splice(indice, 1);\n  }\n\n  getGrupo(id: number): Grupo | undefined {\n    return ColeccionGrupos.grupos.find(grupo => grupo.GetId() === id);\n  }\n\n  getNumeroGrupos(): number {\n    return ColeccionGrupos.grupos.length;\n  }\n\n  getGrupoPorNombre(nombre: string): Grupo | undefined {\n    return ColeccionGrupos.grupos.find(grupo => grupo.GetNombre() === nombre);\n  }\n\n  getItem(index: number): Grupo {\n    return ColeccionGrupos.grupos[index];\n  }\n\n  ordenarGruposPorNombreAlfabetico(ascendente: boolean): void {\n    if (ascendente) {\n      ColeccionGrupos.grupos.sort((a, b) => a.GetNombre().localeCompare(b.GetNombre()));\n    } else {\n      ColeccionGrupos.grupos.sort((a, b) => b.GetNombre().localeCompare(a.GetNombre()));\n    }\n  }\n\n  ordenarGruposPorDistanciaRecorrida(ascendente: boolean, periodo: number): void {\n    if (!ascendente) {\n      switch (periodo) {\n      case 0:\n        ColeccionGrupos.grupos.sort((a, b) => a.GetEstadisticas()[0][a.GetEstadisticas()[0].length-1] - b.GetEstadisticas()[0][a.GetEstadisticas()[0].length-1]);\n        break;\n      case 1:\n        ColeccionGrupos.grupos.sort((a, b) => a.GetEstadisticas()[1][a.GetEstadisticas()[0].length-1] - b.GetEstadisticas()[1][a.GetEstadisticas()[0].length-1]);\n        break;\n      case 2:\n        ColeccionGrupos.grupos.sort((a, b) => a.GetEstadisticas()[2][a.GetEstadisticas()[0].length-1] - b.GetEstadisticas()[2][a.GetEstadisticas()[0].length-1]);\n      break;\n      }\n    }\n    else {\n      switch (periodo) {\n      case 0:\n        ColeccionGrupos.grupos.sort((a, b) => b.GetEstadisticas()[0][a.GetEstadisticas()[0].length-1] - a.GetEstadisticas()[0][a.GetEstadisticas()[0].length-1]);\n        break;\n      case 1:\n        ColeccionGrupos.grupos.sort((a, b) => b.GetEstadisticas()[1][a.GetEstadisticas()[0].length-1] - a.GetEstadisticas()[1][a.GetEstadisticas()[0].length-1]);\n        break;\n      case 2:\n        ColeccionGrupos.grupos.sort((a, b) => b.GetEstadisticas()[2][a.GetEstadisticas()[0].length-1] - a.GetEstadisticas()[2][a.GetEstadisticas()[0].length-1]);\n      break;\n      }\n    }\n  }\n\n  ordenarGruposPorCantidadDeIntegrantes(ascendente: boolean): void {\n    if (ascendente) {\n      ColeccionGrupos.grupos.sort((a, b) => a.GetMiembrosGrupo().length - b.GetMiembrosGrupo().length);\n    } else {\n      ColeccionGrupos.grupos.sort((a, b) => b.GetMiembrosGrupo().length - a.GetMiembrosGrupo().length);\n    }\n  }\n}\n"]},"_coverageSchema":"1a1c01bbd47fc00a2c39e90264f33305004495a9","hash":"2e1e059f0b6383dd9e6754114f4ed05838ae8e72","contentHash":"304c1c4942580ef16a040106fef71949a66c66349b45c3caf8e5ebdc2bf110b5"},"/home/usuario/ull-esit-inf-dsi-22-23-prct07-destravate-datamodel-grupoh/src/grupo.ts":{"path":"/home/usuario/ull-esit-inf-dsi-22-23-prct07-destravate-datamodel-grupoh/src/grupo.ts","statementMap":{"0":{"start":{"line":2,"column":0},"end":{"line":2,"column":62}},"1":{"start":{"line":3,"column":0},"end":{"line":3,"column":23}},"2":{"start":{"line":24,"column":8},"end":{"line":24,"column":21}},"3":{"start":{"line":25,"column":8},"end":{"line":25,"column":29}},"4":{"start":{"line":26,"column":8},"end":{"line":26,"column":43}},"5":{"start":{"line":27,"column":8},"end":{"line":27,"column":41}},"6":{"start":{"line":28,"column":8},"end":{"line":28,"column":59}},"7":{"start":{"line":29,"column":8},"end":{"line":29,"column":45}},"8":{"start":{"line":30,"column":8},"end":{"line":30,"column":37}},"9":{"start":{"line":36,"column":8},"end":{"line":36,"column":23}},"10":{"start":{"line":42,"column":8},"end":{"line":42,"column":27}},"11":{"start":{"line":48,"column":8},"end":{"line":48,"column":34}},"12":{"start":{"line":54,"column":8},"end":{"line":54,"column":33}},"13":{"start":{"line":60,"column":8},"end":{"line":60,"column":42}},"14":{"start":{"line":66,"column":8},"end":{"line":66,"column":35}},"15":{"start":{"line":72,"column":8},"end":{"line":72,"column":31}},"16":{"start":{"line":75,"column":0},"end":{"line":75,"column":22}}},"fnMap":{"0":{"name":"(anonymous_0)","decl":{"start":{"line":23,"column":4},"end":{"line":23,"column":5}},"loc":{"start":{"line":23,"column":108},"end":{"line":31,"column":5}},"line":23},"1":{"name":"(anonymous_1)","decl":{"start":{"line":35,"column":4},"end":{"line":35,"column":5}},"loc":{"start":{"line":35,"column":12},"end":{"line":37,"column":5}},"line":35},"2":{"name":"(anonymous_2)","decl":{"start":{"line":41,"column":4},"end":{"line":41,"column":5}},"loc":{"start":{"line":41,"column":16},"end":{"line":43,"column":5}},"line":41},"3":{"name":"(anonymous_3)","decl":{"start":{"line":47,"column":4},"end":{"line":47,"column":5}},"loc":{"start":{"line":47,"column":23},"end":{"line":49,"column":5}},"line":47},"4":{"name":"(anonymous_4)","decl":{"start":{"line":53,"column":4},"end":{"line":53,"column":5}},"loc":{"start":{"line":53,"column":22},"end":{"line":55,"column":5}},"line":53},"5":{"name":"(anonymous_5)","decl":{"start":{"line":59,"column":4},"end":{"line":59,"column":5}},"loc":{"start":{"line":59,"column":31},"end":{"line":61,"column":5}},"line":59},"6":{"name":"(anonymous_6)","decl":{"start":{"line":65,"column":4},"end":{"line":65,"column":5}},"loc":{"start":{"line":65,"column":24},"end":{"line":67,"column":5}},"line":65},"7":{"name":"(anonymous_7)","decl":{"start":{"line":71,"column":4},"end":{"line":71,"column":5}},"loc":{"start":{"line":71,"column":20},"end":{"line":73,"column":5}},"line":71}},"branchMap":{},"s":{"0":1,"1":1,"2":4,"3":4,"4":4,"5":4,"6":4,"7":4,"8":4,"9":3,"10":6,"11":5,"12":25,"13":1,"14":1,"15":1,"16":1},"f":{"0":4,"1":3,"2":6,"3":5,"4":25,"5":1,"6":1,"7":1},"b":{},"inputSourceMap":{"version":3,"file":"/home/usuario/ull-esit-inf-dsi-22-23-prct07-destravate-datamodel-grupoh/src/grupo.ts","sources":["/home/usuario/ull-esit-inf-dsi-22-23-prct07-destravate-datamodel-grupoh/src/grupo.ts"],"names":[],"mappings":";;;AAEA;;;;;;;;;;GAUG;AACH,MAAa,KAAK;IACI;IAAoB;IAAwB;IACtD;IAAkC;IAAyC;IAAkC;IADvH,YAAoB,EAAU,EAAU,MAAc,EAAU,aAAuB,EAC7E,YAAwB,EAAU,qBAA+B,EAAU,cAAwB,EAAU,UAA2B;QAD9H,OAAE,GAAF,EAAE,CAAQ;QAAU,WAAM,GAAN,MAAM,CAAQ;QAAU,kBAAa,GAAb,aAAa,CAAU;QAC7E,iBAAY,GAAZ,YAAY,CAAY;QAAU,0BAAqB,GAArB,qBAAqB,CAAU;QAAU,mBAAc,GAAd,cAAc,CAAU;QAAU,eAAU,GAAV,UAAU,CAAiB;IAClJ,CAAC;IAED;;OAEG;IACH,KAAK;QACH,OAAO,IAAI,CAAC,EAAE,CAAC;IACjB,CAAC;IAED;;OAEG;IACH,SAAS;QACP,OAAO,IAAI,CAAC,MAAM,CAAC;IACrB,CAAC;IAED;;OAEG;IACH,gBAAgB;QACd,OAAO,IAAI,CAAC,aAAa,CAAC;IAC5B,CAAC;IAED;;OAEG;IACH,eAAe;QACb,OAAO,IAAI,CAAC,YAAY,CAAC;IAC3B,CAAC;IAED;;OAEG;IACH,wBAAwB;QACtB,OAAO,IAAI,CAAC,qBAAqB,CAAC;IACpC,CAAC;IAED;;OAEG;IACH,iBAAiB;QACf,OAAO,IAAI,CAAC,cAAc,CAAC;IAC7B,CAAC;IAED;;OAEG;IACH,aAAa;QACX,OAAO,IAAI,CAAC,UAAU,CAAC;IACzB,CAAC;CACF;AArDD,sBAqDC","sourcesContent":["type tipo_historico = (string | number)[][];\n\n/**\n * @class Grupo\n * @description Clase que representa un grupo de amigos\n * @param id Identificador del grupo\n * @param nombre Nombre del grupo\n * @param miembrosGrupo Usuarios que pertenecen al grupo\n * @param estadisticas Estadísticas del grupo\n * @param clasificacionUsuarios Clasificación de los usuarios del grupo\n * @param RutasFavoritas Rutas favoritas del grupo\n * @param historicos Historial de actividades del grupo\n */\nexport class Grupo{\n  constructor(private id: number, private nombre: string, private miembrosGrupo: number[],\n    private estadisticas: number[][], private clasificacionUsuarios: number[], private RutasFavoritas: number[], private historicos : tipo_historico ) {\n  }\n\n  /**\n   * @method GetId\n   */\n  GetId() {\n    return this.id;\n  }\n\n  /**\n   * @method GetNombre\n   */\n  GetNombre() {\n    return this.nombre;\n  }\n\n  /**\n   * @method GetMiembrosGrupo\n   */\n  GetMiembrosGrupo() {\n    return this.miembrosGrupo;\n  }\n\n  /**\n   * @method GetEstadisticas\n   */\n  GetEstadisticas() {\n    return this.estadisticas;\n  }\n\n  /**\n   * @method GetClasificacionUsuarios\n   */\n  GetClasificacionUsuarios() {\n    return this.clasificacionUsuarios;\n  }\n\n  /**\n   * @method GetRutasFavoritas\n   */\n  GetRutasFavoritas() {\n    return this.RutasFavoritas;\n  }\n\n  /**\n   * @method GetHistoricos\n   */\n  GetHistoricos() {\n    return this.historicos;\n  }\n}\n"]},"_coverageSchema":"1a1c01bbd47fc00a2c39e90264f33305004495a9","hash":"1b4453ddd5a589ac521cc56eb842a0d7714f8670","contentHash":"acfb145a890151bbd4a64cbd7925cc905b48cc859dfa70a9b2932bb70d9bc025"},"/home/usuario/ull-esit-inf-dsi-22-23-prct07-destravate-datamodel-grupoh/src/coleccionRetos.ts":{"path":"/home/usuario/ull-esit-inf-dsi-22-23-prct07-destravate-datamodel-grupoh/src/coleccionRetos.ts","statementMap":{"0":{"start":{"line":2,"column":0},"end":{"line":2,"column":62}},"1":{"start":{"line":3,"column":0},"end":{"line":3,"column":32}},"2":{"start":{"line":5,"column":19},"end":{"line":5,"column":21}},"3":{"start":{"line":8,"column":8},"end":{"line":8,"column":34}},"4":{"start":{"line":16,"column":8},"end":{"line":18,"column":9}},"5":{"start":{"line":17,"column":12},"end":{"line":17,"column":65}},"6":{"start":{"line":19,"column":8},"end":{"line":19,"column":45}},"7":{"start":{"line":27,"column":8},"end":{"line":27,"column":36}},"8":{"start":{"line":37,"column":8},"end":{"line":39,"column":9}},"9":{"start":{"line":37,"column":47},"end":{"line":37,"column":85}},"10":{"start":{"line":38,"column":12},"end":{"line":38,"column":29}},"11":{"start":{"line":40,"column":8},"end":{"line":40,"column":48}},"12":{"start":{"line":41,"column":8},"end":{"line":41,"column":28}},"13":{"start":{"line":50,"column":8},"end":{"line":52,"column":9}},"14":{"start":{"line":51,"column":12},"end":{"line":51,"column":19}},"15":{"start":{"line":53,"column":8},"end":{"line":53,"column":47}},"16":{"start":{"line":62,"column":21},"end":{"line":62,"column":77}},"17":{"start":{"line":62,"column":56},"end":{"line":62,"column":76}},"18":{"start":{"line":63,"column":8},"end":{"line":63,"column":20}},"19":{"start":{"line":71,"column":8},"end":{"line":71,"column":43}},"20":{"start":{"line":80,"column":21},"end":{"line":80,"column":85}},"21":{"start":{"line":80,"column":56},"end":{"line":80,"column":84}},"22":{"start":{"line":81,"column":8},"end":{"line":81,"column":20}},"23":{"start":{"line":90,"column":8},"end":{"line":92,"column":9}},"24":{"start":{"line":91,"column":12},"end":{"line":91,"column":29}},"25":{"start":{"line":93,"column":8},"end":{"line":93,"column":44}},"26":{"start":{"line":102,"column":8},"end":{"line":107,"column":9}},"27":{"start":{"line":103,"column":12},"end":{"line":103,"column":92}},"28":{"start":{"line":103,"column":48},"end":{"line":103,"column":90}},"29":{"start":{"line":106,"column":12},"end":{"line":106,"column":92}},"30":{"start":{"line":106,"column":48},"end":{"line":106,"column":90}},"31":{"start":{"line":117,"column":8},"end":{"line":122,"column":9}},"32":{"start":{"line":118,"column":12},"end":{"line":118,"column":85}},"33":{"start":{"line":118,"column":48},"end":{"line":118,"column":83}},"34":{"start":{"line":121,"column":12},"end":{"line":121,"column":85}},"35":{"start":{"line":121,"column":48},"end":{"line":121,"column":83}},"36":{"start":{"line":131,"column":8},"end":{"line":136,"column":9}},"37":{"start":{"line":132,"column":12},"end":{"line":132,"column":111}},"38":{"start":{"line":132,"column":48},"end":{"line":132,"column":109}},"39":{"start":{"line":135,"column":12},"end":{"line":135,"column":111}},"40":{"start":{"line":135,"column":48},"end":{"line":135,"column":109}},"41":{"start":{"line":139,"column":0},"end":{"line":139,"column":40}}},"fnMap":{"0":{"name":"(anonymous_0)","decl":{"start":{"line":7,"column":4},"end":{"line":7,"column":5}},"loc":{"start":{"line":7,"column":18},"end":{"line":9,"column":5}},"line":7},"1":{"name":"(anonymous_1)","decl":{"start":{"line":15,"column":4},"end":{"line":15,"column":5}},"loc":{"start":{"line":15,"column":25},"end":{"line":20,"column":5}},"line":15},"2":{"name":"(anonymous_2)","decl":{"start":{"line":26,"column":4},"end":{"line":26,"column":5}},"loc":{"start":{"line":26,"column":15},"end":{"line":28,"column":5}},"line":26},"3":{"name":"(anonymous_3)","decl":{"start":{"line":35,"column":4},"end":{"line":35,"column":5}},"loc":{"start":{"line":35,"column":26},"end":{"line":42,"column":5}},"line":35},"4":{"name":"(anonymous_4)","decl":{"start":{"line":37,"column":38},"end":{"line":37,"column":39}},"loc":{"start":{"line":37,"column":47},"end":{"line":37,"column":85}},"line":37},"5":{"name":"(anonymous_5)","decl":{"start":{"line":49,"column":4},"end":{"line":49,"column":5}},"loc":{"start":{"line":49,"column":23},"end":{"line":54,"column":5}},"line":49},"6":{"name":"(anonymous_6)","decl":{"start":{"line":61,"column":4},"end":{"line":61,"column":5}},"loc":{"start":{"line":61,"column":16},"end":{"line":64,"column":5}},"line":61},"7":{"name":"(anonymous_7)","decl":{"start":{"line":62,"column":47},"end":{"line":62,"column":48}},"loc":{"start":{"line":62,"column":56},"end":{"line":62,"column":76}},"line":62},"8":{"name":"(anonymous_8)","decl":{"start":{"line":70,"column":4},"end":{"line":70,"column":5}},"loc":{"start":{"line":70,"column":21},"end":{"line":72,"column":5}},"line":70},"9":{"name":"(anonymous_9)","decl":{"start":{"line":79,"column":4},"end":{"line":79,"column":5}},"loc":{"start":{"line":79,"column":29},"end":{"line":82,"column":5}},"line":79},"10":{"name":"(anonymous_10)","decl":{"start":{"line":80,"column":47},"end":{"line":80,"column":48}},"loc":{"start":{"line":80,"column":56},"end":{"line":80,"column":84}},"line":80},"11":{"name":"(anonymous_11)","decl":{"start":{"line":89,"column":4},"end":{"line":89,"column":5}},"loc":{"start":{"line":89,"column":30},"end":{"line":94,"column":5}},"line":89},"12":{"name":"(anonymous_12)","decl":{"start":{"line":101,"column":4},"end":{"line":101,"column":5}},"loc":{"start":{"line":101,"column":48},"end":{"line":108,"column":5}},"line":101},"13":{"name":"(anonymous_13)","decl":{"start":{"line":103,"column":38},"end":{"line":103,"column":39}},"loc":{"start":{"line":103,"column":48},"end":{"line":103,"column":90}},"line":103},"14":{"name":"(anonymous_14)","decl":{"start":{"line":106,"column":38},"end":{"line":106,"column":39}},"loc":{"start":{"line":106,"column":48},"end":{"line":106,"column":90}},"line":106},"15":{"name":"(anonymous_15)","decl":{"start":{"line":116,"column":4},"end":{"line":116,"column":5}},"loc":{"start":{"line":116,"column":50},"end":{"line":123,"column":5}},"line":116},"16":{"name":"(anonymous_16)","decl":{"start":{"line":118,"column":38},"end":{"line":118,"column":39}},"loc":{"start":{"line":118,"column":48},"end":{"line":118,"column":83}},"line":118},"17":{"name":"(anonymous_17)","decl":{"start":{"line":121,"column":38},"end":{"line":121,"column":39}},"loc":{"start":{"line":121,"column":48},"end":{"line":121,"column":83}},"line":121},"18":{"name":"(anonymous_18)","decl":{"start":{"line":130,"column":4},"end":{"line":130,"column":5}},"loc":{"start":{"line":130,"column":50},"end":{"line":137,"column":5}},"line":130},"19":{"name":"(anonymous_19)","decl":{"start":{"line":132,"column":38},"end":{"line":132,"column":39}},"loc":{"start":{"line":132,"column":48},"end":{"line":132,"column":109}},"line":132},"20":{"name":"(anonymous_20)","decl":{"start":{"line":135,"column":38},"end":{"line":135,"column":39}},"loc":{"start":{"line":135,"column":48},"end":{"line":135,"column":109}},"line":135}},"branchMap":{"0":{"loc":{"start":{"line":16,"column":8},"end":{"line":18,"column":9}},"type":"if","locations":[{"start":{"line":16,"column":8},"end":{"line":18,"column":9}},{"start":{"line":16,"column":8},"end":{"line":18,"column":9}}],"line":16},"1":{"loc":{"start":{"line":37,"column":8},"end":{"line":39,"column":9}},"type":"if","locations":[{"start":{"line":37,"column":8},"end":{"line":39,"column":9}},{"start":{"line":37,"column":8},"end":{"line":39,"column":9}}],"line":37},"2":{"loc":{"start":{"line":50,"column":8},"end":{"line":52,"column":9}},"type":"if","locations":[{"start":{"line":50,"column":8},"end":{"line":52,"column":9}},{"start":{"line":50,"column":8},"end":{"line":52,"column":9}}],"line":50},"3":{"loc":{"start":{"line":50,"column":12},"end":{"line":50,"column":63}},"type":"binary-expr","locations":[{"start":{"line":50,"column":12},"end":{"line":50,"column":22}},{"start":{"line":50,"column":26},"end":{"line":50,"column":63}}],"line":50},"4":{"loc":{"start":{"line":90,"column":8},"end":{"line":92,"column":9}},"type":"if","locations":[{"start":{"line":90,"column":8},"end":{"line":92,"column":9}},{"start":{"line":90,"column":8},"end":{"line":92,"column":9}}],"line":90},"5":{"loc":{"start":{"line":90,"column":12},"end":{"line":90,"column":63}},"type":"binary-expr","locations":[{"start":{"line":90,"column":12},"end":{"line":90,"column":22}},{"start":{"line":90,"column":26},"end":{"line":90,"column":63}}],"line":90},"6":{"loc":{"start":{"line":102,"column":8},"end":{"line":107,"column":9}},"type":"if","locations":[{"start":{"line":102,"column":8},"end":{"line":107,"column":9}},{"start":{"line":102,"column":8},"end":{"line":107,"column":9}}],"line":102},"7":{"loc":{"start":{"line":117,"column":8},"end":{"line":122,"column":9}},"type":"if","locations":[{"start":{"line":117,"column":8},"end":{"line":122,"column":9}},{"start":{"line":117,"column":8},"end":{"line":122,"column":9}}],"line":117},"8":{"loc":{"start":{"line":131,"column":8},"end":{"line":136,"column":9}},"type":"if","locations":[{"start":{"line":131,"column":8},"end":{"line":136,"column":9}},{"start":{"line":131,"column":8},"end":{"line":136,"column":9}}],"line":131}},"s":{"0":1,"1":1,"2":1,"3":1,"4":2,"5":1,"6":2,"7":6,"8":4,"9":2,"10":1,"11":3,"12":3,"13":2,"14":1,"15":1,"16":2,"17":2,"18":2,"19":3,"20":1,"21":1,"22":1,"23":2,"24":1,"25":1,"26":2,"27":1,"28":1,"29":1,"30":1,"31":2,"32":1,"33":1,"34":1,"35":1,"36":2,"37":1,"38":1,"39":1,"40":1,"41":1},"f":{"0":1,"1":2,"2":6,"3":4,"4":2,"5":2,"6":2,"7":2,"8":3,"9":1,"10":1,"11":2,"12":2,"13":1,"14":1,"15":2,"16":1,"17":1,"18":2,"19":1,"20":1},"b":{"0":[1,1],"1":[1,3],"2":[1,1],"3":[2,1],"4":[1,1],"5":[2,1],"6":[1,1],"7":[1,1],"8":[1,1]},"inputSourceMap":{"version":3,"file":"/home/usuario/ull-esit-inf-dsi-22-23-prct07-destravate-datamodel-grupoh/src/coleccionRetos.ts","sources":["/home/usuario/ull-esit-inf-dsi-22-23-prct07-destravate-datamodel-grupoh/src/coleccionRetos.ts"],"names":[],"mappings":";;;AAGA,MAAa,cAAc;IACjB,MAAM,CAAC,KAAK,GAAW,EAAE,CAAC;IAC1B,MAAM,CAAC,cAAc,CAAiB;IAC9C;QACE,cAAc,CAAC,KAAK,GAAG,EAAE,CAAC;IAC5B,CAAC;IAED;;;;OAIG;IACI,MAAM,CAAC,WAAW;QACvB,IAAI,CAAC,cAAc,CAAC,cAAc,EAAE;YAClC,cAAc,CAAC,cAAc,GAAG,IAAI,cAAc,EAAE,CAAC;SACtD;QACD,OAAO,cAAc,CAAC,cAAc,CAAC;IACvC,CAAC;IAED;;;;OAIG;IACH,QAAQ;QACN,OAAO,cAAc,CAAC,KAAK,CAAC;IAC9B,CAAC;IAED;;;;;OAKG;IACH,OAAO,CAAC,YAAkB;QACxB,iDAAiD;QACjD,IAAI,cAAc,CAAC,KAAK,CAAC,IAAI,CAAC,KAAK,CAAC,EAAE,CAAC,YAAY,CAAC,KAAK,EAAE,KAAK,KAAK,CAAC,KAAK,EAAE,CAAC,EAAE;YAC9E,OAAO,SAAS,CAAC;SAClB;QACD,cAAc,CAAC,KAAK,CAAC,IAAI,CAAC,YAAY,CAAC,CAAC;QACxC,OAAO,YAAY,CAAC;IACtB,CAAC;IAED;;;;;OAKG;IACH,UAAU,CAAC,MAAc;QACvB,IAAI,MAAM,GAAG,CAAC,IAAI,MAAM,IAAI,cAAc,CAAC,KAAK,CAAC,MAAM,EAAE;YACvD,OAAO;SACR;QACD,cAAc,CAAC,KAAK,CAAC,MAAM,CAAC,MAAM,EAAE,CAAC,CAAC,CAAC;IACzC,CAAC;IAED;;;;;OAKG;IACH,OAAO,CAAC,EAAU;QAChB,MAAM,IAAI,GAAG,cAAc,CAAC,KAAK,CAAC,IAAI,CAAC,KAAK,CAAC,EAAE,CAAC,KAAK,CAAC,KAAK,EAAE,KAAK,EAAE,CAAC,CAAC;QACtE,OAAO,IAAI,CAAC;IACd,CAAC;IAED;;;;MAIE;IACF,cAAc;QACZ,OAAO,cAAc,CAAC,KAAK,CAAC,MAAM,CAAC;IACrC,CAAC;IAED;;;;;OAKG;IACH,gBAAgB,CAAC,MAAc;QAC7B,MAAM,IAAI,GAAG,cAAc,CAAC,KAAK,CAAC,IAAI,CAAC,KAAK,CAAC,EAAE,CAAC,KAAK,CAAC,SAAS,EAAE,KAAK,MAAM,CAAC,CAAC;QAC9E,OAAO,IAAI,CAAC;IACd,CAAC;IAED;;;;;OAKG;IACH,iBAAiB,CAAC,MAAc;QAC9B,IAAI,MAAM,GAAG,CAAC,IAAI,MAAM,IAAI,cAAc,CAAC,KAAK,CAAC,MAAM,EAAE;YACvD,OAAO,SAAS,CAAC;SAClB;QACD,OAAO,cAAc,CAAC,KAAK,CAAC,MAAM,CAAC,CAAC;IACtC,CAAC;IAED;;;;;QAKI;IACJ,+BAA+B,CAAC,UAAmB;QACjD,IAAI,UAAU,EAAE;YACd,cAAc,CAAC,KAAK,CAAC,IAAI,CAAC,CAAC,CAAC,EAAE,CAAC,EAAE,EAAE,CAAC,CAAC,CAAC,SAAS,EAAE,CAAC,aAAa,CAAC,CAAC,CAAC,SAAS,EAAE,CAAC,CAAC,CAAC;SACjF;aAAM;YACL,cAAc,CAAC,KAAK,CAAC,IAAI,CAAC,CAAC,CAAC,EAAE,CAAC,EAAE,EAAE,CAAC,CAAC,CAAC,SAAS,EAAE,CAAC,aAAa,CAAC,CAAC,CAAC,SAAS,EAAE,CAAC,CAAC,CAAC;SACjF;IACH,CAAC;IAED;;;;;;OAMG;IACH,iCAAiC,CAAC,UAAmB;QACnD,IAAI,UAAU,EAAE;YACd,cAAc,CAAC,KAAK,CAAC,IAAI,CAAC,CAAC,CAAC,EAAE,CAAC,EAAE,EAAE,CAAC,CAAC,CAAC,YAAY,EAAE,GAAG,CAAC,CAAC,YAAY,EAAE,CAAC,CAAC;SAC1E;aAAM;YACL,cAAc,CAAC,KAAK,CAAC,IAAI,CAAC,CAAC,CAAC,EAAE,CAAC,EAAE,EAAE,CAAC,CAAC,CAAC,YAAY,EAAE,GAAG,CAAC,CAAC,YAAY,EAAE,CAAC,CAAC;SAC1E;IACH,CAAC;IAED;;;;;MAKE;IACF,iCAAiC,CAAC,UAAmB;QACnD,IAAI,UAAU,EAAE;YACd,cAAc,CAAC,KAAK,CAAC,IAAI,CAAC,CAAC,CAAC,EAAE,CAAC,EAAE,EAAE,CAAC,CAAC,CAAC,kBAAkB,EAAE,CAAC,MAAM,GAAG,CAAC,CAAC,kBAAkB,EAAE,CAAC,MAAM,CAAC,CAAC;SACpG;aAAM;YACL,cAAc,CAAC,KAAK,CAAC,IAAI,CAAC,CAAC,CAAC,EAAE,CAAC,EAAE,EAAE,CAAC,CAAC,CAAC,kBAAkB,EAAE,CAAC,MAAM,GAAG,CAAC,CAAC,kBAAkB,EAAE,CAAC,MAAM,CAAC,CAAC;SACpG;IACH,CAAC;;AA7IH,wCA8IC","sourcesContent":["import { Reto } from './reto';\nimport { metodos_retos } from './metodosRetos';\n\nexport class ColeccionRetos implements metodos_retos {\n  private static retos: Reto[] = [];\n  private static ColeccionRetos: ColeccionRetos;\n  private constructor() {\n    ColeccionRetos.retos = [];\n  }\n\n  /**\n   * Método que devuelve una instancia de la clase ColeccionRetos\n   * @method getInstance\n   * @returns ColeccionRetos\n   */\n  public static getInstance(): ColeccionRetos {\n    if (!ColeccionRetos.ColeccionRetos) {\n      ColeccionRetos.ColeccionRetos = new ColeccionRetos();\n    }\n    return ColeccionRetos.ColeccionRetos;\n  }\n\n  /**\n   * Método que devuelve un array de retos\n   * @method getRetos\n   * @returns Reto[]\n   */\n  getRetos(): Reto[] {\n    return ColeccionRetos.retos;\n  }\n\n  /**\n   * Método que añade un reto al array de retos\n   * @method addReto\n   * @param reto\n   * @returns void\n   */\n  addReto(reto_entrada: Reto) : Reto | undefined{\n    //Comrpobar que no existe un reto con el mismo id\n    if (ColeccionRetos.retos.find(Retos => reto_entrada.GetId() === Retos.GetId())) {\n      return undefined;\n    }\n    ColeccionRetos.retos.push(reto_entrada);\n    return reto_entrada;\n  }\n\n  /**\n   * Método que elimina un reto del array de retos\n   * @method deleteReto\n   * @param indice\n   * @returns void\n   */\n  deleteReto(indice: number): void {\n    if (indice < 0 || indice >= ColeccionRetos.retos.length) {\n      return;\n    }\n    ColeccionRetos.retos.splice(indice, 1);\n  }\n\n  /**\n   * Método que devuelve un reto a partir de su id\n   * @method getReto\n   * @param id\n   * @returns Reto | undefined\n   */\n  getReto(id: number): Reto | undefined {\n    const reto = ColeccionRetos.retos.find(Retos => Retos.GetId() === id);\n    return reto;\n  }\n\n  /**\n   * Método que devuelve el numero de retos\n   * @method getNumeroRetos\n   * @returns number\n  */\n  getNumeroRetos(): number {\n    return ColeccionRetos.retos.length;\n  }\n\n  /**\n   * Método que devuelve un reto a partir de su nombre\n   * @method getRetoPorNombre\n   * @param nombre\n   * @returns Reto | undefined\n   */\n  getRetoPorNombre(nombre: string): Reto | undefined {\n    const reto = ColeccionRetos.retos.find(Retos => Retos.GetNombre() === nombre);\n    return reto;\n  }\n\n  /**\n   * Método que devuelve un array de retos a partir de su indice\n   * @method getRetosPorIndice\n   * @param indice\n   * @returns Reto | undefined\n   */\n  getRetosPorIndice(indice: number): Reto | undefined {\n    if (indice < 0 || indice >= ColeccionRetos.retos.length) {\n      return undefined;\n    }\n    return ColeccionRetos.retos[indice];\n  }\n\n  /**\n   * Método que ordena el array de retos alfabéticamente, de forma ascendente o descendente según el parámetro\n    * @method ordenarRetosPorNombreAlfabetico\n    * @param ascendente\n    * @returns void\n    */\n  ordenarRetosPorNombreAlfabetico(ascendente: boolean): void {\n    if (ascendente) {\n      ColeccionRetos.retos.sort((a, b) => a.GetNombre().localeCompare(b.GetNombre()));\n    } else {\n      ColeccionRetos.retos.sort((a, b) => b.GetNombre().localeCompare(a.GetNombre()));\n    }\n  }\n\n  /**\n   * Método que ordena el array de retos por distancia recorrida, de forma ascendente o descendente según el parámetro\n   * @method ordenarRetosPorDistanciaRecorrida\n   * @param ascendente\n   * @param periodo\n   * @returns void\n   */\n  ordenarRetosPorDistanciaRecorrida(ascendente: boolean): void {\n    if (ascendente) {\n      ColeccionRetos.retos.sort((a, b) => a.GetKmTotales() - b.GetKmTotales());\n    } else {\n      ColeccionRetos.retos.sort((a, b) => b.GetKmTotales() - a.GetKmTotales());\n    }\n  }\n\n  /**\n   * Método que ordena el array de retos por cantidad de usuarios, de forma ascendente o descendente según el parámetro\n   * @method ordenarRetosPorCantidadDeUsuarios\n   * @param ascendente\n   * @returns void\n  */\n  ordenarRetosPorCantidadDeUsuarios(ascendente: boolean): void {\n    if (ascendente) {\n      ColeccionRetos.retos.sort((a, b) => a.GetUsuariosActivos().length - b.GetUsuariosActivos().length);\n    } else {\n      ColeccionRetos.retos.sort((a, b) => b.GetUsuariosActivos().length - a.GetUsuariosActivos().length);\n    }\n  }\n}\n"]},"_coverageSchema":"1a1c01bbd47fc00a2c39e90264f33305004495a9","hash":"c6bf9d10289f09b31a5f372014dc55be0f916520","contentHash":"a18cf885407c75c402b736e35f39f9ef9a789ed0b0428ca93c1ab2f016452461"},"/home/usuario/ull-esit-inf-dsi-22-23-prct07-destravate-datamodel-grupoh/src/reto.ts":{"path":"/home/usuario/ull-esit-inf-dsi-22-23-prct07-destravate-datamodel-grupoh/src/reto.ts","statementMap":{"0":{"start":{"line":2,"column":0},"end":{"line":2,"column":62}},"1":{"start":{"line":3,"column":0},"end":{"line":3,"column":22}},"2":{"start":{"line":12,"column":8},"end":{"line":12,"column":21}},"3":{"start":{"line":13,"column":8},"end":{"line":13,"column":29}},"4":{"start":{"line":14,"column":8},"end":{"line":14,"column":45}},"5":{"start":{"line":15,"column":8},"end":{"line":15,"column":25}},"6":{"start":{"line":16,"column":8},"end":{"line":16,"column":35}},"7":{"start":{"line":17,"column":8},"end":{"line":17,"column":47}},"8":{"start":{"line":23,"column":8},"end":{"line":23,"column":23}},"9":{"start":{"line":29,"column":8},"end":{"line":29,"column":27}},"10":{"start":{"line":35,"column":8},"end":{"line":35,"column":35}},"11":{"start":{"line":41,"column":8},"end":{"line":41,"column":25}},"12":{"start":{"line":47,"column":8},"end":{"line":47,"column":30}},"13":{"start":{"line":53,"column":8},"end":{"line":53,"column":36}},"14":{"start":{"line":56,"column":0},"end":{"line":56,"column":20}}},"fnMap":{"0":{"name":"(anonymous_0)","decl":{"start":{"line":11,"column":4},"end":{"line":11,"column":5}},"loc":{"start":{"line":11,"column":78},"end":{"line":18,"column":5}},"line":11},"1":{"name":"(anonymous_1)","decl":{"start":{"line":22,"column":4},"end":{"line":22,"column":5}},"loc":{"start":{"line":22,"column":12},"end":{"line":24,"column":5}},"line":22},"2":{"name":"(anonymous_2)","decl":{"start":{"line":28,"column":4},"end":{"line":28,"column":5}},"loc":{"start":{"line":28,"column":16},"end":{"line":30,"column":5}},"line":28},"3":{"name":"(anonymous_3)","decl":{"start":{"line":34,"column":4},"end":{"line":34,"column":5}},"loc":{"start":{"line":34,"column":24},"end":{"line":36,"column":5}},"line":34},"4":{"name":"(anonymous_4)","decl":{"start":{"line":40,"column":4},"end":{"line":40,"column":5}},"loc":{"start":{"line":40,"column":14},"end":{"line":42,"column":5}},"line":40},"5":{"name":"(anonymous_5)","decl":{"start":{"line":46,"column":4},"end":{"line":46,"column":5}},"loc":{"start":{"line":46,"column":19},"end":{"line":48,"column":5}},"line":46},"6":{"name":"(anonymous_6)","decl":{"start":{"line":52,"column":4},"end":{"line":52,"column":5}},"loc":{"start":{"line":52,"column":25},"end":{"line":54,"column":5}},"line":52}},"branchMap":{},"s":{"0":1,"1":1,"2":4,"3":4,"4":4,"5":4,"6":4,"7":4,"8":7,"9":6,"10":1,"11":1,"12":5,"13":5,"14":1},"f":{"0":4,"1":7,"2":6,"3":1,"4":1,"5":5,"6":5},"b":{},"inputSourceMap":{"version":3,"file":"/home/usuario/ull-esit-inf-dsi-22-23-prct07-destravate-datamodel-grupoh/src/reto.ts","sources":["/home/usuario/ull-esit-inf-dsi-22-23-prct07-destravate-datamodel-grupoh/src/reto.ts"],"names":[],"mappings":";;;AAAA,MAAa,IAAI;IACK;IAAoB;IAAwB;IAAkC;IACxF;IAA2B;IADrC,YAAoB,EAAU,EAAU,MAAc,EAAU,cAAwB,EAAU,IAAY,EACpG,SAAiB,EAAU,eAAyB;QAD1C,OAAE,GAAF,EAAE,CAAQ;QAAU,WAAM,GAAN,MAAM,CAAQ;QAAU,mBAAc,GAAd,cAAc,CAAU;QAAU,SAAI,GAAJ,IAAI,CAAQ;QACpG,cAAS,GAAT,SAAS,CAAQ;QAAU,oBAAe,GAAf,eAAe,CAAU;IAC9D,CAAC;IACD;;OAEG;IACH,KAAK;QACH,OAAO,IAAI,CAAC,EAAE,CAAC;IACjB,CAAC;IACD;;OAEG;IACH,SAAS;QACP,OAAO,IAAI,CAAC,MAAM,CAAC;IACrB,CAAC;IACD;;OAEG;IACH,iBAAiB;QACf,OAAO,IAAI,CAAC,cAAc,CAAC;IAC7B,CAAC;IACD;;OAEG;IACH,OAAO;QACL,OAAO,IAAI,CAAC,IAAI,CAAC;IACnB,CAAC;IACD;;OAEG;IACH,YAAY;QACV,OAAO,IAAI,CAAC,SAAS,CAAC;IACxB,CAAC;IACD;;OAEG;IACH,kBAAkB;QAChB,OAAO,IAAI,CAAC,eAAe,CAAC;IAC9B,CAAC;CACF;AAxCD,oBAwCC","sourcesContent":["export class Reto{\n  constructor(private id: number, private nombre: string, private rutasFormantes: string[], private tipo: number,\n    private kmTotales: number, private UsuariosActivos: number[]) {\n  }\n  /**\n   * @method GetId\n   */\n  GetId() {\n    return this.id;\n  }\n  /**\n   * @method GetNombre\n   */\n  GetNombre() {\n    return this.nombre;\n  }\n  /**\n   * @method GetRutasFormantes\n   */\n  GetRutasFormantes() {\n    return this.rutasFormantes;\n  }\n  /**\n   * @method GetTipo\n   */\n  GetTipo() {\n    return this.tipo;\n  }\n  /**\n   * @method GetKmTotales\n   */\n  GetKmTotales() {\n    return this.kmTotales;\n  }\n  /**\n   * @method GetUsuariosActivos\n   */\n  GetUsuariosActivos() {\n    return this.UsuariosActivos;\n  }\n}\n"]},"_coverageSchema":"1a1c01bbd47fc00a2c39e90264f33305004495a9","hash":"906d583ec1c81609e17ab4e2813895b7cec6624e","contentHash":"600c12ab5f5247a29e2edcad82734521a8a5501b3f14a48743a0d03b1af0d88b"},"/home/usuario/ull-esit-inf-dsi-22-23-prct07-destravate-datamodel-grupoh/src/coleccionRutas.ts":{"path":"/home/usuario/ull-esit-inf-dsi-22-23-prct07-destravate-datamodel-grupoh/src/coleccionRutas.ts","statementMap":{"0":{"start":{"line":2,"column":0},"end":{"line":2,"column":62}},"1":{"start":{"line":3,"column":0},"end":{"line":3,"column":32}},"2":{"start":{"line":15,"column":19},"end":{"line":15,"column":21}},"3":{"start":{"line":18,"column":8},"end":{"line":18,"column":34}},"4":{"start":{"line":26,"column":8},"end":{"line":28,"column":9}},"5":{"start":{"line":27,"column":12},"end":{"line":27,"column":65}},"6":{"start":{"line":29,"column":8},"end":{"line":29,"column":45}},"7":{"start":{"line":37,"column":8},"end":{"line":37,"column":36}},"8":{"start":{"line":47,"column":8},"end":{"line":49,"column":9}},"9":{"start":{"line":47,"column":46},"end":{"line":47,"column":83}},"10":{"start":{"line":48,"column":12},"end":{"line":48,"column":29}},"11":{"start":{"line":50,"column":8},"end":{"line":50,"column":48}},"12":{"start":{"line":51,"column":8},"end":{"line":51,"column":28}},"13":{"start":{"line":60,"column":8},"end":{"line":62,"column":9}},"14":{"start":{"line":61,"column":12},"end":{"line":61,"column":19}},"15":{"start":{"line":63,"column":8},"end":{"line":63,"column":47}},"16":{"start":{"line":72,"column":21},"end":{"line":72,"column":75}},"17":{"start":{"line":72,"column":55},"end":{"line":72,"column":74}},"18":{"start":{"line":73,"column":8},"end":{"line":73,"column":20}},"19":{"start":{"line":81,"column":8},"end":{"line":81,"column":43}},"20":{"start":{"line":90,"column":21},"end":{"line":90,"column":83}},"21":{"start":{"line":90,"column":55},"end":{"line":90,"column":82}},"22":{"start":{"line":91,"column":8},"end":{"line":91,"column":20}},"23":{"start":{"line":100,"column":8},"end":{"line":102,"column":9}},"24":{"start":{"line":101,"column":12},"end":{"line":101,"column":29}},"25":{"start":{"line":103,"column":8},"end":{"line":103,"column":44}},"26":{"start":{"line":112,"column":8},"end":{"line":117,"column":9}},"27":{"start":{"line":113,"column":12},"end":{"line":113,"column":92}},"28":{"start":{"line":113,"column":48},"end":{"line":113,"column":90}},"29":{"start":{"line":116,"column":12},"end":{"line":116,"column":92}},"30":{"start":{"line":116,"column":48},"end":{"line":116,"column":90}},"31":{"start":{"line":125,"column":8},"end":{"line":130,"column":9}},"32":{"start":{"line":126,"column":12},"end":{"line":126,"column":97}},"33":{"start":{"line":126,"column":48},"end":{"line":126,"column":95}},"34":{"start":{"line":129,"column":12},"end":{"line":129,"column":97}},"35":{"start":{"line":129,"column":48},"end":{"line":129,"column":95}},"36":{"start":{"line":138,"column":8},"end":{"line":143,"column":9}},"37":{"start":{"line":139,"column":12},"end":{"line":139,"column":83}},"38":{"start":{"line":139,"column":48},"end":{"line":139,"column":81}},"39":{"start":{"line":142,"column":12},"end":{"line":142,"column":83}},"40":{"start":{"line":142,"column":48},"end":{"line":142,"column":81}},"41":{"start":{"line":151,"column":8},"end":{"line":156,"column":9}},"42":{"start":{"line":152,"column":12},"end":{"line":152,"column":91}},"43":{"start":{"line":152,"column":48},"end":{"line":152,"column":89}},"44":{"start":{"line":155,"column":12},"end":{"line":155,"column":91}},"45":{"start":{"line":155,"column":48},"end":{"line":155,"column":89}},"46":{"start":{"line":164,"column":8},"end":{"line":169,"column":9}},"47":{"start":{"line":165,"column":12},"end":{"line":165,"column":85}},"48":{"start":{"line":165,"column":48},"end":{"line":165,"column":83}},"49":{"start":{"line":168,"column":12},"end":{"line":168,"column":85}},"50":{"start":{"line":168,"column":48},"end":{"line":168,"column":83}},"51":{"start":{"line":172,"column":0},"end":{"line":172,"column":40}}},"fnMap":{"0":{"name":"(anonymous_0)","decl":{"start":{"line":17,"column":4},"end":{"line":17,"column":5}},"loc":{"start":{"line":17,"column":18},"end":{"line":19,"column":5}},"line":17},"1":{"name":"(anonymous_1)","decl":{"start":{"line":25,"column":4},"end":{"line":25,"column":5}},"loc":{"start":{"line":25,"column":25},"end":{"line":30,"column":5}},"line":25},"2":{"name":"(anonymous_2)","decl":{"start":{"line":36,"column":4},"end":{"line":36,"column":5}},"loc":{"start":{"line":36,"column":15},"end":{"line":38,"column":5}},"line":36},"3":{"name":"(anonymous_3)","decl":{"start":{"line":45,"column":4},"end":{"line":45,"column":5}},"loc":{"start":{"line":45,"column":26},"end":{"line":52,"column":5}},"line":45},"4":{"name":"(anonymous_4)","decl":{"start":{"line":47,"column":38},"end":{"line":47,"column":39}},"loc":{"start":{"line":47,"column":46},"end":{"line":47,"column":83}},"line":47},"5":{"name":"(anonymous_5)","decl":{"start":{"line":59,"column":4},"end":{"line":59,"column":5}},"loc":{"start":{"line":59,"column":23},"end":{"line":64,"column":5}},"line":59},"6":{"name":"(anonymous_6)","decl":{"start":{"line":71,"column":4},"end":{"line":71,"column":5}},"loc":{"start":{"line":71,"column":16},"end":{"line":74,"column":5}},"line":71},"7":{"name":"(anonymous_7)","decl":{"start":{"line":72,"column":47},"end":{"line":72,"column":48}},"loc":{"start":{"line":72,"column":55},"end":{"line":72,"column":74}},"line":72},"8":{"name":"(anonymous_8)","decl":{"start":{"line":80,"column":4},"end":{"line":80,"column":5}},"loc":{"start":{"line":80,"column":21},"end":{"line":82,"column":5}},"line":80},"9":{"name":"(anonymous_9)","decl":{"start":{"line":89,"column":4},"end":{"line":89,"column":5}},"loc":{"start":{"line":89,"column":29},"end":{"line":92,"column":5}},"line":89},"10":{"name":"(anonymous_10)","decl":{"start":{"line":90,"column":47},"end":{"line":90,"column":48}},"loc":{"start":{"line":90,"column":55},"end":{"line":90,"column":82}},"line":90},"11":{"name":"(anonymous_11)","decl":{"start":{"line":99,"column":4},"end":{"line":99,"column":5}},"loc":{"start":{"line":99,"column":20},"end":{"line":104,"column":5}},"line":99},"12":{"name":"(anonymous_12)","decl":{"start":{"line":111,"column":4},"end":{"line":111,"column":5}},"loc":{"start":{"line":111,"column":48},"end":{"line":118,"column":5}},"line":111},"13":{"name":"(anonymous_13)","decl":{"start":{"line":113,"column":38},"end":{"line":113,"column":39}},"loc":{"start":{"line":113,"column":48},"end":{"line":113,"column":90}},"line":113},"14":{"name":"(anonymous_14)","decl":{"start":{"line":116,"column":38},"end":{"line":116,"column":39}},"loc":{"start":{"line":116,"column":48},"end":{"line":116,"column":90}},"line":116},"15":{"name":"(anonymous_15)","decl":{"start":{"line":124,"column":4},"end":{"line":124,"column":5}},"loc":{"start":{"line":124,"column":48},"end":{"line":131,"column":5}},"line":124},"16":{"name":"(anonymous_16)","decl":{"start":{"line":126,"column":38},"end":{"line":126,"column":39}},"loc":{"start":{"line":126,"column":48},"end":{"line":126,"column":95}},"line":126},"17":{"name":"(anonymous_17)","decl":{"start":{"line":129,"column":38},"end":{"line":129,"column":39}},"loc":{"start":{"line":129,"column":48},"end":{"line":129,"column":95}},"line":129},"18":{"name":"(anonymous_18)","decl":{"start":{"line":137,"column":4},"end":{"line":137,"column":5}},"loc":{"start":{"line":137,"column":41},"end":{"line":144,"column":5}},"line":137},"19":{"name":"(anonymous_19)","decl":{"start":{"line":139,"column":38},"end":{"line":139,"column":39}},"loc":{"start":{"line":139,"column":48},"end":{"line":139,"column":81}},"line":139},"20":{"name":"(anonymous_20)","decl":{"start":{"line":142,"column":38},"end":{"line":142,"column":39}},"loc":{"start":{"line":142,"column":48},"end":{"line":142,"column":81}},"line":142},"21":{"name":"(anonymous_21)","decl":{"start":{"line":150,"column":4},"end":{"line":150,"column":5}},"loc":{"start":{"line":150,"column":49},"end":{"line":157,"column":5}},"line":150},"22":{"name":"(anonymous_22)","decl":{"start":{"line":152,"column":38},"end":{"line":152,"column":39}},"loc":{"start":{"line":152,"column":48},"end":{"line":152,"column":89}},"line":152},"23":{"name":"(anonymous_23)","decl":{"start":{"line":155,"column":38},"end":{"line":155,"column":39}},"loc":{"start":{"line":155,"column":48},"end":{"line":155,"column":89}},"line":155},"24":{"name":"(anonymous_24)","decl":{"start":{"line":163,"column":4},"end":{"line":163,"column":5}},"loc":{"start":{"line":163,"column":41},"end":{"line":170,"column":5}},"line":163},"25":{"name":"(anonymous_25)","decl":{"start":{"line":165,"column":38},"end":{"line":165,"column":39}},"loc":{"start":{"line":165,"column":48},"end":{"line":165,"column":83}},"line":165},"26":{"name":"(anonymous_26)","decl":{"start":{"line":168,"column":38},"end":{"line":168,"column":39}},"loc":{"start":{"line":168,"column":48},"end":{"line":168,"column":83}},"line":168}},"branchMap":{"0":{"loc":{"start":{"line":26,"column":8},"end":{"line":28,"column":9}},"type":"if","locations":[{"start":{"line":26,"column":8},"end":{"line":28,"column":9}},{"start":{"line":26,"column":8},"end":{"line":28,"column":9}}],"line":26},"1":{"loc":{"start":{"line":47,"column":8},"end":{"line":49,"column":9}},"type":"if","locations":[{"start":{"line":47,"column":8},"end":{"line":49,"column":9}},{"start":{"line":47,"column":8},"end":{"line":49,"column":9}}],"line":47},"2":{"loc":{"start":{"line":60,"column":8},"end":{"line":62,"column":9}},"type":"if","locations":[{"start":{"line":60,"column":8},"end":{"line":62,"column":9}},{"start":{"line":60,"column":8},"end":{"line":62,"column":9}}],"line":60},"3":{"loc":{"start":{"line":60,"column":12},"end":{"line":60,"column":63}},"type":"binary-expr","locations":[{"start":{"line":60,"column":12},"end":{"line":60,"column":22}},{"start":{"line":60,"column":26},"end":{"line":60,"column":63}}],"line":60},"4":{"loc":{"start":{"line":100,"column":8},"end":{"line":102,"column":9}},"type":"if","locations":[{"start":{"line":100,"column":8},"end":{"line":102,"column":9}},{"start":{"line":100,"column":8},"end":{"line":102,"column":9}}],"line":100},"5":{"loc":{"start":{"line":100,"column":12},"end":{"line":100,"column":63}},"type":"binary-expr","locations":[{"start":{"line":100,"column":12},"end":{"line":100,"column":22}},{"start":{"line":100,"column":26},"end":{"line":100,"column":63}}],"line":100},"6":{"loc":{"start":{"line":112,"column":8},"end":{"line":117,"column":9}},"type":"if","locations":[{"start":{"line":112,"column":8},"end":{"line":117,"column":9}},{"start":{"line":112,"column":8},"end":{"line":117,"column":9}}],"line":112},"7":{"loc":{"start":{"line":125,"column":8},"end":{"line":130,"column":9}},"type":"if","locations":[{"start":{"line":125,"column":8},"end":{"line":130,"column":9}},{"start":{"line":125,"column":8},"end":{"line":130,"column":9}}],"line":125},"8":{"loc":{"start":{"line":138,"column":8},"end":{"line":143,"column":9}},"type":"if","locations":[{"start":{"line":138,"column":8},"end":{"line":143,"column":9}},{"start":{"line":138,"column":8},"end":{"line":143,"column":9}}],"line":138},"9":{"loc":{"start":{"line":151,"column":8},"end":{"line":156,"column":9}},"type":"if","locations":[{"start":{"line":151,"column":8},"end":{"line":156,"column":9}},{"start":{"line":151,"column":8},"end":{"line":156,"column":9}}],"line":151},"10":{"loc":{"start":{"line":164,"column":8},"end":{"line":169,"column":9}},"type":"if","locations":[{"start":{"line":164,"column":8},"end":{"line":169,"column":9}},{"start":{"line":164,"column":8},"end":{"line":169,"column":9}}],"line":164}},"s":{"0":1,"1":1,"2":1,"3":1,"4":2,"5":1,"6":2,"7":11,"8":4,"9":3,"10":1,"11":3,"12":3,"13":2,"14":1,"15":1,"16":2,"17":2,"18":2,"19":3,"20":1,"21":1,"22":1,"23":2,"24":1,"25":1,"26":2,"27":1,"28":1,"29":1,"30":1,"31":2,"32":1,"33":1,"34":1,"35":1,"36":2,"37":1,"38":1,"39":1,"40":1,"41":2,"42":1,"43":1,"44":1,"45":1,"46":2,"47":1,"48":1,"49":1,"50":1,"51":1},"f":{"0":1,"1":2,"2":11,"3":4,"4":3,"5":2,"6":2,"7":2,"8":3,"9":1,"10":1,"11":2,"12":2,"13":1,"14":1,"15":2,"16":1,"17":1,"18":2,"19":1,"20":1,"21":2,"22":1,"23":1,"24":2,"25":1,"26":1},"b":{"0":[1,1],"1":[1,3],"2":[1,1],"3":[2,1],"4":[1,1],"5":[2,1],"6":[1,1],"7":[1,1],"8":[1,1],"9":[1,1],"10":[1,1]},"inputSourceMap":{"version":3,"file":"/home/usuario/ull-esit-inf-dsi-22-23-prct07-destravate-datamodel-grupoh/src/coleccionRutas.ts","sources":["/home/usuario/ull-esit-inf-dsi-22-23-prct07-destravate-datamodel-grupoh/src/coleccionRutas.ts"],"names":[],"mappings":";;;AAGA;;;;;;;;;GASG;AACH,MAAa,cAAc;IACjB,MAAM,CAAC,KAAK,GAAW,EAAE,CAAC;IAC1B,MAAM,CAAC,cAAc,CAAiB;IAC9C;QACE,cAAc,CAAC,KAAK,GAAG,EAAE,CAAC;IAC5B,CAAC;IACD;;;;OAIG;IACI,MAAM,CAAC,WAAW;QACvB,IAAI,CAAC,cAAc,CAAC,cAAc,EAAE;YAClC,cAAc,CAAC,cAAc,GAAG,IAAI,cAAc,EAAE,CAAC;SACtD;QACD,OAAO,cAAc,CAAC,cAAc,CAAC;IACvC,CAAC;IACD;;;;OAIG;IACH,QAAQ;QACN,OAAO,cAAc,CAAC,KAAK,CAAC;IAC9B,CAAC;IACD;;;;;OAKG;IACH,OAAO,CAAC,YAAkB;QACxB,mCAAmC;QACnC,IAAI,cAAc,CAAC,KAAK,CAAC,IAAI,CAAC,IAAI,CAAC,EAAE,CAAC,YAAY,CAAC,KAAK,EAAE,KAAK,IAAI,CAAC,KAAK,EAAE,CAAC,EAAE;YAC5E,OAAO,SAAS,CAAC;SAClB;QACD,cAAc,CAAC,KAAK,CAAC,IAAI,CAAC,YAAY,CAAC,CAAC;QACxC,OAAO,YAAY,CAAC;IACtB,CAAC;IACD;;;;;OAKG;IACH,UAAU,CAAC,MAAc;QACvB,IAAI,MAAM,GAAG,CAAC,IAAI,MAAM,IAAI,cAAc,CAAC,KAAK,CAAC,MAAM,EAAE;YACvD,OAAO;SACR;QACD,cAAc,CAAC,KAAK,CAAC,MAAM,CAAC,MAAM,EAAE,CAAC,CAAC,CAAC;IACzC,CAAC;IACD;;;;;MAKE;IACF,OAAO,CAAC,EAAU;QAChB,MAAM,IAAI,GAAG,cAAc,CAAC,KAAK,CAAC,IAAI,CAAC,IAAI,CAAC,EAAE,CAAC,IAAI,CAAC,KAAK,EAAE,KAAK,EAAE,CAAC,CAAC;QACpE,OAAO,IAAI,CAAC;IACd,CAAC;IACD;;;;OAIG;IACH,cAAc;QACZ,OAAO,cAAc,CAAC,KAAK,CAAC,MAAM,CAAC;IACrC,CAAC;IAED;;;;;OAKG;IACH,gBAAgB,CAAC,MAAc;QAC7B,MAAM,IAAI,GAAG,cAAc,CAAC,KAAK,CAAC,IAAI,CAAC,IAAI,CAAC,EAAE,CAAC,IAAI,CAAC,SAAS,EAAE,KAAK,MAAM,CAAC,CAAC;QAC5E,OAAO,IAAI,CAAC;IACd,CAAC;IACD;;;;;OAKG;IACH,OAAO,CAAC,MAAc;QACpB,IAAI,MAAM,GAAG,CAAC,IAAI,MAAM,IAAI,cAAc,CAAC,KAAK,CAAC,MAAM,EAAE;YACvD,OAAO,SAAS,CAAC;SAClB;QACD,OAAO,cAAc,CAAC,KAAK,CAAC,MAAM,CAAC,CAAC;IACtC,CAAC;IACD;;;;;MAKE;IACF,+BAA+B,CAAC,UAAmB;QACjD,IAAI,UAAU,EAAE;YACd,cAAc,CAAC,KAAK,CAAC,IAAI,CAAC,CAAC,CAAC,EAAE,CAAC,EAAE,EAAE,CAAC,CAAC,CAAC,SAAS,EAAE,CAAC,aAAa,CAAC,CAAC,CAAC,SAAS,EAAE,CAAC,CAAC,CAAC;SACjF;aAAM;YACL,cAAc,CAAC,KAAK,CAAC,IAAI,CAAC,CAAC,CAAC,EAAE,CAAC,EAAE,EAAE,CAAC,CAAC,CAAC,SAAS,EAAE,CAAC,aAAa,CAAC,CAAC,CAAC,SAAS,EAAE,CAAC,CAAC,CAAC;SACjF;IACH,CAAC;IACD;;;;OAIG;IACH,+BAA+B,CAAC,UAAmB;QACjD,IAAI,UAAU,EAAE;YACd,cAAc,CAAC,KAAK,CAAC,IAAI,CAAC,CAAC,CAAC,EAAE,CAAC,EAAE,EAAE,CAAC,CAAC,CAAC,WAAW,EAAE,CAAC,MAAM,GAAG,CAAC,CAAC,WAAW,EAAE,CAAC,MAAM,CAAC,CAAC;SACtF;aAAM;YACL,cAAc,CAAC,KAAK,CAAC,IAAI,CAAC,CAAC,CAAC,EAAE,CAAC,EAAE,EAAE,CAAC,CAAC,CAAC,WAAW,EAAE,CAAC,MAAM,GAAG,CAAC,CAAC,WAAW,EAAE,CAAC,MAAM,CAAC,CAAC;SACtF;IACH,CAAC;IACD;;;;OAIG;IACH,wBAAwB,CAAC,UAAmB;QAC1C,IAAI,UAAU,EAAE;YACd,cAAc,CAAC,KAAK,CAAC,IAAI,CAAC,CAAC,CAAC,EAAE,CAAC,EAAE,EAAE,CAAC,CAAC,CAAC,WAAW,EAAE,GAAG,CAAC,CAAC,WAAW,EAAE,CAAC,CAAC;SACxE;aAAM;YACL,cAAc,CAAC,KAAK,CAAC,IAAI,CAAC,CAAC,CAAC,EAAE,CAAC,EAAE,EAAE,CAAC,CAAC,CAAC,WAAW,EAAE,GAAG,CAAC,CAAC,WAAW,EAAE,CAAC,CAAC;SACxE;IACH,CAAC;IACD;;;;MAIE;IACF,gCAAgC,CAAC,UAAmB;QAClD,IAAI,UAAU,EAAE;YACd,cAAc,CAAC,KAAK,CAAC,IAAI,CAAC,CAAC,CAAC,EAAE,CAAC,EAAE,EAAE,CAAC,CAAC,CAAC,eAAe,EAAE,GAAG,CAAC,CAAC,eAAe,EAAE,CAAC,CAAC;SAChF;aAAM;YACL,cAAc,CAAC,KAAK,CAAC,IAAI,CAAC,CAAC,CAAC,EAAE,CAAC,EAAE,EAAE,CAAC,CAAC,CAAC,eAAe,EAAE,GAAG,CAAC,CAAC,eAAe,EAAE,CAAC,CAAC;SAChF;IACH,CAAC;IACD;;;;MAIE;IACF,wBAAwB,CAAC,UAAmB;QAC1C,IAAI,UAAU,EAAE;YACd,cAAc,CAAC,KAAK,CAAC,IAAI,CAAC,CAAC,CAAC,EAAE,CAAC,EAAE,EAAE,CAAC,CAAC,CAAC,YAAY,EAAE,GAAG,CAAC,CAAC,YAAY,EAAE,CAAC,CAAC;SAC1E;aAAM;YACL,cAAc,CAAC,KAAK,CAAC,IAAI,CAAC,CAAC,CAAC,EAAE,CAAC,EAAE,EAAE,CAAC,CAAC,CAAC,YAAY,EAAE,GAAG,CAAC,CAAC,YAAY,EAAE,CAAC,CAAC;SAC1E;IACH,CAAC;;AAxJH,wCAyJC","sourcesContent":["import {Ruta} from \"./ruta\";\nimport { metodos_rutas } from \"./metodosRutas\";\n\n/**\n * Clase que representa una colección de rutas\n * @class ColeccionRutas\n * @method getRutas: devuelve un array de rutas\n * @method addRuta: añade una ruta al array de rutas\n * @method getRuta: devuelve una ruta a partir de su id\n * @method getNumeroRutas: devuelve el número de rutas\n * @method getRutaPorNombre: devuelve una ruta a partir de su nombre\n * @method getItem: devuelve una ruta a partir de su índice\n */\nexport class ColeccionRutas implements metodos_rutas {\n  private static rutas: Ruta[] = [];\n  private static ColeccionRutas: ColeccionRutas;\n  private constructor() {\n    ColeccionRutas.rutas = [];\n  }\n  /**\n   * Método que devuelve una instancia de la clase ColeccionRutas\n   * @method getInstance\n   * @returns ColeccionRutas\n   */\n  public static getInstance(): ColeccionRutas {\n    if (!ColeccionRutas.ColeccionRutas) {\n      ColeccionRutas.ColeccionRutas = new ColeccionRutas();\n    }\n    return ColeccionRutas.ColeccionRutas;\n  }\n  /**\n   * Método que devuelve un array de rutas\n   * @method getRutas\n   * @returns Ruta[]\n   */\n  getRutas(): Ruta[] {\n    return ColeccionRutas.rutas;\n  }\n  /**\n   * Método que añade una ruta al arraColeccion.\n   * @method addRuta\n   * @param ruta\n   * @returns void\n   */\n  addRuta(ruta_entrada: Ruta): Ruta | undefined {\n    // Se comprueba que el id no existe\n    if (ColeccionRutas.rutas.find(ruta => ruta_entrada.GetId() === ruta.GetId())) {\n      return undefined;\n    }\n    ColeccionRutas.rutas.push(ruta_entrada);\n    return ruta_entrada;\n  }\n  /**\n   * Método que elimina una ruta del arraColeccion.\n   * @method deleteRuta\n   * @param indice\n   * @returns void\n   */\n  deleteRuta(indice: number): void {\n    if (indice < 0 || indice >= ColeccionRutas.rutas.length) {\n      return;\n    }\n    ColeccionRutas.rutas.splice(indice, 1);\n  }\n  /**\n   * Método que devuelve una ruta a partir de su id\n   * @method getRuta\n   * @param id\n   * @returns Ruta | undefined\n  */\n  getRuta(id: number): Ruta | undefined {\n    const ruta = ColeccionRutas.rutas.find(ruta => ruta.GetId() === id);\n    return ruta;\n  }\n  /**\n   * Método que devuelve el número de rutas\n   * @method getNumeroRutas\n   * @returns number\n   */\n  getNumeroRutas(): number {\n    return ColeccionRutas.rutas.length;\n  }\n\n  /**\n   * Método que devuelve una ruta a partir de su nombre\n   * @method getRutaPorNombre\n   * @param nombre\n   * @returns Ruta | undefined\n   */\n  getRutaPorNombre(nombre: string): Ruta | undefined {\n    const ruta = ColeccionRutas.rutas.find(ruta => ruta.GetNombre() === nombre);\n    return ruta;\n  }\n  /**\n   * Método que devuelve una ruta a partir de su índice\n   * @method getItem\n   * @param indice\n   * @returns Ruta | undefined\n   */\n  getItem(indice: number): Ruta | undefined{\n    if (indice < 0 || indice >= ColeccionRutas.rutas.length) {\n      return undefined;\n    }\n    return ColeccionRutas.rutas[indice];\n  }\n  /**\n   * Método que ordenaColeccion. por nombre alfabéticamente, que dado un parámetro de entrada ordena ascendentemente o descendentemente\n   * @method ordenarRutasPorNombreAlfabetico\n   * @param ascendente\n   * @returns void\n  */\n  ordenarRutasPorNombreAlfabetico(ascendente: boolean): void {\n    if (ascendente) {\n      ColeccionRutas.rutas.sort((a, b) => a.GetNombre().localeCompare(b.GetNombre()));\n    } else {\n      ColeccionRutas.rutas.sort((a, b) => b.GetNombre().localeCompare(a.GetNombre()));\n    }\n  }\n  /**\n   * Método que ordena las rutas por cantidad de usuarios, que dado un parámetro de entrada ordena ascendentemente o descendentemente\n   * @method ordenarRutasPorCantidadUsuarios\n   * @returns void\n   */\n  ordenarRutasPorCantidadUsuarios(ascendente: boolean): void {\n    if (ascendente) {\n      ColeccionRutas.rutas.sort((a, b) => a.GetUsuarios().length - b.GetUsuarios().length);\n    } else {\n      ColeccionRutas.rutas.sort((a, b) => b.GetUsuarios().length - a.GetUsuarios().length);\n    }\n  }\n  /**\n   * Método que ordena las rutas por distancia, que dado un parámetro de entrada ordena ascendentemente o descendentemente\n   * @method ordenarRutasPorDistancia\n   * @returns void\n   */\n  ordenarRutasPorDistancia(ascendente: boolean): void {\n    if (ascendente) {\n      ColeccionRutas.rutas.sort((a, b) => a.GetLongitud() - b.GetLongitud());\n    } else {\n      ColeccionRutas.rutas.sort((a, b) => b.GetLongitud() - a.GetLongitud());\n    }\n  }\n  /**\n   * Método que ordena las calificaciones medias de la ruta, que dado un parámetro de entrada ordena ascendentemente o descendentemente\n   * @method ordenarRutasPorCalificacionMedia\n   * @returns void\n  */\n  ordenarRutasPorCalificacionMedia(ascendente: boolean): void {\n    if (ascendente) {\n      ColeccionRutas.rutas.sort((a, b) => a.GetCalificacion() - b.GetCalificacion());\n    } else {\n      ColeccionRutas.rutas.sort((a, b) => b.GetCalificacion() - a.GetCalificacion());\n    }\n  }\n  /**\n   * Método que ordena las rutas por actividad, que dado un parámetro de entrada ordena ascendentemente o descendentemente\n   * @method ordenarRutasPorActividad\n   * @returns void\n  */\n  ordenarRutasPorActividad(ascendente: boolean): void {\n    if (ascendente) {\n      ColeccionRutas.rutas.sort((a, b) => a.GetActividad() - b.GetActividad());\n    } else {\n      ColeccionRutas.rutas.sort((a, b) => b.GetActividad() - a.GetActividad());\n    }\n  }\n}\n"]},"_coverageSchema":"1a1c01bbd47fc00a2c39e90264f33305004495a9","hash":"e9245b1960319062f977d9d454ea5ca21790487f","contentHash":"bdfd2cb2e50f02dcb4882745faee4589b64bec4c0d3fd405d3429fecd87811cc"},"/home/usuario/ull-esit-inf-dsi-22-23-prct07-destravate-datamodel-grupoh/src/ruta.ts":{"path":"/home/usuario/ull-esit-inf-dsi-22-23-prct07-destravate-datamodel-grupoh/src/ruta.ts","statementMap":{"0":{"start":{"line":2,"column":0},"end":{"line":2,"column":62}},"1":{"start":{"line":3,"column":0},"end":{"line":3,"column":22}},"2":{"start":{"line":28,"column":8},"end":{"line":28,"column":21}},"3":{"start":{"line":29,"column":8},"end":{"line":29,"column":29}},"4":{"start":{"line":30,"column":8},"end":{"line":30,"column":31}},"5":{"start":{"line":31,"column":8},"end":{"line":31,"column":31}},"6":{"start":{"line":32,"column":8},"end":{"line":32,"column":33}},"7":{"start":{"line":33,"column":8},"end":{"line":33,"column":33}},"8":{"start":{"line":34,"column":8},"end":{"line":34,"column":33}},"9":{"start":{"line":35,"column":8},"end":{"line":35,"column":35}},"10":{"start":{"line":36,"column":8},"end":{"line":36,"column":41}},"11":{"start":{"line":42,"column":8},"end":{"line":42,"column":23}},"12":{"start":{"line":48,"column":8},"end":{"line":48,"column":27}},"13":{"start":{"line":54,"column":8},"end":{"line":54,"column":28}},"14":{"start":{"line":60,"column":8},"end":{"line":60,"column":28}},"15":{"start":{"line":66,"column":8},"end":{"line":66,"column":29}},"16":{"start":{"line":72,"column":8},"end":{"line":72,"column":29}},"17":{"start":{"line":78,"column":8},"end":{"line":78,"column":29}},"18":{"start":{"line":84,"column":8},"end":{"line":84,"column":30}},"19":{"start":{"line":90,"column":8},"end":{"line":90,"column":33}},"20":{"start":{"line":93,"column":0},"end":{"line":93,"column":20}}},"fnMap":{"0":{"name":"(anonymous_0)","decl":{"start":{"line":27,"column":4},"end":{"line":27,"column":5}},"loc":{"start":{"line":27,"column":101},"end":{"line":37,"column":5}},"line":27},"1":{"name":"(anonymous_1)","decl":{"start":{"line":41,"column":4},"end":{"line":41,"column":5}},"loc":{"start":{"line":41,"column":12},"end":{"line":43,"column":5}},"line":41},"2":{"name":"(anonymous_2)","decl":{"start":{"line":47,"column":4},"end":{"line":47,"column":5}},"loc":{"start":{"line":47,"column":16},"end":{"line":49,"column":5}},"line":47},"3":{"name":"(anonymous_3)","decl":{"start":{"line":53,"column":4},"end":{"line":53,"column":5}},"loc":{"start":{"line":53,"column":16},"end":{"line":55,"column":5}},"line":53},"4":{"name":"(anonymous_4)","decl":{"start":{"line":59,"column":4},"end":{"line":59,"column":5}},"loc":{"start":{"line":59,"column":16},"end":{"line":61,"column":5}},"line":59},"5":{"name":"(anonymous_5)","decl":{"start":{"line":65,"column":4},"end":{"line":65,"column":5}},"loc":{"start":{"line":65,"column":18},"end":{"line":67,"column":5}},"line":65},"6":{"name":"(anonymous_6)","decl":{"start":{"line":71,"column":4},"end":{"line":71,"column":5}},"loc":{"start":{"line":71,"column":18},"end":{"line":73,"column":5}},"line":71},"7":{"name":"(anonymous_7)","decl":{"start":{"line":77,"column":4},"end":{"line":77,"column":5}},"loc":{"start":{"line":77,"column":18},"end":{"line":79,"column":5}},"line":77},"8":{"name":"(anonymous_8)","decl":{"start":{"line":83,"column":4},"end":{"line":83,"column":5}},"loc":{"start":{"line":83,"column":19},"end":{"line":85,"column":5}},"line":83},"9":{"name":"(anonymous_9)","decl":{"start":{"line":89,"column":4},"end":{"line":89,"column":5}},"loc":{"start":{"line":89,"column":22},"end":{"line":91,"column":5}},"line":89}},"branchMap":{},"s":{"0":1,"1":1,"2":4,"3":4,"4":4,"5":4,"6":4,"7":4,"8":4,"9":4,"10":4,"11":9,"12":6,"13":1,"14":1,"15":5,"16":1,"17":5,"18":5,"19":5,"20":1},"f":{"0":4,"1":9,"2":6,"3":1,"4":1,"5":5,"6":1,"7":5,"8":5,"9":5},"b":{},"inputSourceMap":{"version":3,"file":"/home/usuario/ull-esit-inf-dsi-22-23-prct07-destravate-datamodel-grupoh/src/ruta.ts","sources":["/home/usuario/ull-esit-inf-dsi-22-23-prct07-destravate-datamodel-grupoh/src/ruta.ts"],"names":[],"mappings":";;;AAAA;;;;;;;;;;;;GAYG;AACH,MAAa,IAAI;IACK;IAAoB;IAAwB;IAAoC;IAC1F;IAA2B;IAA2B;IAA6B;IAA4B;IADzH,YAAoB,EAAU,EAAU,MAAc,EAAU,OAA0B,EAAU,OAA0B,EACpH,QAAiB,EAAU,QAAiB,EAAU,QAAmB,EAAU,SAAkB,EAAU,YAAqB;QAD1H,OAAE,GAAF,EAAE,CAAQ;QAAU,WAAM,GAAN,MAAM,CAAQ;QAAU,YAAO,GAAP,OAAO,CAAmB;QAAU,YAAO,GAAP,OAAO,CAAmB;QACpH,aAAQ,GAAR,QAAQ,CAAS;QAAU,aAAQ,GAAR,QAAQ,CAAS;QAAU,aAAQ,GAAR,QAAQ,CAAW;QAAU,cAAS,GAAT,SAAS,CAAS;QAAU,iBAAY,GAAZ,YAAY,CAAS;IAC9I,CAAC;IACD;;OAEG;IACH,KAAK;QACH,OAAO,IAAI,CAAC,EAAE,CAAC;IACjB,CAAC;IACD;;KAEC;IACD,SAAS;QACP,OAAO,IAAI,CAAC,MAAM,CAAC;IACrB,CAAC;IACD;;QAEI;IACJ,SAAS;QACP,OAAO,IAAI,CAAC,OAAO,CAAC;IACtB,CAAC;IACD;;OAEG;IACH,SAAS;QACP,OAAO,IAAI,CAAC,OAAO,CAAC;IACtB,CAAC;IACD;;OAEG;IACH,WAAW;QACT,OAAO,IAAI,CAAC,QAAQ,CAAC;IACvB,CAAC;IACD;;OAEG;IACH,WAAW;QACT,OAAO,IAAI,CAAC,QAAQ,CAAC;IACvB,CAAC;IACD;;MAEE;IACF,WAAW;QACT,OAAO,IAAI,CAAC,QAAQ,CAAC;IACvB,CAAC;IACD;;OAEG;IACH,YAAY;QACV,OAAO,IAAI,CAAC,SAAS,CAAC;IACxB,CAAC;IACD;;OAEG;IACH,eAAe;QACb,OAAO,IAAI,CAAC,YAAY,CAAC;IAC3B,CAAC;CACF;AA1DD,oBA0DC","sourcesContent":["/**\n * @class Rutas\n * @description Clase que representa una ruta\n * @param id Identificador de la ruta\n * @param nombre Nombre de la ruta\n * @param geo_ini Coordenadas de inicio de la ruta\n * @param geo_fin Coordenadas de fin de la ruta\n * @param longitud Longitud de la ruta\n * @param desnivel Desnivel de la ruta\n * @param usuarios Usuarios que han realizado la ruta\n * @param actividad Estado de la ruta\n * @param calificacion Calificación de la ruta\n */\nexport class Ruta {\n  constructor(private id: number, private nombre: string, private geo_ini : [number, number], private geo_fin : [number, number],\n    private longitud : number, private desnivel : number, private usuarios : number[], private actividad : number, private calificacion : number) {\n  }\n  /**\n   * @method GetId\n   */\n  GetId() {\n    return this.id;\n  }\n  /**\n * @method GetNombre\n */\n  GetNombre() {\n    return this.nombre;\n  }\n  /**\n   * @method GetGeoIni\n    */\n  GetGeoIni() {\n    return this.geo_ini;\n  }\n  /**\n   * @method GetGeoFin\n   */\n  GetGeoFin() {\n    return this.geo_fin;\n  }\n  /**\n   * @method GetLongitud\n   */\n  GetLongitud() {\n    return this.longitud;\n  }\n  /**\n   * @method GetDesnivel\n   */\n  GetDesnivel() {\n    return this.desnivel;\n  }\n  /**\n  * @method GetUsuarios\n  */\n  GetUsuarios() {\n    return this.usuarios;\n  }\n  /**\n   * @method GetActividad\n   */\n  GetActividad() {\n    return this.actividad;\n  }\n  /**\n   * @method GetCalificacion\n   */\n  GetCalificacion() {\n    return this.calificacion;\n  }\n}\n"]},"_coverageSchema":"1a1c01bbd47fc00a2c39e90264f33305004495a9","hash":"338584af901450f83505392ded01ae9937b44125","contentHash":"003fcb29159a6a94c8ecc30db3782d2dfbec3c3768be793c39e00792420ae99a"},"/home/usuario/ull-esit-inf-dsi-22-23-prct07-destravate-datamodel-grupoh/src/coleccionUsuarios.ts":{"path":"/home/usuario/ull-esit-inf-dsi-22-23-prct07-destravate-datamodel-grupoh/src/coleccionUsuarios.ts","statementMap":{"0":{"start":{"line":2,"column":0},"end":{"line":2,"column":62}},"1":{"start":{"line":3,"column":0},"end":{"line":3,"column":35}},"2":{"start":{"line":15,"column":22},"end":{"line":15,"column":24}},"3":{"start":{"line":18,"column":8},"end":{"line":18,"column":40}},"4":{"start":{"line":26,"column":8},"end":{"line":28,"column":9}},"5":{"start":{"line":27,"column":12},"end":{"line":27,"column":74}},"6":{"start":{"line":29,"column":8},"end":{"line":29,"column":51}},"7":{"start":{"line":37,"column":8},"end":{"line":37,"column":42}},"8":{"start":{"line":47,"column":8},"end":{"line":49,"column":9}},"9":{"start":{"line":47,"column":56},"end":{"line":47,"column":100}},"10":{"start":{"line":48,"column":12},"end":{"line":48,"column":29}},"11":{"start":{"line":50,"column":8},"end":{"line":50,"column":57}},"12":{"start":{"line":51,"column":8},"end":{"line":51,"column":31}},"13":{"start":{"line":60,"column":8},"end":{"line":62,"column":9}},"14":{"start":{"line":61,"column":12},"end":{"line":61,"column":19}},"15":{"start":{"line":63,"column":8},"end":{"line":63,"column":53}},"16":{"start":{"line":72,"column":24},"end":{"line":72,"column":90}},"17":{"start":{"line":72,"column":67},"end":{"line":72,"column":89}},"18":{"start":{"line":73,"column":8},"end":{"line":73,"column":23}},"19":{"start":{"line":81,"column":8},"end":{"line":81,"column":49}},"20":{"start":{"line":90,"column":24},"end":{"line":90,"column":98}},"21":{"start":{"line":90,"column":67},"end":{"line":90,"column":97}},"22":{"start":{"line":91,"column":8},"end":{"line":91,"column":23}},"23":{"start":{"line":100,"column":8},"end":{"line":102,"column":9}},"24":{"start":{"line":101,"column":12},"end":{"line":101,"column":29}},"25":{"start":{"line":103,"column":8},"end":{"line":103,"column":50}},"26":{"start":{"line":112,"column":8},"end":{"line":117,"column":9}},"27":{"start":{"line":113,"column":12},"end":{"line":113,"column":98}},"28":{"start":{"line":113,"column":54},"end":{"line":113,"column":96}},"29":{"start":{"line":116,"column":12},"end":{"line":116,"column":98}},"30":{"start":{"line":116,"column":54},"end":{"line":116,"column":96}},"31":{"start":{"line":128,"column":8},"end":{"line":153,"column":9}},"32":{"start":{"line":129,"column":12},"end":{"line":139,"column":13}},"33":{"start":{"line":131,"column":20},"end":{"line":131,"column":181}},"34":{"start":{"line":131,"column":62},"end":{"line":131,"column":179}},"35":{"start":{"line":132,"column":20},"end":{"line":132,"column":26}},"36":{"start":{"line":134,"column":20},"end":{"line":134,"column":181}},"37":{"start":{"line":134,"column":62},"end":{"line":134,"column":179}},"38":{"start":{"line":135,"column":20},"end":{"line":135,"column":26}},"39":{"start":{"line":137,"column":20},"end":{"line":137,"column":181}},"40":{"start":{"line":137,"column":62},"end":{"line":137,"column":179}},"41":{"start":{"line":138,"column":20},"end":{"line":138,"column":26}},"42":{"start":{"line":142,"column":12},"end":{"line":152,"column":13}},"43":{"start":{"line":144,"column":20},"end":{"line":144,"column":181}},"44":{"start":{"line":144,"column":62},"end":{"line":144,"column":179}},"45":{"start":{"line":145,"column":20},"end":{"line":145,"column":26}},"46":{"start":{"line":147,"column":20},"end":{"line":147,"column":181}},"47":{"start":{"line":147,"column":62},"end":{"line":147,"column":179}},"48":{"start":{"line":148,"column":20},"end":{"line":148,"column":26}},"49":{"start":{"line":150,"column":20},"end":{"line":150,"column":181}},"50":{"start":{"line":150,"column":62},"end":{"line":150,"column":179}},"51":{"start":{"line":151,"column":20},"end":{"line":151,"column":26}},"52":{"start":{"line":156,"column":0},"end":{"line":156,"column":46}}},"fnMap":{"0":{"name":"(anonymous_0)","decl":{"start":{"line":17,"column":4},"end":{"line":17,"column":5}},"loc":{"start":{"line":17,"column":18},"end":{"line":19,"column":5}},"line":17},"1":{"name":"(anonymous_1)","decl":{"start":{"line":25,"column":4},"end":{"line":25,"column":5}},"loc":{"start":{"line":25,"column":25},"end":{"line":30,"column":5}},"line":25},"2":{"name":"(anonymous_2)","decl":{"start":{"line":36,"column":4},"end":{"line":36,"column":5}},"loc":{"start":{"line":36,"column":18},"end":{"line":38,"column":5}},"line":36},"3":{"name":"(anonymous_3)","decl":{"start":{"line":45,"column":4},"end":{"line":45,"column":5}},"loc":{"start":{"line":45,"column":32},"end":{"line":52,"column":5}},"line":45},"4":{"name":"(anonymous_4)","decl":{"start":{"line":47,"column":44},"end":{"line":47,"column":45}},"loc":{"start":{"line":47,"column":56},"end":{"line":47,"column":100}},"line":47},"5":{"name":"(anonymous_5)","decl":{"start":{"line":59,"column":4},"end":{"line":59,"column":5}},"loc":{"start":{"line":59,"column":26},"end":{"line":64,"column":5}},"line":59},"6":{"name":"(anonymous_6)","decl":{"start":{"line":71,"column":4},"end":{"line":71,"column":5}},"loc":{"start":{"line":71,"column":19},"end":{"line":74,"column":5}},"line":71},"7":{"name":"(anonymous_7)","decl":{"start":{"line":72,"column":56},"end":{"line":72,"column":57}},"loc":{"start":{"line":72,"column":67},"end":{"line":72,"column":89}},"line":72},"8":{"name":"(anonymous_8)","decl":{"start":{"line":80,"column":4},"end":{"line":80,"column":5}},"loc":{"start":{"line":80,"column":24},"end":{"line":82,"column":5}},"line":80},"9":{"name":"(anonymous_9)","decl":{"start":{"line":89,"column":4},"end":{"line":89,"column":5}},"loc":{"start":{"line":89,"column":32},"end":{"line":92,"column":5}},"line":89},"10":{"name":"(anonymous_10)","decl":{"start":{"line":90,"column":56},"end":{"line":90,"column":57}},"loc":{"start":{"line":90,"column":67},"end":{"line":90,"column":97}},"line":90},"11":{"name":"(anonymous_11)","decl":{"start":{"line":99,"column":4},"end":{"line":99,"column":5}},"loc":{"start":{"line":99,"column":20},"end":{"line":104,"column":5}},"line":99},"12":{"name":"(anonymous_12)","decl":{"start":{"line":111,"column":4},"end":{"line":111,"column":5}},"loc":{"start":{"line":111,"column":51},"end":{"line":118,"column":5}},"line":111},"13":{"name":"(anonymous_13)","decl":{"start":{"line":113,"column":44},"end":{"line":113,"column":45}},"loc":{"start":{"line":113,"column":54},"end":{"line":113,"column":96}},"line":113},"14":{"name":"(anonymous_14)","decl":{"start":{"line":116,"column":44},"end":{"line":116,"column":45}},"loc":{"start":{"line":116,"column":54},"end":
[...]
"end":{"line":49,"column":9}},{"start":{"line":47,"column":8},"end":{"line":49,"column":9}}],"line":47},"2":{"loc":{"start":{"line":60,"column":8},"end":{"line":62,"column":9}},"type":"if","locations":[{"start":{"line":60,"column":8},"end":{"line":62,"column":9}},{"start":{"line":60,"column":8},"end":{"line":62,"column":9}}],"line":60},"3":{"loc":{"start":{"line":60,"column":12},"end":{"line":60,"column":69}},"type":"binary-expr","locations":[{"start":{"line":60,"column":12},"end":{"line":60,"column":22}},{"start":{"line":60,"column":26},"end":{"line":60,"column":69}}],"line":60},"4":{"loc":{"start":{"line":100,"column":8},"end":{"line":102,"column":9}},"type":"if","locations":[{"start":{"line":100,"column":8},"end":{"line":102,"column":9}},{"start":{"line":100,"column":8},"end":{"line":102,"column":9}}],"line":100},"5":{"loc":{"start":{"line":100,"column":12},"end":{"line":100,"column":69}},"type":"binary-expr","locations":[{"start":{"line":100,"column":12},"end":{"line":100,"column":22}},{"start":{"line":100,"column":26},"end":{"line":100,"column":69}}],"line":100},"6":{"loc":{"start":{"line":112,"column":8},"end":{"line":117,"column":9}},"type":"if","locations":[{"start":{"line":112,"column":8},"end":{"line":117,"column":9}},{"start":{"line":112,"column":8},"end":{"line":117,"column":9}}],"line":112},"7":{"loc":{"start":{"line":128,"column":8},"end":{"line":153,"column":9}},"type":"if","locations":[{"start":{"line":128,"column":8},"end":{"line":153,"column":9}},{"start":{"line":128,"column":8},"end":{"line":153,"column":9}}],"line":128},"8":{"loc":{"start":{"line":129,"column":12},"end":{"line":139,"column":13}},"type":"switch","locations":[{"start":{"line":130,"column":16},"end":{"line":132,"column":26}},{"start":{"line":133,"column":16},"end":{"line":135,"column":26}},{"start":{"line":136,"column":16},"end":{"line":138,"column":26}}],"line":129},"9":{"loc":{"start":{"line":142,"column":12},"end":{"line":152,"column":13}},"type":"switch","locations":[{"start":{"line":143,"column":16},"end":{"line":145,"column":26}},{"start":{"line":146,"column":16},"end":{"line":148,"column":26}},{"start":{"line":149,"column":16},"end":{"line":151,"column":26}}],"line":142}},"s":{"0":1,"1":1,"2":1,"3":1,"4":2,"5":1,"6":2,"7":8,"8":5,"9":5,"10":1,"11":4,"12":4,"13":2,"14":1,"15":1,"16":3,"17":4,"18":3,"19":3,"20":3,"21":6,"22":3,"23":3,"24":1,"25":2,"26":2,"27":1,"28":2,"29":1,"30":2,"31":6,"32":3,"33":1,"34":2,"35":1,"36":1,"37":2,"38":1,"39":1,"40":2,"41":1,"42":3,"43":1,"44":2,"45":1,"46":1,"47":2,"48":1,"49":1,"50":2,"51":1,"52":1},"f":{"0":1,"1":2,"2":8,"3":5,"4":5,"5":2,"6":3,"7":4,"8":3,"9":3,"10":6,"11":3,"12":2,"13":2,"14":2,"15":6,"16":2,"17":2,"18":2,"19":2,"20":2,"21":2},"b":{"0":[1,1],"1":[1,4],"2":[1,1],"3":[2,1],"4":[1,2],"5":[3,2],"6":[1,1],"7":[3,3],"8":[1,1,1],"9":[1,1,1]},"inputSourceMap":{"version":3,"file":"/home/usuario/ull-esit-inf-dsi-22-23-prct07-destravate-datamodel-grupoh/src/coleccionUsuarios.ts","sources":["/home/usuario/ull-esit-inf-dsi-22-23-prct07-destravate-datamodel-grupoh/src/coleccionUsuarios.ts"],"names":[],"mappings":";;;AAGA;;;;;;;;;GASG;AACH,MAAa,iBAAiB;IACpB,MAAM,CAAC,QAAQ,GAAc,EAAE,CAAC;IAChC,MAAM,CAAC,iBAAiB,CAAoB;IACpD;QACE,iBAAiB,CAAC,QAAQ,GAAG,EAAE,CAAC;IAClC,CAAC;IAED;;;;OAIG;IACI,MAAM,CAAC,WAAW;QACvB,IAAI,CAAC,iBAAiB,CAAC,iBAAiB,EAAE;YACxC,iBAAiB,CAAC,iBAAiB,GAAG,IAAI,iBAAiB,EAAE,CAAC;SAC/D;QACD,OAAO,iBAAiB,CAAC,iBAAiB,CAAC;IAC7C,CAAC;IAED;;;;MAIE;IACF,WAAW;QACT,OAAO,iBAAiB,CAAC,QAAQ,CAAC;IACpC,CAAC;IAED;;;;;OAKG;IACH,UAAU,CAAC,eAAwB;QACjC,oDAAoD;QACpD,IAAI,iBAAiB,CAAC,QAAQ,CAAC,IAAI,CAAC,QAAQ,CAAC,EAAE,CAAC,eAAe,CAAC,KAAK,EAAE,KAAK,QAAQ,CAAC,KAAK,EAAE,CAAC,EAAE;YAC7F,OAAO,SAAS,CAAC;SAClB;QACD,iBAAiB,CAAC,QAAQ,CAAC,IAAI,CAAC,eAAe,CAAC,CAAC;QACjD,OAAO,eAAe,CAAC;IACzB,CAAC;IAED;;;;;OAKG;IACH,aAAa,CAAC,MAAc;QAC1B,IAAI,MAAM,GAAG,CAAC,IAAI,MAAM,IAAI,iBAAiB,CAAC,QAAQ,CAAC,MAAM,EAAE;YAC7D,OAAO;SACR;QACD,iBAAiB,CAAC,QAAQ,CAAC,MAAM,CAAC,MAAM,EAAE,CAAC,CAAC,CAAC;IAC/C,CAAC;IAED;;;;;OAKG;IACH,UAAU,CAAC,EAAU;QACnB,MAAM,OAAO,GAAG,iBAAiB,CAAC,QAAQ,CAAC,IAAI,CAAC,OAAO,CAAC,EAAE,CAAC,OAAO,CAAC,KAAK,EAAE,KAAK,EAAE,CAAC,CAAC;QACnF,OAAO,OAAO,CAAC;IACjB,CAAC;IAED;;;;OAIG;IACH,iBAAiB;QACf,OAAO,iBAAiB,CAAC,QAAQ,CAAC,MAAM,CAAC;IAC3C,CAAC;IAED;;;;;OAKG;IACH,mBAAmB,CAAC,MAAc;QAChC,MAAM,OAAO,GAAG,iBAAiB,CAAC,QAAQ,CAAC,IAAI,CAAC,OAAO,CAAC,EAAE,CAAC,OAAO,CAAC,SAAS,EAAE,KAAK,MAAM,CAAC,CAAC;QAC3F,OAAO,OAAO,CAAC;IACjB,CAAC;IAED;;;;;OAKG;IACH,OAAO,CAAC,MAAc;QACpB,IAAI,MAAM,GAAG,CAAC,IAAI,MAAM,IAAI,iBAAiB,CAAC,QAAQ,CAAC,MAAM,EAAE;YAC7D,OAAO,SAAS,CAAC;SAClB;QACD,OAAO,iBAAiB,CAAC,QAAQ,CAAC,MAAM,CAAC,CAAC;IAC5C,CAAC;IAED;;;;;OAKG;IACH,kCAAkC,CAAC,UAAmB;QACpD,IAAI,UAAU,EAAE;YACd,iBAAiB,CAAC,QAAQ,CAAC,IAAI,CAAC,CAAC,CAAC,EAAE,CAAC,EAAE,EAAE,CAAC,CAAC,CAAC,SAAS,EAAE,CAAC,aAAa,CAAC,CAAC,CAAC,SAAS,EAAE,CAAC,CAAC,CAAC;SACvF;aAAM;YACL,iBAAiB,CAAC,QAAQ,CAAC,IAAI,CAAC,CAAC,CAAC,EAAE,CAAC,EAAE,EAAE,CAAC,CAAC,CAAC,SAAS,EAAE,CAAC,aAAa,CAAC,CAAC,CAAC,SAAS,EAAE,CAAC,CAAC,CAAC;SACvF;IACH,CAAC;IAED;;;;;;;OAOG;IACH,oCAAoC,CAAC,UAAmB,EAAE,OAAe;QACvE,IAAI,CAAC,UAAU,EAAE;YACf,QAAQ,OAAO,EAAE;gBACjB,KAAK,CAAC;oBACJ,iBAAiB,CAAC,QAAQ,CAAC,IAAI,CAAC,CAAC,CAAC,EAAE,CAAC,EAAE,EAAE,CAAC,CAAC,CAAC,eAAe,EAAE,CAAC,CAAC,CAAC,CAAC,CAAC,CAAC,eAAe,EAAE,CAAC,CAAC,CAAC,CAAC,MAAM,GAAC,CAAC,CAAC,GAAG,CAAC,CAAC,eAAe,EAAE,CAAC,CAAC,CAAC,CAAC,CAAC,CAAC,eAAe,EAAE,CAAC,CAAC,CAAC,CAAC,MAAM,GAAC,CAAC,CAAC,CAAC,CAAC;oBAC7J,MAAM;gBACR,KAAK,CAAC;oBACJ,iBAAiB,CAAC,QAAQ,CAAC,IAAI,CAAC,CAAC,CAAC,EAAE,CAAC,EAAE,EAAE,CAAC,CAAC,CAAC,eAAe,EAAE,CAAC,CAAC,CAAC,CAAC,CAAC,CAAC,eAAe,EAAE,CAAC,CAAC,CAAC,CAAC,MAAM,GAAC,CAAC,CAAC,GAAG,CAAC,CAAC,eAAe,EAAE,CAAC,CAAC,CAAC,CAAC,CAAC,CAAC,eAAe,EAAE,CAAC,CAAC,CAAC,CAAC,MAAM,GAAC,CAAC,CAAC,CAAC,CAAC;oBAC7J,MAAM;gBACR,KAAK,CAAC;oBACJ,iBAAiB,CAAC,QAAQ,CAAC,IAAI,CAAC,CAAC,CAAC,EAAE,CAAC,EAAE,EAAE,CAAC,CAAC,CAAC,eAAe,EAAE,CAAC,CAAC,CAAC,CAAC,CAAC,CAAC,eAAe,EAAE,CAAC,CAAC,CAAC,CAAC,MAAM,GAAC,CAAC,CAAC,GAAG,CAAC,CAAC,eAAe,EAAE,CAAC,CAAC,CAAC,CAAC,CAAC,CAAC,eAAe,EAAE,CAAC,CAAC,CAAC,CAAC,MAAM,GAAC,CAAC,CAAC,CAAC,CAAC;oBAC/J,MAAM;aACL;SACF;aACI;YACH,QAAQ,OAAO,EAAE;gBACjB,KAAK,CAAC;oBACJ,iBAAiB,CAAC,QAAQ,CAAC,IAAI,CAAC,CAAC,CAAC,EAAE,CAAC,EAAE,EAAE,CAAC,CAAC,CAAC,eAAe,EAAE,CAAC,CAAC,CAAC,CAAC,CAAC,CAAC,eAAe,EAAE,CAAC,CAAC,CAAC,CAAC,MAAM,GAAC,CAAC,CAAC,GAAG,CAAC,CAAC,eAAe,EAAE,CAAC,CAAC,CAAC,CAAC,CAAC,CAAC,eAAe,EAAE,CAAC,CAAC,CAAC,CAAC,MAAM,GAAC,CAAC,CAAC,CAAC,CAAC;oBAC7J,MAAM;gBACR,KAAK,CAAC;oBACJ,iBAAiB,CAAC,QAAQ,CAAC,IAAI,CAAC,CAAC,CAAC,EAAE,CAAC,EAAE,EAAE,CAAC,CAAC,CAAC,eAAe,EAAE,CAAC,CAAC,CAAC,CAAC,CAAC,CAAC,eAAe,EAAE,CAAC,CAAC,CAAC,CAAC,MAAM,GAAC,CAAC,CAAC,GAAG,CAAC,CAAC,eAAe,EAAE,CAAC,CAAC,CAAC,CAAC,CAAC,CAAC,eAAe,EAAE,CAAC,CAAC,CAAC,CAAC,MAAM,GAAC,CAAC,CAAC,CAAC,CAAC;oBAC7J,MAAM;gBACR,KAAK,CAAC;oBACJ,iBAAiB,CAAC,QAAQ,CAAC,IAAI,CAAC,CAAC,CAAC,EAAE,CAAC,EAAE,EAAE,CAAC,CAAC,CAAC,eAAe,EAAE,CAAC,CAAC,CAAC,CAAC,CAAC,CAAC,eAAe,EAAE,CAAC,CAAC,CAAC,CAAC,MAAM,GAAC,CAAC,CAAC,GAAG,CAAC,CAAC,eAAe,EAAE,CAAC,CAAC,CAAC,CAAC,CAAC,CAAC,eAAe,EAAE,CAAC,CAAC,CAAC,CAAC,MAAM,GAAC,CAAC,CAAC,CAAC,CAAC;oBAC/J,MAAM;aACL;SACF;IACH,CAAC;;AArJH,8CAsJC","sourcesContent":["import { Usuario } from \"./usuario\";\nimport { metodos_usuarios } from \"./metodosUsuario\";\n\n/**\n * Clase que representa una colección de usuarios\n * @class ColeccionUsuarios\n * @method getUsuarios: devuelve un array de usuarios\n * @method addUsuario: añade un usuario al array de usuarios\n * @method getUsuario: devuelve un usuario a partir de su id\n * @method getNumeroUsuarios: devuelve el número de usuarios\n * @method getUsuarioPorNombre: devuelve un usuario a partir de su nombre\n * @method getItem: devuelve un usuario a partir de su índice\n */\nexport class ColeccionUsuarios implements metodos_usuarios {\n  private static usuarios: Usuario[] = [];\n  private static ColeccionUsuarios: ColeccionUsuarios;\n  private constructor() {\n    ColeccionUsuarios.usuarios = [];\n  }\n\n  /**\n   * Método que devuelve una instancia de la clase ColeccionUsuarios\n   * @method getInstance\n   * @returns ColeccionUsuarios\n   */\n  public static getInstance(): ColeccionUsuarios {\n    if (!ColeccionUsuarios.ColeccionUsuarios) {\n      ColeccionUsuarios.ColeccionUsuarios = new ColeccionUsuarios();\n    }\n    return ColeccionUsuarios.ColeccionUsuarios;\n  }\n\n  /**\n   * Método que devuelve un array de usuarios\n   * @method getUsuarios\n   * @returns Usuario[]\n  */\n  getUsuarios(): Usuario[] {\n    return ColeccionUsuarios.usuarios;\n  }\n\n  /**\n   * Método que añade un usuario al array de usuarios\n   * @method addUsuario\n   * @param usuario\n   * @returns void\n   */\n  addUsuario(usuario_entrada: Usuario) {\n    //Comrpobar que no existe un usuario con el mismo id\n    if (ColeccionUsuarios.usuarios.find(Usuarios => usuario_entrada.GetId() === Usuarios.GetId())) {\n      return undefined;\n    }\n    ColeccionUsuarios.usuarios.push(usuario_entrada);\n    return usuario_entrada;\n  }\n\n  /**\n   * Método que elimina un usuario del array de usuarios\n   * @method deleteUsuario\n   * @param indice\n   * @returns void\n   */\n  deleteUsuario(indice: number): void {\n    if (indice < 0 || indice >= ColeccionUsuarios.usuarios.length) {\n      return;\n    }\n    ColeccionUsuarios.usuarios.splice(indice, 1);\n  }\n\n  /**\n   * Método que devuelve un usuario a partir de su id\n   * @method getUsuario\n   * @param id\n   * @returns Usuario | undefined\n   */\n  getUsuario(id: number): Usuario | undefined {\n    const usuario = ColeccionUsuarios.usuarios.find(usuario => usuario.GetId() === id);\n    return usuario;\n  }\n\n  /**\n   * Método que devuelve el número de usuarios\n   * @method getNumeroUsuarios\n   * @returns number\n   */\n  getNumeroUsuarios(): number {\n    return ColeccionUsuarios.usuarios.length;\n  }\n\n  /**\n   * Método que devuelve un usuario a partir de su nombre\n   * @method getUsuarioPorNombre\n   * @param nombre\n   * @returns Usuario | undefined\n   */\n  getUsuarioPorNombre(nombre: string): Usuario | undefined {\n    const usuario = ColeccionUsuarios.usuarios.find(usuario => usuario.GetNombre() === nombre);\n    return usuario;\n  }\n\n  /**\n   * Método que devuelve un usuario a partir de su indice\n   * @method getUsuarioPorIndice\n   * @param indice\n   * @returns Usuario | undefined\n   */\n  getItem(indice: number): Usuario | undefined {\n    if (indice < 0 || indice >= ColeccionUsuarios.usuarios.length) {\n      return undefined;\n    }\n    return ColeccionUsuarios.usuarios[indice];\n  }\n\n  /**\n   * Método que ordena el array de usuarios por nombre alfabéticamente, de forma ascendente o descendente según el parámetro\n   * @method ordenarUsuariosPorNombreAlfabetico\n   * @param ascendente\n   * @returns void\n   */\n  ordenarUsuariosPorNombreAlfabetico(ascendente: boolean): void {\n    if (ascendente) {\n      ColeccionUsuarios.usuarios.sort((a, b) => a.GetNombre().localeCompare(b.GetNombre()));\n    } else {\n      ColeccionUsuarios.usuarios.sort((a, b) => b.GetNombre().localeCompare(a.GetNombre()));\n    }\n  }\n\n  /**\n   * Método que ordena el array de usuarios por distancia recorrida, de forma ascendente o descendente según 2 parámetros,\n   * el primero indica si se ordena ascendente o descendente y el segundo indica si se ordena por la semana, el mes o el año\n   * @method ordenarUsuariosPorDistanciaRecorrida\n   * @param ascendente\n   * @param periodo\n   * @returns void\n   */\n  ordenarUsuariosPorDistanciaRecorrida(ascendente: boolean, periodo: number): void {\n    if (!ascendente) {\n      switch (periodo) {\n      case 0:\n        ColeccionUsuarios.usuarios.sort((a, b) => a.GetEstadisticas()[0][a.GetEstadisticas()[0].length-1] - b.GetEstadisticas()[0][a.GetEstadisticas()[0].length-1]);\n        break;\n      case 1:\n        ColeccionUsuarios.usuarios.sort((a, b) => a.GetEstadisticas()[1][a.GetEstadisticas()[0].length-1] - b.GetEstadisticas()[1][a.GetEstadisticas()[0].length-1]);\n        break;\n      case 2:\n        ColeccionUsuarios.usuarios.sort((a, b) => a.GetEstadisticas()[2][a.GetEstadisticas()[0].length-1] - b.GetEstadisticas()[2][a.GetEstadisticas()[0].length-1]);\n      break;\n      }\n    }\n    else {\n      switch (periodo) {\n      case 0:\n        ColeccionUsuarios.usuarios.sort((a, b) => b.GetEstadisticas()[0][a.GetEstadisticas()[0].length-1] - a.GetEstadisticas()[0][a.GetEstadisticas()[0].length-1]);\n        break;\n      case 1:\n        ColeccionUsuarios.usuarios.sort((a, b) => b.GetEstadisticas()[1][a.GetEstadisticas()[0].length-1] - a.GetEstadisticas()[1][a.GetEstadisticas()[0].length-1]);\n        break;\n      case 2:\n        ColeccionUsuarios.usuarios.sort((a, b) => b.GetEstadisticas()[2][a.GetEstadisticas()[0].length-1] - a.GetEstadisticas()[2][a.GetEstadisticas()[0].length-1]);\n      break;\n      }\n    }\n  }\n}\n"]},"_coverageSchema":"1a1c01bbd47fc00a2c39e90264f33305004495a9","hash":"a28e736a966e2b4733fd92f1cf1823554ee3608b","contentHash":"ee4ca8e1023d78938536130c4a0fdfbd77ee2a00e472077f1bd54e6d7eed6aa4"},"/home/usuario/ull-esit-inf-dsi-22-23-prct07-destravate-datamodel-grupoh/src/usuario.ts":{"path":"/home/usuario/ull-esit-inf-dsi-22-23-prct07-destravate-datamodel-grupoh/src/usuario.ts","statementMap":{"0":{"start":{"line":2,"column":0},"end":{"line":2,"column":62}},"1":{"start":{"line":3,"column":0},"end":{"line":3,"column":25}},"2":{"start":{"line":27,"column":8},"end":{"line":27,"column":29}},"3":{"start":{"line":28,"column":8},"end":{"line":28,"column":21}},"4":{"start":{"line":29,"column":8},"end":{"line":29,"column":39}},"5":{"start":{"line":30,"column":8},"end":{"line":30,"column":29}},"6":{"start":{"line":31,"column":8},"end":{"line":31,"column":43}},"7":{"start":{"line":32,"column":8},"end":{"line":32,"column":41}},"8":{"start":{"line":33,"column":8},"end":{"line":33,"column":47}},"9":{"start":{"line":34,"column":8},"end":{"line":34,"column":27}},"10":{"start":{"line":35,"column":8},"end":{"line":35,"column":37}},"11":{"start":{"line":41,"column":8},"end":{"line":41,"column":27}},"12":{"start":{"line":47,"column":8},"end":{"line":47,"column":23}},"13":{"start":{"line":53,"column":8},"end":{"line":53,"column":32}},"14":{"start":{"line":59,"column":8},"end":{"line":59,"column":27}},"15":{"start":{"line":65,"column":8},"end":{"line":65,"column":34}},"16":{"start":{"line":71,"column":8},"end":{"line":71,"column":33}},"17":{"start":{"line":77,"column":8},"end":{"line":77,"column":36}},"18":{"start":{"line":83,"column":8},"end":{"line":83,"column":26}},"19":{"start":{"line":89,"column":8},"end":{"line":89,"column":31}},"20":{"start":{"line":92,"column":0},"end":{"line":92,"column":26}}},"fnMap":{"0":{"name":"(anonymous_0)","decl":{"start":{"line":26,"column":4},"end":{"line":26,"column":5}},"loc":{"start":{"line":26,"column":114},"end":{"line":36,"column":5}},"line":26},"1":{"name":"(anonymous_1)","decl":{"start":{"line":40,"column":4},"end":{"line":40,"column":5}},"loc":{"start":{"line":40,"column":16},"end":{"line":42,"column":5}},"line":40},"2":{"name":"(anonymous_2)","decl":{"start":{"line":46,"column":4},"end":{"line":46,"column":5}},"loc":{"start":{"line":46,"column":12},"end":{"line":48,"column":5}},"line":46},"3":{"name":"(anonymous_3)","decl":{"start":{"line":52,"column":4},"end":{"line":52,"column":5}},"loc":{"start":{"line":52,"column":21},"end":{"line":54,"column":5}},"line":52},"4":{"name":"(anonymous_4)","decl":{"start":{"line":58,"column":4},"end":{"line":58,"column":5}},"loc":{"start":{"line":58,"column":16},"end":{"line":60,"column":5}},"line":58},"5":{"name":"(anonymous_5)","decl":{"start":{"line":64,"column":4},"end":{"line":64,"column":5}},"loc":{"start":{"line":64,"column":22},"end":{"line":66,"column":5}},"line":64},"6":{"name":"(anonymous_6)","decl":{"start":{"line":70,"column":4},"end":{"line":70,"column":5}},"loc":{"start":{"line":70,"column":22},"end":{"line":72,"column":5}},"line":70},"7":{"name":"(anonymous_7)","decl":{"start":{"line":76,"column":4},"end":{"line":76,"column":5}},"loc":{"start":{"line":76,"column":24},"end":{"line":78,"column":5}},"line":76},"8":{"name":"(anonymous_8)","decl":{"start":{"line":82,"column":4},"end":{"line":82,"column":5}},"loc":{"start":{"line":82,"column":15},"end":{"line":84,"column":5}},"line":82},"9":{"name":"(anonymous_9)","decl":{"start":{"line":88,"column":4},"end":{"line":88,"column":5}},"loc":{"start":{"line":88,"column":20},"end":{"line":90,"column":5}},"line":88}},"branchMap":{},"s":{"0":1,"1":1,"2":5,"3":5,"4":5,"5":5,"6":5,"7":5,"8":5,"9":5,"10":5,"11":15,"12":15,"13":1,"14":1,"15":1,"16":49,"17":1,"18":1,"19":1,"20":1},"f":{"0":5,"1":15,"2":15,"3":1,"4":1,"5":1,"6":49,"7":1,"8":1,"9":1},"b":{},"inputSourceMap":{"version":3,"file":"/home/usuario/ull-esit-inf-dsi-22-23-prct07-destravate-datamodel-grupoh/src/usuario.ts","sources":["/home/usuario/ull-esit-inf-dsi-22-23-prct07-destravate-datamodel-grupoh/src/usuario.ts"],"names":[],"mappings":";;;AAEA;;;;;;;;;;;GAWG;AACH,MAAa,OAAO;IACE;IAAwB;IAAqB;IAA8B;IAA2B;IAClH;IAAmC;IAAoC;IAA2B;IAD1G,YAAoB,MAAc,EAAU,EAAW,EAAU,WAAoB,EAAU,MAAiB,EAAU,aAA0B,EAC5I,YAAyB,EAAU,eAA0B,EAAU,KAAiB,EAAU,UAA2B;QADjH,WAAM,GAAN,MAAM,CAAQ;QAAU,OAAE,GAAF,EAAE,CAAS;QAAU,gBAAW,GAAX,WAAW,CAAS;QAAU,WAAM,GAAN,MAAM,CAAW;QAAU,kBAAa,GAAb,aAAa,CAAa;QAC5I,iBAAY,GAAZ,YAAY,CAAa;QAAU,oBAAe,GAAf,eAAe,CAAW;QAAU,UAAK,GAAL,KAAK,CAAY;QAAU,eAAU,GAAV,UAAU,CAAiB;IACrI,CAAC;IACD;;OAEG;IACH,SAAS;QACP,OAAO,IAAI,CAAC,MAAM,CAAC;IACrB,CAAC;IACD;;MAEE;IACF,KAAK;QACH,OAAO,IAAI,CAAC,EAAE,CAAC;IACjB,CAAC;IACD;;OAEG;IACH,cAAc;QACZ,OAAO,IAAI,CAAC,WAAW,CAAC;IAC1B,CAAC;IACD;;OAEG;IACH,SAAS;QACP,OAAO,IAAI,CAAC,MAAM,CAAC;IACrB,CAAC;IACD;;OAEG;IACH,eAAe;QACb,OAAO,IAAI,CAAC,aAAa,CAAC;IAC5B,CAAC;IACD;;OAEG;IACH,eAAe;QACb,OAAO,IAAI,CAAC,YAAY,CAAC;IAC3B,CAAC;IACD;;OAEG;IACH,iBAAiB;QACf,OAAO,IAAI,CAAC,eAAe,CAAC;IAC9B,CAAC;IACD;;OAEG;IACH,QAAQ;QACN,OAAO,IAAI,CAAC,KAAK,CAAC;IACpB,CAAC;IACD;;OAEG;IACH,aAAa;QACX,OAAO,IAAI,CAAC,UAAU,CAAC;IACzB,CAAC;CACF;AA1DD,0BA0DC","sourcesContent":["type tipo_historico = (string | number)[][];\n\n/**\n * Clase Usuario\n * @param nombre Nombre del usuario\n * @param id Identificador del usuario\n * @param actividades Actividades del usuario (0 si es correr, 1 si es en bici, 2 si es en ambas)\n * @param amigos Amigos del usuario\n * @param grupos_amigos Grupos de amigos del usuario\n * @param estadisticas Estadisticas del usuario\n * @param rutas_favoritas Rutas favoritas del usuario\n * @param retos Retos del usuario\n * @param historicos Historicos del usuario\n */\nexport class Usuario{\n  constructor(private nombre: string, private id : number, private actividades : number, private amigos : number[], private grupos_amigos : number[][],\n  private estadisticas : number[][], private rutas_favoritas : number[], private retos : number [], private historicos : tipo_historico) {\n  }\n  /**\n   * Funcion que devuelve el nombre del usuario\n   */\n  GetNombre() {\n    return this.nombre;\n  }\n  /**\n   *  Funcion que devuelve el id del usuario\n  */\n  GetId() {\n    return this.id;\n  }\n  /**\n   * Funcion que devuelve las actividades del usuario\n   */\n  GetActividades() {\n    return this.actividades;\n  }\n  /**\n   * Funcion que devuelve los amigos del usuario\n   */\n  GetAmigos() {\n    return this.amigos;\n  }\n  /**\n   * Funcion que devuelve los grupos de amigos del usuario\n   */\n  GetGruposAmigos() {\n    return this.grupos_amigos;\n  }\n  /**\n   * Funcion que devuelve las estadisticas del usuario\n   */\n  GetEstadisticas() {\n    return this.estadisticas;\n  }\n  /**\n   * Funcion que devuelve las rutas favoritas del usuario\n   */\n  GetRutasFavoritas() {\n    return this.rutas_favoritas;\n  }\n  /**\n   * Funcion que devuelve los retos del usuario\n   */\n  GetRetos() {\n    return this.retos;\n  }\n  /**\n   * Funcion que devuelve los historicos del usuario\n   */\n  GetHistoricos() {\n    return this.historicos;\n  }\n}\n"]},"_coverageSchema":"1a1c01bbd47fc00a2c39e90264f33305004495a9","hash":"5efcb882b41a1a8fd8c0968a243e4b60b3333075","contentHash":"280456d36b2dd59ae87dac1cb68fce404da4fcaa461ec31fe6db08a484f54918"}}