{"/home/usuario/ull-esit-inf-dsi-22-23-prct07-destravate-datamodel-grupoh/src/grupo/coleccionGrupos.ts":{"path":"/home/usuario/ull-esit-inf-dsi-22-23-prct07-destravate-datamodel-grupoh/src/grupo/coleccionGrupos.ts","statementMap":{"0":{"start":{"line":2,"column":0},"end":{"line":2,"column":62}},"1":{"start":{"line":3,"column":0},"end":{"line":3,"column":33}},"2":{"start":{"line":20,"column":20},"end":{"line":20,"column":22}},"3":{"start":{"line":23,"column":8},"end":{"line":23,"column":36}},"4":{"start":{"line":31,"column":8},"end":{"line":33,"column":9}},"5":{"start":{"line":32,"column":12},"end":{"line":32,"column":67}},"6":{"start":{"line":34,"column":8},"end":{"line":34,"column":46}},"7":{"start":{"line":42,"column":8},"end":{"line":42,"column":38}},"8":{"start":{"line":51,"column":8},"end":{"line":51,"column":43}},"9":{"start":{"line":60,"column":8},"end":{"line":62,"column":9}},"10":{"start":{"line":61,"column":12},"end":{"line":61,"column":19}},"11":{"start":{"line":63,"column":8},"end":{"line":63,"column":49}},"12":{"start":{"line":72,"column":8},"end":{"line":72,"column":74}},"13":{"start":{"line":72,"column":52},"end":{"line":72,"column":72}},"14":{"start":{"line":80,"column":8},"end":{"line":80,"column":45}},"15":{"start":{"line":89,"column":8},"end":{"line":89,"column":82}},"16":{"start":{"line":89,"column":52},"end":{"line":89,"column":80}},"17":{"start":{"line":98,"column":8},"end":{"line":98,"column":45}},"18":{"start":{"line":107,"column":8},"end":{"line":112,"column":9}},"19":{"start":{"line":108,"column":12},"end":{"line":108,"column":94}},"20":{"start":{"line":108,"column":50},"end":{"line":108,"column":92}},"21":{"start":{"line":111,"column":12},"end":{"line":111,"column":94}},"22":{"start":{"line":111,"column":50},"end":{"line":111,"column":92}},"23":{"start":{"line":121,"column":8},"end":{"line":146,"column":9}},"24":{"start":{"line":122,"column":12},"end":{"line":132,"column":13}},"25":{"start":{"line":124,"column":20},"end":{"line":124,"column":177}},"26":{"start":{"line":124,"column":58},"end":{"line":124,"column":175}},"27":{"start":{"line":125,"column":20},"end":{"line":125,"column":26}},"28":{"start":{"line":127,"column":20},"end":{"line":127,"column":177}},"29":{"start":{"line":127,"column":58},"end":{"line":127,"column":175}},"30":{"start":{"line":128,"column":20},"end":{"line":128,"column":26}},"31":{"start":{"line":130,"column":20},"end":{"line":130,"column":177}},"32":{"start":{"line":130,"column":58},"end":{"line":130,"column":175}},"33":{"start":{"line":131,"column":20},"end":{"line":131,"column":26}},"34":{"start":{"line":135,"column":12},"end":{"line":145,"column":13}},"35":{"start":{"line":137,"column":20},"end":{"line":137,"column":177}},"36":{"start":{"line":137,"column":58},"end":{"line":137,"column":175}},"37":{"start":{"line":138,"column":20},"end":{"line":138,"column":26}},"38":{"start":{"line":140,"column":20},"end":{"line":140,"column":177}},"39":{"start":{"line":140,"column":58},"end":{"line":140,"column":175}},"40":{"start":{"line":141,"column":20},"end":{"line":141,"column":26}},"41":{"start":{"line":143,"column":20},"end":{"line":143,"column":177}},"42":{"start":{"line":143,"column":58},"end":{"line":143,"column":175}},"43":{"start":{"line":144,"column":20},"end":{"line":144,"column":26}},"44":{"start":{"line":155,"column":8},"end":{"line":160,"column":9}},"45":{"start":{"line":156,"column":12},"end":{"line":156,"column":109}},"46":{"start":{"line":156,"column":50},"end":{"line":156,"column":107}},"47":{"start":{"line":159,"column":12},"end":{"line":159,"column":109}},"48":{"start":{"line":159,"column":50},"end":{"line":159,"column":107}},"49":{"start":{"line":163,"column":0},"end":{"line":163,"column":42}}},"fnMap":{"0":{"name":"(anonymous_0)","decl":{"start":{"line":22,"column":4},"end":{"line":22,"column":5}},"loc":{"start":{"line":22,"column":18},"end":{"line":24,"column":5}},"line":22},"1":{"name":"(anonymous_1)","decl":{"start":{"line":30,"column":4},"end":{"line":30,"column":5}},"loc":{"start":{"line":30,"column":25},"end":{"line":35,"column":5}},"line":30},"2":{"name":"(anonymous_2)","decl":{"start":{"line":41,"column":4},"end":{"line":41,"column":5}},"loc":{"start":{"line":41,"column":16},"end":{"line":43,"column":5}},"line":41},"3":{"name":"(anonymous_3)","decl":{"start":{"line":50,"column":4},"end":{"line":50,"column":5}},"loc":{"start":{"line":50,"column":20},"end":{"line":52,"column":5}},"line":50},"4":{"name":"(anonymous_4)","decl":{"start":{"line":59,"column":4},"end":{"line":59,"column":5}},"loc":{"start":{"line":59,"column":24},"end":{"line":64,"column":5}},"line":59},"5":{"name":"(anonymous_5)","decl":{"start":{"line":71,"column":4},"end":{"line":71,"column":5}},"loc":{"start":{"line":71,"column":17},"end":{"line":73,"column":5}},"line":71},"6":{"name":"(anonymous_6)","decl":{"start":{"line":72,"column":43},"end":{"line":72,"column":44}},"loc":{"start":{"line":72,"column":52},"end":{"line":72,"column":72}},"line":72},"7":{"name":"(anonymous_7)","decl":{"start":{"line":79,"column":4},"end":{"line":79,"column":5}},"loc":{"start":{"line":79,"column":22},"end":{"line":81,"column":5}},"line":79},"8":{"name":"(anonymous_8)","decl":{"start":{"line":88,"column":4},"end":{"line":88,"column":5}},"loc":{"start":{"line":88,"column":30},"end":{"line":90,"column":5}},"line":88},"9":{"name":"(anonymous_9)","decl":{"start":{"line":89,"column":43},"end":{"line":89,"column":44}},"loc":{"start":{"line":89,"column":52},"end":{"line":89,"column":80}},"line":89},"10":{"name":"(anonymous_10)","decl":{"start":{"line":97,"column":4},"end":{"line":97,"column":5}},"loc":{"start":{"line":97,"column":19},"end":{"line":99,"column":5}},"line":97},"11":{"name":"(anonymous_11)","decl":{"start":{"line":106,"column":4},"end":{"line":106,"column":5}},"loc":{"start":{"line":106,"column":49},"end":{"line":113,"column":5}},"line":106},"12":{"name":"(anonymous_12)","decl":{"start":{"line":108,"column":40},"end":{"line":108,"column":41}},"loc":{"start":{"line":108,"column":50},"end":{"line":108,"column":92}},"line":108},"13":{"name":"(anonymous_13)","decl":{"start":{"line":111,"column":40},"end":{"line":111,"column":41}},"loc":{"start":{"line":111,"column":50},"end":{"line":111,"column":92}},"line":111},"14":{"name":"(anonymous_14)","decl":{"start":{"line":120,"column":4},"end":{"line":120,"column":5}},"loc":{"start":{"line":120,"column":60},"end":{"line":147,"column":5}},"line":120},"15":{"name":"(anonymous_15)","decl":{"start":{"line":124,"column":48},"end":{"line":124,"column":49}},"loc":{"start":{"line":124,"column":58},"end":{"line":124,"column":175}},"line":124},"16":{"name":"(anonymous_16)","decl":{"start":{"line":127,"column":48},"end":{"line":127,"column":49}},"loc":{"start":{"line":127,"column":58},"end":{"line":127,"column":175}},"line":127},"17":{"name":"(anonymous_17)","decl":{"start":{"line":130,"column":48},"end":{"line":130,"column":49}},"loc":{"start":{"line":130,"column":58},"end":{"line":130,"column":175}},"line":130},"18":{"name":"(anonymous_18)","decl":{"start":{"line":137,"column":48},"end":{"line":137,"column":49}},"loc":{"start":{"line":137,"column":58},"end":{"line":137,"column":175}},"line":137},"19":{"name":"(anonymous_19)","decl":{"start":{"line":140,"column":48},"end":{"line":140,"column":49}},"loc":{"start":{"line":140,"column":58},"end":{"line":140,"column":175}},"line":140},"20":{"name":"(anonymous_20)","decl":{"start":{"line":143,"column":48},"end":{"line":143,"column":49}},"loc":{"start":{"line":143,"column":58},"end":{"line":143,"column":175}},"line":143},"21":{"name":"(anonymous_21)","decl":{"start":{"line":154,"column":4},"end":{"line":154,"column":5}},"loc":{"start":{"line":154,"column":54},"end":{"line":161,"column":5}},"line":154},"22":{"name":"(anonymous_22)","decl":{"start":{"line":156,"column":40},"end":{"line":156,"column":41}},"loc":{"start":{"line":156,"column":50},"end":{"line":156,"column":107}},"line":156},"23":{"name":"(anonymous_23)","decl":{"start":{"line":159,"column":40},"end":{"line":159,"column":41}},"loc":{"start":{"line":159,"column":50},"end":{"line":159,"column":107}},"line":159}},"branchMap":{"0":{"loc":{"start":{"line":31,"column":8},"end":{"line":33,"column":9}},"type":"if","locations":[{"start":{"line":31,"column":8},"end":{"line":33,"column":9}},{"start":{"line":31,"column":8},"end":{"line":33,"column":9}}],"line":31},"1":{"loc":{"start":{"line":60,"column":8},"end":{"line":62,"column":9}},"type":"if","locations":[{"start":{"line":60,"column":8},"end":{"line":62,"column":9}},{"start":{"line":60,"column":8},"end":{"line":62,"column":9}}],"line":60},"2":{"loc":{"start":{"line":60,"column":12},"end":{"line":60,"column":65}},"type":"binary-expr","locations":[{"start":{"line":60,"column":12},"end":{"line":60,"column":22}},{"start":{"line":60,"column":26},"end":{"line":60,"column":65}}],"line":60},"3":{"loc":{"start":{"line":107,"column":8},"end":{"line":112,"column":9}},"type":"if","locations":[{"start":{"line":107,"column":8},"end":{"line":112,"column":9}},{"start":{"line":107,"column":8},"end":{"line":112,"column":9}}],"line":107},"4":{"loc":{"start":{"line":121,"column":8},"end":{"line":146,"column":9}},"type":"if","locations":[{"start":{"line":121,"column":8},"end":{"line":146,"column":9}},{"start":{"line":121,"column":8},"end":{"line":146,"column":9}}],"line":121},"5":{"loc":{"start":{"line":122,"column":12},"end":{"line":132,"column":13}},"type":"switch","locations":[{"start":{"line":123,"column":16},"end":{"line":125,"column":26}},{"start":{"line":126,"column":16},"end":{"line":128,"column":26}},{"start":{"line":129,"column":16},"end":{"line":131,"column":26}}],"line":122},"6":{"loc":{"start":{"line":135,"column":12},"end":{"line":145,"column":13}},"type":"switch","locations":[{"start":{"line":136,"column":16},"end":{"line":138,"column":26}},{"start":{"line":139,"column":16},"end":{"line":141,"column":26}},{"start":{"line":142,"column":16},"end":{"line":144,"column":26}}],"line":135},"7":{"loc":{"start":{"line":155,"column":8},"end":{"line":160,"column":9}},"type":"if","locations":[{"start":{"line":155,"column":8},"end":{"line":160,"column":9}},{"start":{"line":155,"column":8},"end":{"line":160,"column":9}}],"line":155}},"s":{"0":1,"1":1,"2":1,"3":1,"4":2,"5":1,"6":2,"7":9,"8":3,"9":2,"10":1,"11":1,"12":2,"13":2,"14":3,"15":1,"16":1,"17":1,"18":2,"19":1,"20":1,"21":1,"22":1,"23":6,"24":3,"25":1,"26":1,"27":1,"28":1,"29":1,"30":1,"31":1,"32":1,"33":1,"34":3,"35":1,"36":1,"37":1,"38":1,"39":1,"40":1,"41":1,"42":1,"43":1,"44":2,"45":1,"46":1,"47":1,"48":1,"49":1},"f":{"0":1,"1":2,"2":9,"3":3,"4":2,"5":2,"6":2,"7":3,"8":1,"9":1,"10":1,"11":2,"12":1,"13":1,"14":6,"15":1,"16":1,"17":1,"18":1,"19":1,"20":1,"21":2,"22":1,"23":1},"b":{"0":[1,1],"1":[1,1],"2":[2,1],"3":[1,1],"4":[3,3],"5":[1,1,1],"6":[1,1,1],"7":[1,1]},"inputSourceMap":{"version":3,"file":"/home/usuario/ull-esit-inf-dsi-22-23-prct07-destravate-datamodel-grupoh/src/grupo/coleccionGrupos.ts","sources":["/home/usuario/ull-esit-inf-dsi-22-23-prct07-destravate-datamodel-grupoh/src/grupo/coleccionGrupos.ts"],"names":[],"mappings":";;;AAGA;;;;;;;;;;;;;;GAcG;AACH,MAAa,eAAe;IAClB,MAAM,CAAC,MAAM,GAAY,EAAE,CAAC;IAC5B,MAAM,CAAC,cAAc,CAAkB;IAC/C;QACE,eAAe,CAAC,MAAM,GAAG,EAAE,CAAC;IAC9B,CAAC;IAED;;;;OAIG;IACI,MAAM,CAAC,WAAW;QACvB,IAAI,CAAC,eAAe,CAAC,cAAc,EAAE;YACnC,eAAe,CAAC,cAAc,GAAG,IAAI,eAAe,EAAE,CAAC;SACxD;QACD,OAAO,eAAe,CAAC,cAAc,CAAC;IACxC,CAAC;IAED;;;;OAIG;IACH,SAAS;QACP,OAAO,eAAe,CAAC,MAAM,CAAC;IAChC,CAAC;IAED;;;;;OAKG;IACH,QAAQ,CAAC,KAAY;QACnB,eAAe,CAAC,MAAM,CAAC,IAAI,CAAC,KAAK,CAAC,CAAC;IACrC,CAAC;IAED;;;;;OAKG;IACH,WAAW,CAAC,MAAc;QACxB,IAAI,MAAM,GAAG,CAAC,IAAI,MAAM,IAAI,eAAe,CAAC,MAAM,CAAC,MAAM,EAAE;YACzD,OAAO;SACR;QACD,eAAe,CAAC,MAAM,CAAC,MAAM,CAAC,MAAM,EAAE,CAAC,CAAC,CAAC;IAC3C,CAAC;IAED;;;;;OAKG;IACH,QAAQ,CAAC,EAAU;QACjB,OAAO,eAAe,CAAC,MAAM,CAAC,IAAI,CAAC,KAAK,CAAC,EAAE,CAAC,KAAK,CAAC,KAAK,EAAE,KAAK,EAAE,CAAC,CAAC;IACpE,CAAC;IAED;;;;OAIG;IACH,eAAe;QACb,OAAO,eAAe,CAAC,MAAM,CAAC,MAAM,CAAC;IACvC,CAAC;IAED;;;;;OAKG;IACH,iBAAiB,CAAC,MAAc;QAC9B,OAAO,eAAe,CAAC,MAAM,CAAC,IAAI,CAAC,KAAK,CAAC,EAAE,CAAC,KAAK,CAAC,SAAS,EAAE,KAAK,MAAM,CAAC,CAAC;IAC5E,CAAC;IAED;;;;;OAKG;IACH,OAAO,CAAC,KAAa;QACnB,OAAO,eAAe,CAAC,MAAM,CAAC,KAAK,CAAC,CAAC;IACvC,CAAC;IAED;;;;;OAKG;IACH,gCAAgC,CAAC,UAAmB;QAClD,IAAI,UAAU,EAAE;YACd,eAAe,CAAC,MAAM,CAAC,IAAI,CAAC,CAAC,CAAC,EAAE,CAAC,EAAE,EAAE,CAAC,CAAC,CAAC,SAAS,EAAE,CAAC,aAAa,CAAC,CAAC,CAAC,SAAS,EAAE,CAAC,CAAC,CAAC;SACnF;aAAM;YACL,eAAe,CAAC,MAAM,CAAC,IAAI,CAAC,CAAC,CAAC,EAAE,CAAC,EAAE,EAAE,CAAC,CAAC,CAAC,SAAS,EAAE,CAAC,aAAa,CAAC,CAAC,CAAC,SAAS,EAAE,CAAC,CAAC,CAAC;SACnF;IACH,CAAC;IAED;;;;;OAKG;IACH,kCAAkC,CAAC,UAAmB,EAAE,OAAe;QACrE,IAAI,CAAC,UAAU,EAAE;YACf,QAAQ,OAAO,EAAE;gBACjB,KAAK,CAAC;oBACJ,eAAe,CAAC,MAAM,CAAC,IAAI,CAAC,CAAC,CAAC,EAAE,CAAC,EAAE,EAAE,CAAC,CAAC,CAAC,eAAe,EAAE,CAAC,CAAC,CAAC,CAAC,CAAC,CAAC,eAAe,EAAE,CAAC,CAAC,CAAC,CAAC,MAAM,GAAC,CAAC,CAAC,GAAG,CAAC,CAAC,eAAe,EAAE,CAAC,CAAC,CAAC,CAAC,CAAC,CAAC,eAAe,EAAE,CAAC,CAAC,CAAC,CAAC,MAAM,GAAC,CAAC,CAAC,CAAC,CAAC;oBACzJ,MAAM;gBACR,KAAK,CAAC;oBACJ,eAAe,CAAC,MAAM,CAAC,IAAI,CAAC,CAAC,CAAC,EAAE,CAAC,EAAE,EAAE,CAAC,CAAC,CAAC,eAAe,EAAE,CAAC,CAAC,CAAC,CAAC,CAAC,CAAC,eAAe,EAAE,CAAC,CAAC,CAAC,CAAC,MAAM,GAAC,CAAC,CAAC,GAAG,CAAC,CAAC,eAAe,EAAE,CAAC,CAAC,CAAC,CAAC,CAAC,CAAC,eAAe,EAAE,CAAC,CAAC,CAAC,CAAC,MAAM,GAAC,CAAC,CAAC,CAAC,CAAC;oBACzJ,MAAM;gBACR,KAAK,CAAC;oBACJ,eAAe,CAAC,MAAM,CAAC,IAAI,CAAC,CAAC,CAAC,EAAE,CAAC,EAAE,EAAE,CAAC,CAAC,CAAC,eAAe,EAAE,CAAC,CAAC,CAAC,CAAC,CAAC,CAAC,eAAe,EAAE,CAAC,CAAC,CAAC,CAAC,MAAM,GAAC,CAAC,CAAC,GAAG,CAAC,CAAC,eAAe,EAAE,CAAC,CAAC,CAAC,CAAC,CAAC,CAAC,eAAe,EAAE,CAAC,CAAC,CAAC,CAAC,MAAM,GAAC,CAAC,CAAC,CAAC,CAAC;oBAC3J,MAAM;aACL;SACF;aACI;YACH,QAAQ,OAAO,EAAE;gBACjB,KAAK,CAAC;oBACJ,eAAe,CAAC,MAAM,CAAC,IAAI,CAAC,CAAC,CAAC,EAAE,CAAC,EAAE,EAAE,CAAC,CAAC,CAAC,eAAe,EAAE,CAAC,CAAC,CAAC,CAAC,CAAC,CAAC,eAAe,EAAE,CAAC,CAAC,CAAC,CAAC,MAAM,GAAC,CAAC,CAAC,GAAG,CAAC,CAAC,eAAe,EAAE,CAAC,CAAC,CAAC,CAAC,CAAC,CAAC,eAAe,EAAE,CAAC,CAAC,CAAC,CAAC,MAAM,GAAC,CAAC,CAAC,CAAC,CAAC;oBACzJ,MAAM;gBACR,KAAK,CAAC;oBACJ,eAAe,CAAC,MAAM,CAAC,IAAI,CAAC,CAAC,CAAC,EAAE,CAAC,EAAE,EAAE,CAAC,CAAC,CAAC,eAAe,EAAE,CAAC,CAAC,CAAC,CAAC,CAAC,CAAC,eAAe,EAAE,CAAC,CAAC,CAAC,CAAC,MAAM,GAAC,CAAC,CAAC,GAAG,CAAC,CAAC,eAAe,EAAE,CAAC,CAAC,CAAC,CAAC,CAAC,CAAC,eAAe,EAAE,CAAC,CAAC,CAAC,CAAC,MAAM,GAAC,CAAC,CAAC,CAAC,CAAC;oBACzJ,MAAM;gBACR,KAAK,CAAC;oBACJ,eAAe,CAAC,MAAM,CAAC,IAAI,CAAC,CAAC,CAAC,EAAE,CAAC,EAAE,EAAE,CAAC,CAAC,CAAC,eAAe,EAAE,CAAC,CAAC,CAAC,CAAC,CAAC,CAAC,eAAe,EAAE,CAAC,CAAC,CAAC,CAAC,MAAM,GAAC,CAAC,CAAC,GAAG,CAAC,CAAC,eAAe,EAAE,CAAC,CAAC,CAAC,CAAC,CAAC,CAAC,eAAe,EAAE,CAAC,CAAC,CAAC,CAAC,MAAM,GAAC,CAAC,CAAC,CAAC,CAAC;oBAC3J,MAAM;aACL;SACF;IACH,CAAC;IAED;;;;;OAKG;IACH,qCAAqC,CAAC,UAAmB;QACvD,IAAI,UAAU,EAAE;YACd,eAAe,CAAC,MAAM,CAAC,IAAI,CAAC,CAAC,CAAC,EAAE,CAAC,EAAE,EAAE,CAAC,CAAC,CAAC,gBAAgB,EAAE,CAAC,MAAM,GAAG,CAAC,CAAC,gBAAgB,EAAE,CAAC,MAAM,CAAC,CAAC;SAClG;aAAM;YACL,eAAe,CAAC,MAAM,CAAC,IAAI,CAAC,CAAC,CAAC,EAAE,CAAC,EAAE,EAAE,CAAC,CAAC,CAAC,gBAAgB,EAAE,CAAC,MAAM,GAAG,CAAC,CAAC,gBAAgB,EAAE,CAAC,MAAM,CAAC,CAAC;SAClG;IACH,CAAC;;AAvJH,0CAwJC","sourcesContent":["import { Grupo } from './grupo';\nimport { metodos_grupos } from './metodosGrupos';\n\n/**\n * Clase que contiene los grupos\n * @class ColeccionGrupos\n * @method getInstance\n * @method getGrupos\n * @method addGrupo\n * @method deleteGrupo\n * @method getGrupo\n * @method getNumeroGrupos\n * @method getGrupoPorNombre\n * @method getItem\n * @method ordenarGruposPorNombreAlfabetico\n * @method ordenarGruposPorDistanciaRecorrida\n * @method ordenarGruposPorCantidadDeIntegrantes\n */\nexport class ColeccionGrupos implements metodos_grupos {\n  private static grupos: Grupo[] = [];\n  private static colecionGrupos: ColeccionGrupos;\n  protected constructor() {\n    ColeccionGrupos.grupos = [];\n  }\n\n  /**\n   * Método que devuelve una instancia de la clase ColeccionGrupos\n   * @method getInstance\n   * @returns ColeccionGrupos\n   */\n  public static getInstance(): ColeccionGrupos {\n    if (!ColeccionGrupos.colecionGrupos) {\n      ColeccionGrupos.colecionGrupos = new ColeccionGrupos();\n    }\n    return ColeccionGrupos.colecionGrupos;\n  }\n\n  /**\n   * Método que devuelve un array de grupos\n   * @method getGrupos\n   * @returns Grupo[]\n   */\n  getGrupos(): Grupo[] {\n    return ColeccionGrupos.grupos;\n  }\n\n  /**\n   * Método que añade un grupo al array de grupos\n   * @method addGrupo\n   * @param grupo\n   * @returns void\n   */\n  addGrupo(grupo: Grupo): void {\n    ColeccionGrupos.grupos.push(grupo);\n  }\n\n  /**\n   * Método que elimina un grupo del array de grupos\n   * @method deleteGrupo\n   * @param indice\n   * @returns void\n   */\n  deleteGrupo(indice: number): void {\n    if (indice < 0 || indice >= ColeccionGrupos.grupos.length) {\n      return;\n    }\n    ColeccionGrupos.grupos.splice(indice, 1);\n  }\n\n  /**\n   * Método que devuelve un grupo\n   * @method getGrupo\n   * @param id\n   * @returns Grupo | undefined\n   */\n  getGrupo(id: number): Grupo | undefined {\n    return ColeccionGrupos.grupos.find(grupo => grupo.GetId() === id);\n  }\n\n  /**\n   * Método que devuelve el número de grupos\n   * @method getNumeroGrupos\n   * @returns number\n   */\n  getNumeroGrupos(): number {\n    return ColeccionGrupos.grupos.length;\n  }\n\n  /**\n   * Método que devuelve un grupo\n   * @method getGrupoPorNombre\n   * @param nombre\n   * @returns Grupo | undefined\n   */\n  getGrupoPorNombre(nombre: string): Grupo | undefined {\n    return ColeccionGrupos.grupos.find(grupo => grupo.GetNombre() === nombre);\n  }\n\n  /**\n   * Método que devuelve un grupo\n   * @method getItem\n   * @param index\n   * @returns Grupo\n   */\n  getItem(index: number): Grupo {\n    return ColeccionGrupos.grupos[index];\n  }\n\n  /**\n   * Método que ordena los grupos por nombre alfabéticamente\n   * @method ordenarGruposPorNombreAlfabetico\n   * @param ascendente\n   * @returns void\n   */\n  ordenarGruposPorNombreAlfabetico(ascendente: boolean): void {\n    if (ascendente) {\n      ColeccionGrupos.grupos.sort((a, b) => a.GetNombre().localeCompare(b.GetNombre()));\n    } else {\n      ColeccionGrupos.grupos.sort((a, b) => b.GetNombre().localeCompare(a.GetNombre()));\n    }\n  }\n\n  /**\n   * Método que ordena los grupos por distancia recorrida\n   * @method ordenarGruposPorDistanciaRecorrida\n   * @param ascendente\n   * @param periodo\n   */\n  ordenarGruposPorDistanciaRecorrida(ascendente: boolean, periodo: number): void {\n    if (!ascendente) {\n      switch (periodo) {\n      case 0:\n        ColeccionGrupos.grupos.sort((a, b) => a.GetEstadisticas()[0][a.GetEstadisticas()[0].length-1] - b.GetEstadisticas()[0][a.GetEstadisticas()[0].length-1]);\n        break;\n      case 1:\n        ColeccionGrupos.grupos.sort((a, b) => a.GetEstadisticas()[1][a.GetEstadisticas()[0].length-1] - b.GetEstadisticas()[1][a.GetEstadisticas()[0].length-1]);\n        break;\n      case 2:\n        ColeccionGrupos.grupos.sort((a, b) => a.GetEstadisticas()[2][a.GetEstadisticas()[0].length-1] - b.GetEstadisticas()[2][a.GetEstadisticas()[0].length-1]);\n      break;\n      }\n    }\n    else {\n      switch (periodo) {\n      case 0:\n        ColeccionGrupos.grupos.sort((a, b) => b.GetEstadisticas()[0][a.GetEstadisticas()[0].length-1] - a.GetEstadisticas()[0][a.GetEstadisticas()[0].length-1]);\n        break;\n      case 1:\n        ColeccionGrupos.grupos.sort((a, b) => b.GetEstadisticas()[1][a.GetEstadisticas()[0].length-1] - a.GetEstadisticas()[1][a.GetEstadisticas()[0].length-1]);\n        break;\n      case 2:\n        ColeccionGrupos.grupos.sort((a, b) => b.GetEstadisticas()[2][a.GetEstadisticas()[0].length-1] - a.GetEstadisticas()[2][a.GetEstadisticas()[0].length-1]);\n      break;\n      }\n    }\n  }\n\n  /**\n   * Método que ordena los grupos por cantidad de integrantes\n   * @method ordenarGruposPorCantidadDeIntegrantes\n   * @param ascendente\n   * @returns void\n   */\n  ordenarGruposPorCantidadDeIntegrantes(ascendente: boolean): void {\n    if (ascendente) {\n      ColeccionGrupos.grupos.sort((a, b) => a.GetMiembrosGrupo().length - b.GetMiembrosGrupo().length);\n    } else {\n      ColeccionGrupos.grupos.sort((a, b) => b.GetMiembrosGrupo().length - a.GetMiembrosGrupo().length);\n    }\n  }\n}\n"]},"_coverageSchema":"1a1c01bbd47fc00a2c39e90264f33305004495a9","hash":"62b66c5d5ab7e3e27731fa1ac1e7f9fd4cfc8b31","contentHash":"2de9f78b8796368d7d44e62ac534e71ec1b8d1aafddded461e3d11ff0ed31544"},"/home/usuario/ull-esit-inf-dsi-22-23-prct07-destravate-datamodel-grupoh/src/grupo/grupo.ts":{"path":"/home/usuario/ull-esit-inf-dsi-22-23-prct07-destravate-datamodel-grupoh/src/grupo/grupo.ts","statementMap":{"0":{"start":{"line":2,"column":0},"end":{"line":2,"column":62}},"1":{"start":{"line":3,"column":0},"end":{"line":3,"column":23}},"2":{"start":{"line":34,"column":8},"end":{"line":34,"column":21}},"3":{"start":{"line":35,"column":8},"end":{"line":35,"column":29}},"4":{"start":{"line":36,"column":8},"end":{"line":36,"column":43}},"5":{"start":{"line":37,"column":8},"end":{"line":37,"column":41}},"6":{"start":{"line":38,"column":8},"end":{"line":38,"column":59}},"7":{"start":{"line":39,"column":8},"end":{"line":39,"column":45}},"8":{"start":{"line":40,"column":8},"end":{"line":40,"column":37}},"9":{"start":{"line":41,"column":8},"end":{"line":41,"column":35}},"10":{"start":{"line":47,"column":8},"end":{"line":47,"column":23}},"11":{"start":{"line":53,"column":8},"end":{"line":53,"column":27}},"12":{"start":{"line":59,"column":8},"end":{"line":59,"column":34}},"13":{"start":{"line":65,"column":8},"end":{"line":65,"column":33}},"14":{"start":{"line":71,"column":8},"end":{"line":71,"column":42}},"15":{"start":{"line":77,"column":8},"end":{"line":77,"column":35}},"16":{"start":{"line":83,"column":8},"end":{"line":83,"column":31}},"17":{"start":{"line":89,"column":8},"end":{"line":89,"column":30}},"18":{"start":{"line":92,"column":0},"end":{"line":92,"column":22}}},"fnMap":{"0":{"name":"(anonymous_0)","decl":{"start":{"line":33,"column":4},"end":{"line":33,"column":5}},"loc":{"start":{"line":33,"column":119},"end":{"line":42,"column":5}},"line":33},"1":{"name":"(anonymous_1)","decl":{"start":{"line":46,"column":4},"end":{"line":46,"column":5}},"loc":{"start":{"line":46,"column":12},"end":{"line":48,"column":5}},"line":46},"2":{"name":"(anonymous_2)","decl":{"start":{"line":52,"column":4},"end":{"line":52,"column":5}},"loc":{"start":{"line":52,"column":16},"end":{"line":54,"column":5}},"line":52},"3":{"name":"(anonymous_3)","decl":{"start":{"line":58,"column":4},"end":{"line":58,"column":5}},"loc":{"start":{"line":58,"column":23},"end":{"line":60,"column":5}},"line":58},"4":{"name":"(anonymous_4)","decl":{"start":{"line":64,"column":4},"end":{"line":64,"column":5}},"loc":{"start":{"line":64,"column":22},"end":{"line":66,"column":5}},"line":64},"5":{"name":"(anonymous_5)","decl":{"start":{"line":70,"column":4},"end":{"line":70,"column":5}},"loc":{"start":{"line":70,"column":31},"end":{"line":72,"column":5}},"line":70},"6":{"name":"(anonymous_6)","decl":{"start":{"line":76,"column":4},"end":{"line":76,"column":5}},"loc":{"start":{"line":76,"column":24},"end":{"line":78,"column":5}},"line":76},"7":{"name":"(anonymous_7)","decl":{"start":{"line":82,"column":4},"end":{"line":82,"column":5}},"loc":{"start":{"line":82,"column":20},"end":{"line":84,"column":5}},"line":82},"8":{"name":"(anonymous_8)","decl":{"start":{"line":88,"column":4},"end":{"line":88,"column":5}},"loc":{"start":{"line":88,"column":19},"end":{"line":90,"column":5}},"line":88}},"branchMap":{},"s":{"0":1,"1":1,"2":4,"3":4,"4":4,"5":4,"6":4,"7":4,"8":4,"9":4,"10":3,"11":6,"12":5,"13":25,"14":1,"15":1,"16":1,"17":1,"18":1},"f":{"0":4,"1":3,"2":6,"3":5,"4":25,"5":1,"6":1,"7":1,"8":1},"b":{},"inputSourceMap":{"version":3,"file":"/home/usuario/ull-esit-inf-dsi-22-23-prct07-destravate-datamodel-grupoh/src/grupo/grupo.ts","sources":["/home/usuario/ull-esit-inf-dsi-22-23-prct07-destravate-datamodel-grupoh/src/grupo/grupo.ts"],"names":[],"mappings":";;;AAEA;;;;;;;;;;;;;;;;;;;GAmBG;AACH,MAAa,KAAK;IACI;IAAoB;IAAwB;IACtD;IAAkC;IAAyC;IAAkC;IAC7G;IAFV,YAAoB,EAAU,EAAU,MAAc,EAAU,aAAuB,EAC7E,YAAwB,EAAU,qBAA+B,EAAU,cAAwB,EAAU,UAA2B,EACxI,SAAiB;QAFP,OAAE,GAAF,EAAE,CAAQ;QAAU,WAAM,GAAN,MAAM,CAAQ;QAAU,kBAAa,GAAb,aAAa,CAAU;QAC7E,iBAAY,GAAZ,YAAY,CAAY;QAAU,0BAAqB,GAArB,qBAAqB,CAAU;QAAU,mBAAc,GAAd,cAAc,CAAU;QAAU,eAAU,GAAV,UAAU,CAAiB;QACxI,cAAS,GAAT,SAAS,CAAQ;IAC3B,CAAC;IAED;;OAEG;IACH,KAAK;QACH,OAAO,IAAI,CAAC,EAAE,CAAC;IACjB,CAAC;IAED;;OAEG;IACH,SAAS;QACP,OAAO,IAAI,CAAC,MAAM,CAAC;IACrB,CAAC;IAED;;OAEG;IACH,gBAAgB;QACd,OAAO,IAAI,CAAC,aAAa,CAAC;IAC5B,CAAC;IAED;;OAEG;IACH,eAAe;QACb,OAAO,IAAI,CAAC,YAAY,CAAC;IAC3B,CAAC;IAED;;OAEG;IACH,wBAAwB;QACtB,OAAO,IAAI,CAAC,qBAAqB,CAAC;IACpC,CAAC;IAED;;OAEG;IACH,iBAAiB;QACf,OAAO,IAAI,CAAC,cAAc,CAAC;IAC7B,CAAC;IAED;;OAEG;IACH,aAAa;QACX,OAAO,IAAI,CAAC,UAAU,CAAC;IACzB,CAAC;IAED;;OAEG;IACH,YAAY;QACV,OAAO,IAAI,CAAC,SAAS,CAAC;IACxB,CAAC;CACF;AA7DD,sBA6DC","sourcesContent":["export type tipo_historico = (string | number)[][];\n\n/**\n * @class Grupo\n * @description Clase que representa un grupo de amigos\n * @param id Identificador del grupo\n * @param nombre Nombre del grupo\n * @param miembrosGrupo Usuarios que pertenecen al grupo\n * @param estadisticas Estadísticas del grupo\n * @param clasificacionUsuarios Clasificación de los usuarios del grupo\n * @param RutasFavoritas Rutas favoritas del grupo\n * @param historicos Historial de actividades del grupo\n * @param idCreador Identificador del usuario que crea el grupo\n * @method GetId\n * @method GetNombre\n * @method GetMiembrosGrupo\n * @method GetEstadisticas\n * @method GetClasificacionUsuarios\n * @method GetRutasFavoritas\n * @method GetHistoricos\n * @method GetIdCreador\n */\nexport class Grupo{\n  constructor(private id: number, private nombre: string, private miembrosGrupo: number[],\n    private estadisticas: number[][], private clasificacionUsuarios: number[], private RutasFavoritas: number[], private historicos : tipo_historico,\n    private idCreador: number) {\n  }\n\n  /**\n   * @method GetId\n   */\n  GetId() {\n    return this.id;\n  }\n\n  /**\n   * @method GetNombre\n   */\n  GetNombre() {\n    return this.nombre;\n  }\n\n  /**\n   * @method GetMiembrosGrupo\n   */\n  GetMiembrosGrupo() {\n    return this.miembrosGrupo;\n  }\n\n  /**\n   * @method GetEstadisticas\n   */\n  GetEstadisticas() {\n    return this.estadisticas;\n  }\n\n  /**\n   * @method GetClasificacionUsuarios\n   */\n  GetClasificacionUsuarios() {\n    return this.clasificacionUsuarios;\n  }\n\n  /**\n   * @method GetRutasFavoritas\n   */\n  GetRutasFavoritas() {\n    return this.RutasFavoritas;\n  }\n\n  /**\n   * @method GetHistoricos\n   */\n  GetHistoricos() {\n    return this.historicos;\n  }\n\n  /**\n   * @method GetIdCreador\n   */\n  GetIdCreador() {\n    return this.idCreador;\n  }\n}\n"]},"_coverageSchema":"1a1c01bbd47fc00a2c39e90264f33305004495a9","hash":"55d53b480b6bc46af60e9b04fbb976e68a223a11","contentHash":"236eb874855ae708219dab8bd729993dbfab28060cf8bfb4326d63bbc608c431"},"/home/usuario/ull-esit-inf-dsi-22-23-prct07-destravate-datamodel-grupoh/src/reto/coleccionRetos.ts":{"path":"/home/usuario/ull-esit-inf-dsi-22-23-prct07-destravate-datamodel-grupoh/src/reto/coleccionRetos.ts","statementMap":{"0":{"start":{"line":2,"column":0},"end":{"line":2,"column":62}},"1":{"start":{"line":3,"column":0},"end":{"line":3,"column":32}},"2":{"start":{"line":20,"column":19},"end":{"line":20,"column":21}},"3":{"start":{"line":23,"column":8},"end":{"line":23,"column":34}},"4":{"start":{"line":31,"column":8},"end":{"line":33,"column":9}},"5":{"start":{"line":32,"column":12},"end":{"line":32,"column":65}},"6":{"start":{"line":34,"column":8},"end":{"line":34,"column":45}},"7":{"start":{"line":42,"column":8},"end":{"line":42,"column":36}},"8":{"start":{"line":52,"column":8},"end":{"line":54,"column":9}},"9":{"start":{"line":52,"column":47},"end":{"line":52,"column":85}},"10":{"start":{"line":53,"column":12},"end":{"line":53,"column":29}},"11":{"start":{"line":55,"column":8},"end":{"line":55,"column":48}},"12":{"start":{"line":56,"column":8},"end":{"line":56,"column":28}},"13":{"start":{"line":65,"column":8},"end":{"line":67,"column":9}},"14":{"start":{"line":66,"column":12},"end":{"line":66,"column":19}},"15":{"start":{"line":68,"column":8},"end":{"line":68,"column":47}},"16":{"start":{"line":77,"column":21},"end":{"line":77,"column":77}},"17":{"start":{"line":77,"column":56},"end":{"line":77,"column":76}},"18":{"start":{"line":78,"column":8},"end":{"line":78,"column":20}},"19":{"start":{"line":86,"column":8},"end":{"line":86,"column":43}},"20":{"start":{"line":95,"column":21},"end":{"line":95,"column":85}},"21":{"start":{"line":95,"column":56},"end":{"line":95,"column":84}},"22":{"start":{"line":96,"column":8},"end":{"line":96,"column":20}},"23":{"start":{"line":105,"column":8},"end":{"line":107,"column":9}},"24":{"start":{"line":106,"column":12},"end":{"line":106,"column":29}},"25":{"start":{"line":108,"column":8},"end":{"line":108,"column":44}},"26":{"start":{"line":117,"column":8},"end":{"line":122,"column":9}},"27":{"start":{"line":118,"column":12},"end":{"line":118,"column":92}},"28":{"start":{"line":118,"column":48},"end":{"line":118,"column":90}},"29":{"start":{"line":121,"column":12},"end":{"line":121,"column":92}},"30":{"start":{"line":121,"column":48},"end":{"line":121,"column":90}},"31":{"start":{"line":132,"column":8},"end":{"line":137,"column":9}},"32":{"start":{"line":133,"column":12},"end":{"line":133,"column":85}},"33":{"start":{"line":133,"column":48},"end":{"line":133,"column":83}},"34":{"start":{"line":136,"column":12},"end":{"line":136,"column":85}},"35":{"start":{"line":136,"column":48},"end":{"line":136,"column":83}},"36":{"start":{"line":146,"column":8},"end":{"line":151,"column":9}},"37":{"start":{"line":147,"column":12},"end":{"line":147,"column":111}},"38":{"start":{"line":147,"column":48},"end":{"line":147,"column":109}},"39":{"start":{"line":150,"column":12},"end":{"line":150,"column":111}},"40":{"start":{"line":150,"column":48},"end":{"line":150,"column":109}},"41":{"start":{"line":154,"column":0},"end":{"line":154,"column":40}}},"fnMap":{"0":{"name":"(anonymous_0)","decl":{"start":{"line":22,"column":4},"end":{"line":22,"column":5}},"loc":{"start":{"line":22,"column":18},"end":{"line":24,"column":5}},"line":22},"1":{"name":"(anonymous_1)","decl":{"start":{"line":30,"column":4},"end":{"line":30,"column":5}},"loc":{"start":{"line":30,"column":25},"end":{"line":35,"column":5}},"line":30},"2":{"name":"(anonymous_2)","decl":{"start":{"line":41,"column":4},"end":{"line":41,"column":5}},"loc":{"start":{"line":41,"column":15},"end":{"line":43,"column":5}},"line":41},"3":{"name":"(anonymous_3)","decl":{"start":{"line":50,"column":4},"end":{"line":50,"column":5}},"loc":{"start":{"line":50,"column":26},"end":{"line":57,"column":5}},"line":50},"4":{"name":"(anonymous_4)","decl":{"start":{"line":52,"column":38},"end":{"line":52,"column":39}},"loc":{"start":{"line":52,"column":47},"end":{"line":52,"column":85}},"line":52},"5":{"name":"(anonymous_5)","decl":{"start":{"line":64,"column":4},"end":{"line":64,"column":5}},"loc":{"start":{"line":64,"column":23},"end":{"line":69,"column":5}},"line":64},"6":{"name":"(anonymous_6)","decl":{"start":{"line":76,"column":4},"end":{"line":76,"column":5}},"loc":{"start":{"line":76,"column":16},"end":{"line":79,"column":5}},"line":76},"7":{"name":"(anonymous_7)","decl":{"start":{"line":77,"column":47},"end":{"line":77,"column":48}},"loc":{"start":{"line":77,"column":56},"end":{"line":77,"column":76}},"line":77},"8":{"name":"(anonymous_8)","decl":{"start":{"line":85,"column":4},"end":{"line":85,"column":5}},"loc":{"start":{"line":85,"column":21},"end":{"line":87,"column":5}},"line":85},"9":{"name":"(anonymous_9)","decl":{"start":{"line":94,"column":4},"end":{"line":94,"column":5}},"loc":{"start":{"line":94,"column":29},"end":{"line":97,"column":5}},"line":94},"10":{"name":"(anonymous_10)","decl":{"start":{"line":95,"column":47},"end":{"line":95,"column":48}},"loc":{"start":{"line":95,"column":56},"end":{"line":95,"column":84}},"line":95},"11":{"name":"(anonymous_11)","decl":{"start":{"line":104,"column":4},"end":{"line":104,"column":5}},"loc":{"start":{"line":104,"column":30},"end":{"line":109,"column":5}},"line":104},"12":{"name":"(anonymous_12)","decl":{"start":{"line":116,"column":4},"end":{"line":116,"column":5}},"loc":{"start":{"line":116,"column":48},"end":{"line":123,"column":5}},"line":116},"13":{"name":"(anonymous_13)","decl":{"start":{"line":118,"column":38},"end":{"line":118,"column":39}},"loc":{"start":{"line":118,"column":48},"end":{"line":118,"column":90}},"line":118},"14":{"name":"(anonymous_14)","decl":{"start":{"line":121,"column":38},"end":{"line":121,"column":39}},"loc":{"start":{"line":121,"column":48},"end":{"line":121,"column":90}},"line":121},"15":{"name":"(anonymous_15)","decl":{"start":{"line":131,"column":4},"end":{"line":131,"column":5}},"loc":{"start":{"line":131,"column":50},"end":{"line":138,"column":5}},"line":131},"16":{"name":"(anonymous_16)","decl":{"start":{"line":133,"column":38},"end":{"line":133,"column":39}},"loc":{"start":{"line":133,"column":48},"end":{"line":133,"column":83}},"line":133},"17":{"name":"(anonymous_17)","decl":{"start":{"line":136,"column":38},"end":{"line":136,"column":39}},"loc":{"start":{"line":136,"column":48},"end":{"line":136,"column":83}},"line":136},"18":{"name":"(anonymous_18)","decl":{"start":{"line":145,"column":4},"end":{"line":145,"column":5}},"loc":{"start":{"line":145,"column":50},"end":{"line":152,"column":5}},"line":145},"19":{"name":"(anonymous_19)","decl":{"start":{"line":147,"column":38},"end":{"line":147,"column":39}},"loc":{"start":{"line":147,"column":48},"end":{"line":147,"column":109}},"line":147},"20":{"name":"(anonymous_20)","decl":{"start":{"line":150,"column":38},"end":{"line":150,"column":39}},"loc":{"start":{"line":150,"column":48},"end":{"line":150,"column":109}},"line":150}},"branchMap":{"0":{"loc":{"start":{"line":31,"column":8},"end":{"line":33,"column":9}},"type":"if","locations":[{"start":{"line":31,"column":8},"end":{"line":33,"column":9}},{"start":{"line":31,"column":8},"end":{"line":33,"column":9}}],"line":31},"1":{"loc":{"start":{"line":52,"column":8},"end":{"line":54,"column":9}},"type":"if","locations":[{"start":{"line":52,"column":8},"end":{"line":54,"column":9}},{"start":{"line":52,"column":8},"end":{"line":54,"column":9}}],"line":52},"2":{"loc":{"start":{"line":65,"column":8},"end":{"line":67,"column":9}},"type":"if","locations":[{"start":{"line":65,"column":8},"end":{"line":67,"column":9}},{"start":{"line":65,"column":8},"end":{"line":67,"column":9}}],"line":65},"3":{"loc":{"start":{"line":65,"column":12},"end":{"line":65,"column":63}},"type":"binary-expr","locations":[{"start":{"line":65,"column":12},"end":{"line":65,"column":22}},{"start":{"line":65,"column":26},"end":{"line":65,"column":63}}],"line":65},"4":{"loc":{"start":{"line":105,"column":8},"end":{"line":107,"column":9}},"type":"if","locations":[{"start":{"line":105,"column":8},"end":{"line":107,"column":9}},{"start":{"line":105,"column":8},"end":{"line":107,"column":9}}],"line":105},"5":{"loc":{"start":{"line":105,"column":12},"end":{"line":105,"column":63}},"type":"binary-expr","locations":[{"start":{"line":105,"column":12},"end":{"line":105,"column":22}},{"start":{"line":105,"column":26},"end":{"line":105,"column":63}}],"line":105},"6":{"loc":{"start":{"line":117,"column":8},"end":{"line":122,"column":9}},"type":"if","locations":[{"start":{"line":117,"column":8},"end":{"line":122,"column":9}},{"start":{"line":117,"column":8},"end":{"line":122,"column":9}}],"line":117},"7":{"loc":{"start":{"line":132,"column":8},"end":{"line":137,"column":9}},"type":"if","locations":[{"start":{"line":132,"column":8},"end":{"line":137,"column":9}},{"start":{"line":132,"column":8},"end":{"line":137,"column":9}}],"line":132},"8":{"loc":{"start":{"line":146,"column":8},"end":{"line":151,"column":9}},"type":"if","locations":[{"start":{"line":146,"column":8},"end":{"line":151,"column":9}},{"start":{"line":146,"column":8},"end":{"line":151,"column":9}}],"line":146}},"s":{"0":1,"1":1,"2":1,"3":1,"4":2,"5":1,"6":2,"7":6,"8":4,"9":2,"10":1,"11":3,"12":3,"13":2,"14":1,"15":1,"16":2,"17":2,"18":2,"19":3,"20":1,"21":1,"22":1,"23":2,"24":1,"25":1,"26":2,"27":1,"28":1,"29":1,"30":1,"31":2,"32":1,"33":1,"34":1,"35":1,"36":2,"37":1,"38":1,"39":1,"40":1,"41":1},"f":{"0":1,"1":2,"2":6,"3":4,"4":2,"5":2,"6":2,"7":2,"8":3,"9":1,"10":1,"11":2,"12":2,"13":1,"14":1,"15":2,"16":1,"17":1,"18":2,"19":1,"20":1},"b":{"0":[1,1],"1":[1,3],"2":[1,1],"3":[2,1],"4":[1,1],"5":[2,1],"6":[1,1],"7":[1,1],"8":[1,1]},"inputSourceMap":{"version":3,"file":"/home/usuario/ull-esit-inf-dsi-22-23-prct07-destravate-datamodel-grupoh/src/reto/coleccionRetos.ts","sources":["/home/usuario/ull-esit-inf-dsi-22-23-prct07-destravate-datamodel-grupoh/src/reto/coleccionRetos.ts"],"names":[],"mappings":";;;AAGA;;;;;;;;;;;;;;GAcG;AACH,MAAa,cAAc;IACjB,MAAM,CAAC,KAAK,GAAW,EAAE,CAAC;IAC1B,MAAM,CAAC,cAAc,CAAiB;IAC9C;QACE,cAAc,CAAC,KAAK,GAAG,EAAE,CAAC;IAC5B,CAAC;IAED;;;;OAIG;IACI,MAAM,CAAC,WAAW;QACvB,IAAI,CAAC,cAAc,CAAC,cAAc,EAAE;YAClC,cAAc,CAAC,cAAc,GAAG,IAAI,cAAc,EAAE,CAAC;SACtD;QACD,OAAO,cAAc,CAAC,cAAc,CAAC;IACvC,CAAC;IAED;;;;OAIG;IACH,QAAQ;QACN,OAAO,cAAc,CAAC,KAAK,CAAC;IAC9B,CAAC;IAED;;;;;OAKG;IACH,OAAO,CAAC,YAAkB;QACxB,iDAAiD;QACjD,IAAI,cAAc,CAAC,KAAK,CAAC,IAAI,CAAC,KAAK,CAAC,EAAE,CAAC,YAAY,CAAC,KAAK,EAAE,KAAK,KAAK,CAAC,KAAK,EAAE,CAAC,EAAE;YAC9E,OAAO,SAAS,CAAC;SAClB;QACD,cAAc,CAAC,KAAK,CAAC,IAAI,CAAC,YAAY,CAAC,CAAC;QACxC,OAAO,YAAY,CAAC;IACtB,CAAC;IAED;;;;;OAKG;IACH,UAAU,CAAC,MAAc;QACvB,IAAI,MAAM,GAAG,CAAC,IAAI,MAAM,IAAI,cAAc,CAAC,KAAK,CAAC,MAAM,EAAE;YACvD,OAAO;SACR;QACD,cAAc,CAAC,KAAK,CAAC,MAAM,CAAC,MAAM,EAAE,CAAC,CAAC,CAAC;IACzC,CAAC;IAED;;;;;OAKG;IACH,OAAO,CAAC,EAAU;QAChB,MAAM,IAAI,GAAG,cAAc,CAAC,KAAK,CAAC,IAAI,CAAC,KAAK,CAAC,EAAE,CAAC,KAAK,CAAC,KAAK,EAAE,KAAK,EAAE,CAAC,CAAC;QACtE,OAAO,IAAI,CAAC;IACd,CAAC;IAED;;;;MAIE;IACF,cAAc;QACZ,OAAO,cAAc,CAAC,KAAK,CAAC,MAAM,CAAC;IACrC,CAAC;IAED;;;;;OAKG;IACH,gBAAgB,CAAC,MAAc;QAC7B,MAAM,IAAI,GAAG,cAAc,CAAC,KAAK,CAAC,IAAI,CAAC,KAAK,CAAC,EAAE,CAAC,KAAK,CAAC,SAAS,EAAE,KAAK,MAAM,CAAC,CAAC;QAC9E,OAAO,IAAI,CAAC;IACd,CAAC;IAED;;;;;OAKG;IACH,iBAAiB,CAAC,MAAc;QAC9B,IAAI,MAAM,GAAG,CAAC,IAAI,MAAM,IAAI,cAAc,CAAC,KAAK,CAAC,MAAM,EAAE;YACvD,OAAO,SAAS,CAAC;SAClB;QACD,OAAO,cAAc,CAAC,KAAK,CAAC,MAAM,CAAC,CAAC;IACtC,CAAC;IAED;;;;;QAKI;IACJ,+BAA+B,CAAC,UAAmB;QACjD,IAAI,UAAU,EAAE;YACd,cAAc,CAAC,KAAK,CAAC,IAAI,CAAC,CAAC,CAAC,EAAE,CAAC,EAAE,EAAE,CAAC,CAAC,CAAC,SAAS,EAAE,CAAC,aAAa,CAAC,CAAC,CAAC,SAAS,EAAE,CAAC,CAAC,CAAC;SACjF;aAAM;YACL,cAAc,CAAC,KAAK,CAAC,IAAI,CAAC,CAAC,CAAC,EAAE,CAAC,EAAE,EAAE,CAAC,CAAC,CAAC,SAAS,EAAE,CAAC,aAAa,CAAC,CAAC,CAAC,SAAS,EAAE,CAAC,CAAC,CAAC;SACjF;IACH,CAAC;IAED;;;;;;OAMG;IACH,iCAAiC,CAAC,UAAmB;QACnD,IAAI,UAAU,EAAE;YACd,cAAc,CAAC,KAAK,CAAC,IAAI,CAAC,CAAC,CAAC,EAAE,CAAC,EAAE,EAAE,CAAC,CAAC,CAAC,YAAY,EAAE,GAAG,CAAC,CAAC,YAAY,EAAE,CAAC,CAAC;SAC1E;aAAM;YACL,cAAc,CAAC,KAAK,CAAC,IAAI,CAAC,CAAC,CAAC,EAAE,CAAC,EAAE,EAAE,CAAC,CAAC,CAAC,YAAY,EAAE,GAAG,CAAC,CAAC,YAAY,EAAE,CAAC,CAAC;SAC1E;IACH,CAAC;IAED;;;;;MAKE;IACF,iCAAiC,CAAC,UAAmB;QACnD,IAAI,UAAU,EAAE;YACd,cAAc,CAAC,KAAK,CAAC,IAAI,CAAC,CAAC,CAAC,EAAE,CAAC,EAAE,EAAE,CAAC,CAAC,CAAC,kBAAkB,EAAE,CAAC,MAAM,GAAG,CAAC,CAAC,kBAAkB,EAAE,CAAC,MAAM,CAAC,CAAC;SACpG;aAAM;YACL,cAAc,CAAC,KAAK,CAAC,IAAI,CAAC,CAAC,CAAC,EAAE,CAAC,EAAE,EAAE,CAAC,CAAC,CAAC,kBAAkB,EAAE,CAAC,MAAM,GAAG,CAAC,CAAC,kBAAkB,EAAE,CAAC,MAAM,CAAC,CAAC;SACpG;IACH,CAAC;;AA7IH,wCA8IC","sourcesContent":["import { Reto } from './reto';\nimport { metodos_retos } from './metodosRetos';\n\n/**\n * Clase que representa una colección de retos\n * @class ColeccionRetos\n * @method getInstance\n * @method getRetos\n * @method addReto\n * @method deleteReto\n * @method getReto\n * @method getNumeroRetos\n * @method getRetoPorNombre\n * @method getRetosPorIndice\n * @method ordenarRetosPorNombreAlfabetico\n * @method ordenarRetosPorDistanciaRecorrida\n * @method ordenarRetosPorCantidadDeUsuarios\n */\nexport class ColeccionRetos implements metodos_retos {\n  private static retos: Reto[] = [];\n  private static ColeccionRetos: ColeccionRetos;\n  protected constructor() {\n    ColeccionRetos.retos = [];\n  }\n\n  /**\n   * Método que devuelve una instancia de la clase ColeccionRetos\n   * @method getInstance\n   * @returns ColeccionRetos\n   */\n  public static getInstance(): ColeccionRetos {\n    if (!ColeccionRetos.ColeccionRetos) {\n      ColeccionRetos.ColeccionRetos = new ColeccionRetos();\n    }\n    return ColeccionRetos.ColeccionRetos;\n  }\n\n  /**\n   * Método que devuelve un array de retos\n   * @method getRetos\n   * @returns Reto[]\n   */\n  getRetos(): Reto[] {\n    return ColeccionRetos.retos;\n  }\n\n  /**\n   * Método que añade un reto al array de retos\n   * @method addReto\n   * @param reto\n   * @returns void\n   */\n  addReto(reto_entrada: Reto) : Reto | undefined{\n    //Comrpobar que no existe un reto con el mismo id\n    if (ColeccionRetos.retos.find(Retos => reto_entrada.GetId() === Retos.GetId())) {\n      return undefined;\n    }\n    ColeccionRetos.retos.push(reto_entrada);\n    return reto_entrada;\n  }\n\n  /**\n   * Método que elimina un reto del array de retos\n   * @method deleteReto\n   * @param indice\n   * @returns void\n   */\n  deleteReto(indice: number): void {\n    if (indice < 0 || indice >= ColeccionRetos.retos.length) {\n      return;\n    }\n    ColeccionRetos.retos.splice(indice, 1);\n  }\n\n  /**\n   * Método que devuelve un reto a partir de su id\n   * @method getReto\n   * @param id\n   * @returns Reto | undefined\n   */\n  getReto(id: number): Reto | undefined {\n    const reto = ColeccionRetos.retos.find(Retos => Retos.GetId() === id);\n    return reto;\n  }\n\n  /**\n   * Método que devuelve el numero de retos\n   * @method getNumeroRetos\n   * @returns number\n  */\n  getNumeroRetos(): number {\n    return ColeccionRetos.retos.length;\n  }\n\n  /**\n   * Método que devuelve un reto a partir de su nombre\n   * @method getRetoPorNombre\n   * @param nombre\n   * @returns Reto | undefined\n   */\n  getRetoPorNombre(nombre: string): Reto | undefined {\n    const reto = ColeccionRetos.retos.find(Retos => Retos.GetNombre() === nombre);\n    return reto;\n  }\n\n  /**\n   * Método que devuelve un array de retos a partir de su indice\n   * @method getRetosPorIndice\n   * @param indice\n   * @returns Reto | undefined\n   */\n  getRetosPorIndice(indice: number): Reto | undefined {\n    if (indice < 0 || indice >= ColeccionRetos.retos.length) {\n      return undefined;\n    }\n    return ColeccionRetos.retos[indice];\n  }\n\n  /**\n   * Método que ordena el array de retos alfabéticamente, de forma ascendente o descendente según el parámetro\n    * @method ordenarRetosPorNombreAlfabetico\n    * @param ascendente\n    * @returns void\n    */\n  ordenarRetosPorNombreAlfabetico(ascendente: boolean): void {\n    if (ascendente) {\n      ColeccionRetos.retos.sort((a, b) => a.GetNombre().localeCompare(b.GetNombre()));\n    } else {\n      ColeccionRetos.retos.sort((a, b) => b.GetNombre().localeCompare(a.GetNombre()));\n    }\n  }\n\n  /**\n   * Método que ordena el array de retos por distancia recorrida, de forma ascendente o descendente según el parámetro\n   * @method ordenarRetosPorDistanciaRecorrida\n   * @param ascendente\n   * @param periodo\n   * @returns void\n   */\n  ordenarRetosPorDistanciaRecorrida(ascendente: boolean): void {\n    if (ascendente) {\n      ColeccionRetos.retos.sort((a, b) => a.GetKmTotales() - b.GetKmTotales());\n    } else {\n      ColeccionRetos.retos.sort((a, b) => b.GetKmTotales() - a.GetKmTotales());\n    }\n  }\n\n  /**\n   * Método que ordena el array de retos por cantidad de usuarios, de forma ascendente o descendente según el parámetro\n   * @method ordenarRetosPorCantidadDeUsuarios\n   * @param ascendente\n   * @returns void\n  */\n  ordenarRetosPorCantidadDeUsuarios(ascendente: boolean): void {\n    if (ascendente) {\n      ColeccionRetos.retos.sort((a, b) => a.GetUsuariosActivos().length - b.GetUsuariosActivos().length);\n    } else {\n      ColeccionRetos.retos.sort((a, b) => b.GetUsuariosActivos().length - a.GetUsuariosActivos().length);\n    }\n  }\n}\n"]},"_coverageSchema":"1a1c01bbd47fc00a2c39e90264f33305004495a9","hash":"0ecfd6d5a63830d3c01457c7aa2c0d699f2c6355","contentHash":"1968c0094bcd56f76a7b9494661cdf3bfd2c7f74f9efb0c0b049aea1b8e0e6aa"},"/home/usuario/ull-esit-inf-dsi-22-23-prct07-destravate-datamodel-grupoh/src/reto/reto.ts":{"path":"/home/usuario/ull-esit-inf-dsi-22-23-prct07-destravate-datamodel-grupoh/src/reto/reto.ts","statementMap":{"0":{"start":{"line":2,"column":0},"end":{"line":2,"column":62}},"1":{"start":{"line":3,"column":0},"end":{"line":3,"column":22}},"2":{"start":{"line":30,"column":8},"end":{"line":30,"column":21}},"3":{"start":{"line":31,"column":8},"end":{"line":31,"column":29}},"4":{"start":{"line":32,"column":8},"end":{"line":32,"column":45}},"5":{"start":{"line":33,"column":8},"end":{"line":33,"column":25}},"6":{"start":{"line":34,"column":8},"end":{"line":34,"column":35}},"7":{"start":{"line":35,"column":8},"end":{"line":35,"column":47}},"8":{"start":{"line":36,"column":8},"end":{"line":36,"column":35}},"9":{"start":{"line":42,"column":8},"end":{"line":42,"column":23}},"10":{"start":{"line":48,"column":8},"end":{"line":48,"column":27}},"11":{"start":{"line":54,"column":8},"end":{"line":54,"column":35}},"12":{"start":{"line":60,"column":8},"end":{"line":60,"column":25}},"13":{"start":{"line":66,"column":8},"end":{"line":66,"column":30}},"14":{"start":{"line":72,"column":8},"end":{"line":72,"column":36}},"15":{"start":{"line":78,"column":8},"end":{"line":78,"column":30}},"16":{"start":{"line":81,"column":0},"end":{"line":81,"column":20}}},"fnMap":{"0":{"name":"(anonymous_0)","decl":{"start":{"line":29,"column":4},"end":{"line":29,"column":5}},"loc":{"start":{"line":29,"column":89},"end":{"line":37,"column":5}},"line":29},"1":{"name":"(anonymous_1)","decl":{"start":{"line":41,"column":4},"end":{"line":41,"column":5}},"loc":{"start":{"line":41,"column":12},"end":{"line":43,"column":5}},"line":41},"2":{"name":"(anonymous_2)","decl":{"start":{"line":47,"column":4},"end":{"line":47,"column":5}},"loc":{"start":{"line":47,"column":16},"end":{"line":49,"column":5}},"line":47},"3":{"name":"(anonymous_3)","decl":{"start":{"line":53,"column":4},"end":{"line":53,"column":5}},"loc":{"start":{"line":53,"column":24},"end":{"line":55,"column":5}},"line":53},"4":{"name":"(anonymous_4)","decl":{"start":{"line":59,"column":4},"end":{"line":59,"column":5}},"loc":{"start":{"line":59,"column":14},"end":{"line":61,"column":5}},"line":59},"5":{"name":"(anonymous_5)","decl":{"start":{"line":65,"column":4},"end":{"line":65,"column":5}},"loc":{"start":{"line":65,"column":19},"end":{"line":67,"column":5}},"line":65},"6":{"name":"(anonymous_6)","decl":{"start":{"line":71,"column":4},"end":{"line":71,"column":5}},"loc":{"start":{"line":71,"column":25},"end":{"line":73,"column":5}},"line":71},"7":{"name":"(anonymous_7)","decl":{"start":{"line":77,"column":4},"end":{"line":77,"column":5}},"loc":{"start":{"line":77,"column":19},"end":{"line":79,"column":5}},"line":77}},"branchMap":{},"s":{"0":1,"1":1,"2":4,"3":4,"4":4,"5":4,"6":4,"7":4,"8":4,"9":7,"10":6,"11":1,"12":1,"13":5,"14":5,"15":1,"16":1},"f":{"0":4,"1":7,"2":6,"3":1,"4":1,"5":5,"6":5,"7":1},"b":{},"inputSourceMap":{"version":3,"file":"/home/usuario/ull-esit-inf-dsi-22-23-prct07-destravate-datamodel-grupoh/src/reto/reto.ts","sources":["/home/usuario/ull-esit-inf-dsi-22-23-prct07-destravate-datamodel-grupoh/src/reto/reto.ts"],"names":[],"mappings":";;;AAAA;;;;;;;;;;;;;;;;GAgBG;AACH,MAAa,IAAI;IACK;IAAoB;IAAwB;IAAkC;IACxF;IAA2B;IAAmC;IADxE,YAAoB,EAAU,EAAU,MAAc,EAAU,cAAwB,EAAU,IAAY,EACpG,SAAiB,EAAU,eAAyB,EAAU,SAAiB;QADrE,OAAE,GAAF,EAAE,CAAQ;QAAU,WAAM,GAAN,MAAM,CAAQ;QAAU,mBAAc,GAAd,cAAc,CAAU;QAAU,SAAI,GAAJ,IAAI,CAAQ;QACpG,cAAS,GAAT,SAAS,CAAQ;QAAU,oBAAe,GAAf,eAAe,CAAU;QAAU,cAAS,GAAT,SAAS,CAAQ;IACzF,CAAC;IACD;;OAEG;IACH,KAAK;QACH,OAAO,IAAI,CAAC,EAAE,CAAC;IACjB,CAAC;IACD;;OAEG;IACH,SAAS;QACP,OAAO,IAAI,CAAC,MAAM,CAAC;IACrB,CAAC;IACD;;OAEG;IACH,iBAAiB;QACf,OAAO,IAAI,CAAC,cAAc,CAAC;IAC7B,CAAC;IACD;;OAEG;IACH,OAAO;QACL,OAAO,IAAI,CAAC,IAAI,CAAC;IACnB,CAAC;IACD;;OAEG;IACH,YAAY;QACV,OAAO,IAAI,CAAC,SAAS,CAAC;IACxB,CAAC;IACD;;OAEG;IACH,kBAAkB;QAChB,OAAO,IAAI,CAAC,eAAe,CAAC;IAC9B,CAAC;IAED;;OAEG;IACH,YAAY;QACV,OAAO,IAAI,CAAC,SAAS,CAAC;IACxB,CAAC;CACF;AA/CD,oBA+CC","sourcesContent":["/**\n * @class Reto\n * @param id\n * @param nombre\n * @param rutasFormantes\n * @param tipo\n * @param kmTotales\n * @param UsuariosActivos\n * @param idCreador\n * @method GetId\n * @method GetNombre\n * @method GetRutasFormantes\n * @method GetTipo\n * @method GetKmTotales\n * @method GetUsuariosActivos\n * @method GetIdCreador\n */\nexport class Reto{\n  constructor(private id: number, private nombre: string, private rutasFormantes: string[], private tipo: number,\n    private kmTotales: number, private UsuariosActivos: number[], private idCreador: number) {\n  }\n  /**\n   * @method GetId\n   */\n  GetId() {\n    return this.id;\n  }\n  /**\n   * @method GetNombre\n   */\n  GetNombre() {\n    return this.nombre;\n  }\n  /**\n   * @method GetRutasFormantes\n   */\n  GetRutasFormantes() {\n    return this.rutasFormantes;\n  }\n  /**\n   * @method GetTipo\n   */\n  GetTipo() {\n    return this.tipo;\n  }\n  /**\n   * @method GetKmTotales\n   */\n  GetKmTotales() {\n    return this.kmTotales;\n  }\n  /**\n   * @method GetUsuariosActivos\n   */\n  GetUsuariosActivos() {\n    return this.UsuariosActivos;\n  }\n\n  /**\n   * @method GetIdCreador\n   */\n  GetIdCreador() {\n    return this.idCreador;\n  }\n}\n"]},"_coverageSchema":"1a1c01bbd47fc00a2c39e90264f33305004495a9","hash":"ae017461ddcc45b6d9218b3018d14f05c912c3e4","contentHash":"8575c08ae564ba65d0c29af4479e17ccb1f6fa1bfbd37f0a0e325b6bf65b6801"},"/home/usuario/ull-esit-inf-dsi-22-23-prct07-destravate-datamodel-grupoh/src/ruta/coleccionRutas.ts":{"path":"/home/usuario/ull-esit-inf-dsi-22-23-prct07-destravate-datamodel-grupoh/src/ruta/coleccionRutas.ts","statementMap":{"0":{"start":{"line":2,"column":0},"end":{"line":2,"column":62}},"1":{"start":{"line":3,"column":0},"end":{"line":3,"column":32}},"2":{"start":{"line":15,"column":19},"end":{"line":15,"column":21}},"3":{"start":{"line":18,"column":8},"end":{"line":18,"column":34}},"4":{"start":{"line":26,"column":8},"end":{"line":28,"column":9}},"5":{"start":{"line":27,"column":12},"end":{"line":27,"column":65}},"6":{"start":{"line":29,"column":8},"end":{"line":29,"column":45}},"7":{"start":{"line":37,"column":8},"end":{"line":37,"column":36}},"8":{"start":{"line":47,"column":8},"end":{"line":49,"column":9}},"9":{"start":{"line":47,"column":46},"end":{"line":47,"column":83}},"10":{"start":{"line":48,"column":12},"end":{"line":48,"column":29}},"11":{"start":{"line":50,"column":8},"end":{"line":50,"column":48}},"12":{"start":{"line":51,"column":8},"end":{"line":51,"column":28}},"13":{"start":{"line":60,"column":8},"end":{"line":62,"column":9}},"14":{"start":{"line":61,"column":12},"end":{"line":61,"column":19}},"15":{"start":{"line":63,"column":8},"end":{"line":63,"column":47}},"16":{"start":{"line":72,"column":21},"end":{"line":72,"column":75}},"17":{"start":{"line":72,"column":55},"end":{"line":72,"column":74}},"18":{"start":{"line":73,"column":8},"end":{"line":73,"column":20}},"19":{"start":{"line":81,"column":8},"end":{"line":81,"column":43}},"20":{"start":{"line":90,"column":21},"end":{"line":90,"column":83}},"21":{"start":{"line":90,"column":55},"end":{"line":90,"column":82}},"22":{"start":{"line":91,"column":8},"end":{"line":91,"column":20}},"23":{"start":{"line":100,"column":8},"end":{"line":102,"column":9}},"24":{"start":{"line":101,"column":12},"end":{"line":101,"column":29}},"25":{"start":{"line":103,"column":8},"end":{"line":103,"column":44}},"26":{"start":{"line":112,"column":8},"end":{"line":117,"column":9}},"27":{"start":{"line":113,"column":12},"end":{"line":113,"column":92}},"28":{"start":{"line":113,"column":48},"end":{"line":113,"column":90}},"29":{"start":{"line":116,"column":12},"end":{"line":116,"column":92}},"30":{"start":{"line":116,"column":48},"end":{"line":116,"column":90}},"31":{"start":{"line":125,"column":8},"end":{"line":130,"column":9}},"32":{"start":{"line":126,"column":12},"end":{"line":126,"column":97}},"33":{"start":{"line":126,"column":48},"end":{"line":126,"column":95}},"34":{"start":{"line":129,"column":12},"end":{"line":129,"column":97}},"35":{"start":{"line":129,"column":48},"end":{"line":129,"column":95}},"36":{"start":{"line":138,"column":8},"end":{"line":143,"column":9}},"37":{"start":{"line":139,"column":12},"end":{"line":139,"column":83}},"38":{"start":{"line":139,"column":48},"end":{"line":139,"column":81}},"39":{"start":{"line":142,"column":12},"end":{"line":142,"column":83}},"40":{"start":{"line":142,"column":48},"end":{"line":142,"column":81}},"41":{"start":{"line":151,"column":8},"end":{"line":156,"column":9}},"42":{"start":{"line":152,"column":12},"end":{"line":152,"column":91}},"43":{"start":{"line":152,"column":48},"end":{"line":152,"column":89}},"44":{"start":{"line":155,"column":12},"end":{"line":155,"column":91}},"45":{"start":{"line":155,"column":48},"end":{"line":155,"column":89}},"46":{"start":{"line":164,"column":8},"end":{"line":169,"column":9}},"47":{"start":{"line":165,"column":12},"end":{"line":165,"column":85}},"48":{"start":{"line":165,"column":48},"end":{"line":165,"column":83}},"49":{"start":{"line":168,"column":12},"end":{"line":168,"column":85}},"50":{"start":{"line":168,"column":48},"end":{"line":168,"column":83}},"51":{"start":{"line":172,"column":0},"end":{"line":172,"column":40}}},"fnMap":{"0":{"name":"(anonymous_0)","decl":{"start":{"line":17,"column":4},"end":{"line":17,"column":5}},"loc":{"start":{"line":17,"column":18},"end":{"line":19,"column":5}},"line":17},"1":{"name":"(anonymous_1)","decl":{"start":{"line":25,"column":4},"end":{"line":25,"column":5}},"loc":{"start":{"line":25,"column":25},"end":{"line":30,"column":5}},"line":25},"2":{"name":"(anonymous_2)","decl":{"start":{"line":36,"column":4},"end":{"line":36,"column":5}},"loc":{"start":{"line":36,"column":15},"end":{"line":38,"column":5}},"line":36},"3":{"name":"(anonymous_3)","decl":{"start":{"line":45,"column":4},"end":{"line":45,"column":5}},"loc":{"start":{"line":45,"column":26},"end":{"line":52,"column":5}},"line":45},"4":{"name":"(anonymous_4)","decl":{"start":{"line":47,"column":38},"end":{"line":47,"column":39}},"loc":{"start":{"line":47,"column":46},"end":{"line":47,"column":83}},"line":47},"5":{"name":"(anonymous_5)","decl":{"start":{"line":59,"column":4},"end":{"line":59,"column":5}},"loc":{"start":{"line":59,"column":23},"end":{"line":64,"column":5}},"line":59},"6":{"name":"(anonymous_6)","decl":{"start":{"line":71,"column":4},"end":{"line":71,"column":5}},"loc":{"start":{"line":71,"column":16},"end":{"line":74,"column":5}},"line":71},"7":{"name":"(anonymous_7)","decl":{"start":{"line":72,"column":47},"end":{"line":72,"column":48}},"loc":{"start":{"line":72,"column":55},"end":{"line":72,"column":74}},"line":72},"8":{"name":"(anonymous_8)","decl":{"start":{"line":80,"column":4},"end":{"line":80,"column":5}},"loc":{"start":{"line":80,"column":21},"end":{"line":82,"column":5}},"line":80},"9":{"name":"(anonymous_9)","decl":{"start":{"line":89,"column":4},"end":{"line":89,"column":5}},"loc":{"start":{"line":89,"column":29},"end":{"line":92,"column":5}},"line":89},"10":{"name":"(anonymous_10)","decl":{"start":{"line":90,"column":47},"end":{"line":90,"column":48}},"loc":{"start":{"line":90,"column":55},"end":{"line":90,"column":82}},"line":90},"11":{"name":"(anonymous_11)","decl":{"start":{"line":99,"column":4},"end":{"line":99,"column":5}},"loc":{"start":{"line":99,"column":20},"end":{"line":104,"column":5}},"line":99},"12":{"name":"(anonymous_12)","decl":{"start":{"line":111,"column":4},"end":{"line":111,"column":5}},"loc":{"start":{"line":111,"column":48},"end":{"line":118,"column":5}},"line":111},"13":{"name":"(anonymous_13)","decl":{"start":{"line":113,"column":38},"end":{"line":113,"column":39}},"loc":{"start":{"line":113,"column":48},"end":{"line":113,"column":90}},"line":113},"14":{"name":"(anonymous_14)","decl":{"start":{"line":116,"column":38},"end":{"line":116,"column":39}},"loc":{"start":{"line":116,"column":48},"end":{"line":116,"column":90}},"line":116},"15":{"name":"(anonymous_15)","decl":{"start":{"line":124,"column":4},"end":{"line":124,"column":5}},"loc":{"start":{"line":124,"column":48},"end":{"line":131,"column":5}},"line":124},"16":{"name":"(anonymous_16)","decl":{"start":{"line":126,"column":38},"end":{"line":126,"column":39}},"loc":{"start":{"line":126,"column":48},"end":{"line":126,"column":95}},"line":126},"17":{"name":"(anonymous_17)","decl":{"start":{"line":129,"column":38},"end":{"line":129,"column":39}},"loc":{"start":{"line":129,"column":48},"end":{"line":129,"column":95}},"line":129},"18":{"name":"(anonymous_18)","decl":{"start":{"line":137,"column":4},"end":{"line":137,"column":5}},"loc":{"start":{"line":137,"column":41},"end":{"line":144,"column":5}},"line":137},"19":{"name":"(anonymous_19)","decl":{"start":{"line":139,"column":38},"end":{"line":139,"column":39}},"loc":{"start":{"line":139,"column":48},"end":{"line":139,"column":81}},"line":139},"20":{"name":"(anonymous_20)","decl":{"start":{"line":142,"column":38},"end":{"line":142,"column":39}},"loc":{"start":{"line":142,"column":48},"end":{"line":142,"column":81}},"line":142},"21":{"name":"(anonymous_21)","decl":{"start":{"line":150,"column":4},"end":{"line":150,"column":5}},"loc":{"start":{"line":150,"column":49},"end":{"line":157,"column":5}},"line":150},"22":{"name":"(anonymous_22)","decl":{"start":{"line":152,"column":38},"end":{"line":152,"column":39}},"loc":{"start":{"line":152,"column":48},"end":{"line":152,"column":89}},"line":152},"23":{"name":"(anonymous_23)","decl":{"start":{"line":155,"column":38},"end":{"line":155,"column":39}},"loc":{"start":{"line":155,"column":48},"end":{"line":155,"column":89}},"line":155},"24":{"name":"(anonymous_24)","decl":{"start":{"line":163,"column":4},"end":{"line":163,"column":5}},"loc":{"start":{"line":163,"column":41},"end":{"line":170,"column":5}},"line":163},"25":{"name":"(anonymous_25)","decl":{"start":{"line":165,"column":38},"end":{"line":165,"column":39}},"loc":{"start":{"line":165,"column":48},"end":{"line":165,"column":83}},"line":165},"26":{"name":"(anonymous_26)","decl":{"start":{"line":168,"column":38},"end":{"line":168,"column":39}},"loc":{"start":{"line":168,"column":48},"end":{"line":168,"column":83}},"line":168}},"branchMap":{"0":{"loc":{"start":{"line":26,"column":8},"end":{"line":28,"column":9}},"type":"if","locations":[{"start":{"line":26,"column":8},"end":{"line":28,"column":9}},{"start":{"line":26,"column":8},"end":{"line":28,"column":9}}],"line":26},"1":{"loc":{"start":{"line":47,"column":8},"end":{"line":49,"column":9}},"type":"if","locations":[{"start":{"line":47,"column":8},"end":{"line":49,"column":9}},{"start":{"line":47,"column":8},"end":{"line":49,"column":9}}],"line":47},"2":{"loc":{"start":{"line":60,"column":8},"end":{"line":62,"column":9}},"type":"if","locations":[{"start":{"line":60,"column":8},"end":{"line":62,"column":9}},{"start":{"line":60,"column":8},"end":{"line":62,"column":9}}],"line":60},"3":{"loc":{"start":{"line":60,"column":12},"end":{"line":60,"column":63}},"type":"binary-expr","locations":[{"start":{"line":60,"column":12},"end":{"line":60,"column":22}},{"start":{"line":60,"column":26},"end":{"line":60,"column":63}}],"line":60},"4":{"loc":{"start":{"line":100,"column":8},"end":{"line":102,"column":9}},"type":"if","locations":[{"start":{"line":100,"column":8},"end":{"line":102,"column":9}},{"start":{"line":100,"column":8},"end":{"line":102,"column":9}}],"line":100},"5":{"loc":{"start":{"line":100,"column":12},"end":{"line":100,"column":63}},"type":"binary-expr","locations":[{"start":{"line":100,"column":12},"end":{"line":100,"column":22}},{"start":{"line":100,"column":26},"end":{"line":100,"column":63}}],"line":100},"6":{"loc":{"start":{"line":112,"column":8},"end":{"line":117,"column":9}},"type":"if","locations":[{"start":{"line":112,"column":8},"end":{"line":117,"column":9}},{"start":{"line":112,"column":8},"end":{"line":117,"column":9}}],"line":112},"7":{"loc":{"start":{"line":125,"column":8},"end":{"line":130,"column":9}},"type":"if","locations":[{"start":{"line":125,"column":8},"end":{"line":130,"column":9}},{"start":{"line":125,"column":8},"end":{"line":130,"column":9}}],"line":125},"8":{"loc":{"start":{"line":138,"column":8},"end":{"line":143,"column":9}},"type":"if","locations":[{"start":{"line":138,"column":8},"end":{"line":143,"column":9}},{"start":{"line":138,"column":8},"end":{"line":143,"column":9}}],"line":138},"9":{"loc":{"start":{"line":151,"column":8},"end":{"line":156,"column":9}},"type":"if","locations":[{"start":{"line":151,"column":8},"end":{"line":156,"column":9}},{"start":{"line":151,"column":8},"end":{"line":156,"column":9}}],"line":151},"10":{"loc":{"start":{"line":164,"column":8},"end":{"line":169,"column":9}},"type":"if","locations":[{"start":{"line":164,"column":8},"end":{"line":169,"column":9}},{"start":{"line":164,"column":8},"end":{"line":169,"column":9}}],"line":164}},"s":{"0":1,"1":1,"2":1,"3":1,"4":2,"5":1,"6":2,"7":11,"8":4,"9":3,"10":1,"11":3,"12":3,"13":2,"14":1,"15":1,"16":2,"17":2,"18":2,"19":3,"20":1,"21":1,"22":1,"23":2,"24":1,"25":1,"26":2,"27":1,"28":1,"29":1,"30":1,"31":2,"32":1,"33":1,"34":1,"35":1,"36":2,"37":1,"38":1,"39":1,"40":1,"41":2,"42":1,"43":1,"44":1,"45":1,"46":2,"47":1,"48":1,"49":1,"50":1,"51":1},"f":{"0":1,"1":2,"2":11,"3":4,"4":3,"5":2,"6":2,"7":2,"8":3,"9":1,"10":1,"11":2,"12":2,"13":1,"14":1,"15":2,"16":1,"17":1,"18":2,"19":1,"20":1,"21":2,"22":1,"23":1,"24":2,"25":1,"26":1},"b":{"0":[1,1],"1":[1,3],"2":[1,1],"3":[2,1],"4":[1,1],"5":[2,1],"6":[1,1],"7":[1,1],"8":[1,1],"9":[1,1],"10":[1,1]},"inputSourceMap":{"version":3,"file":"/home/usuario/ull-esit-inf-dsi-22-23-prct07-destravate-datamodel-grupoh/src/ruta/coleccionRutas.ts","sources":["/home/usuario/ull-esit-inf-dsi-22-23-prct07-destravate-datamodel-grupoh/src/ruta/coleccionRutas.ts"],"names":[],"mappings":";;;AAGA;;;;;;;;;GASG;AACH,MAAa,cAAc;IACjB,MAAM,CAAC,KAAK,GAAW,EAAE,CAAC;IAC1B,MAAM,CAAC,cAAc,CAAiB;IAC9C;QACE,cAAc,CAAC,KAAK,GAAG,EAAE,CAAC;IAC5B,CAAC;IACD;;;;OAIG;IACI,MAAM,CAAC,WAAW;QACvB,IAAI,CAAC,cAAc,CAAC,cAAc,EAAE;YAClC,cAAc,CAAC,cAAc,GAAG,IAAI,cAAc,EAAE,CAAC;SACtD;QACD,OAAO,cAAc,CAAC,cAAc,CAAC;IACvC,CAAC;IACD;;;;OAIG;IACH,QAAQ;QACN,OAAO,cAAc,CAAC,KAAK,CAAC;IAC9B,CAAC;IACD;;;;;OAKG;IACH,OAAO,CAAC,YAAkB;QACxB,mCAAmC;QACnC,IAAI,cAAc,CAAC,KAAK,CAAC,IAAI,CAAC,IAAI,CAAC,EAAE,CAAC,YAAY,CAAC,KAAK,EAAE,KAAK,IAAI,CAAC,KAAK,EAAE,CAAC,EAAE;YAC5E,OAAO,SAAS,CAAC;SAClB;QACD,cAAc,CAAC,KAAK,CAAC,IAAI,CAAC,YAAY,CAAC,CAAC;QACxC,OAAO,YAAY,CAAC;IACtB,CAAC;IACD;;;;;OAKG;IACH,UAAU,CAAC,MAAc;QACvB,IAAI,MAAM,GAAG,CAAC,IAAI,MAAM,IAAI,cAAc,CAAC,KAAK,CAAC,MAAM,EAAE;YACvD,OAAO;SACR;QACD,cAAc,CAAC,KAAK,CAAC,MAAM,CAAC,MAAM,EAAE,CAAC,CAAC,CAAC;IACzC,CAAC;IACD;;;;;MAKE;IACF,OAAO,CAAC,EAAU;QAChB,MAAM,IAAI,GAAG,cAAc,CAAC,KAAK,CAAC,IAAI,CAAC,IAAI,CAAC,EAAE,CAAC,IAAI,CAAC,KAAK,EAAE,KAAK,EAAE,CAAC,CAAC;QACpE,OAAO,IAAI,CAAC;IACd,CAAC;IACD;;;;OAIG;IACH,cAAc;QACZ,OAAO,cAAc,CAAC,KAAK,CAAC,MAAM,CAAC;IACrC,CAAC;IAED;;;;;OAKG;IACH,gBAAgB,CAAC,MAAc;QAC7B,MAAM,IAAI,GAAG,cAAc,CAAC,KAAK,CAAC,IAAI,CAAC,IAAI,CAAC,EAAE,CAAC,IAAI,CAAC,SAAS,EAAE,KAAK,MAAM,CAAC,CAAC;QAC5E,OAAO,IAAI,CAAC;IACd,CAAC;IACD;;;;;OAKG;IACH,OAAO,CAAC,MAAc;QACpB,IAAI,MAAM,GAAG,CAAC,IAAI,MAAM,IAAI,cAAc,CAAC,KAAK,CAAC,MAAM,EAAE;YACvD,OAAO,SAAS,CAAC;SAClB;QACD,OAAO,cAAc,CAAC,KAAK,CAAC,MAAM,CAAC,CAAC;IACtC,CAAC;IACD;;;;;MAKE;IACF,+BAA+B,CAAC,UAAmB;QACjD,IAAI,UAAU,EAAE;YACd,cAAc,CAAC,KAAK,CAAC,IAAI,CAAC,CAAC,CAAC,EAAE,CAAC,EAAE,EAAE,CAAC,CAAC,CAAC,SAAS,EAAE,CAAC,aAAa,CAAC,CAAC,CAAC,SAAS,EAAE,CAAC,CAAC,CAAC;SACjF;aAAM;YACL,cAAc,CAAC,KAAK,CAAC,IAAI,CAAC,CAAC,CAAC,EAAE,CAAC,EAAE,EAAE,CAAC,CAAC,CAAC,SAAS,EAAE,CAAC,aAAa,CAAC,CAAC,CAAC,SAAS,EAAE,CAAC,CAAC,CAAC;SACjF;IACH,CAAC;IACD;;;;OAIG;IACH,+BAA+B,CAAC,UAAmB;QACjD,IAAI,UAAU,EAAE;YACd,cAAc,CAAC,KAAK,CAAC,IAAI,CAAC,CAAC,CAAC,EAAE,CAAC,EAAE,EAAE,CAAC,CAAC,CAAC,WAAW,EAAE,CAAC,MAAM,GAAG,CAAC,CAAC,WAAW,EAAE,CAAC,MAAM,CAAC,CAAC;SACtF;aAAM;YACL,cAAc,CAAC,KAAK,CAAC,IAAI,CAAC,CAAC,CAAC,EAAE,CAAC,EAAE,EAAE,CAAC,CAAC,CAAC,WAAW,EAAE,CAAC,MAAM,GAAG,CAAC,CAAC,WAAW,EAAE,CAAC,MAAM,CAAC,CAAC;SACtF;IACH,CAAC;IACD;;;;OAIG;IACH,wBAAwB,CAAC,UAAmB;QAC1C,IAAI,UAAU,EAAE;YACd,cAAc,CAAC,KAAK,CAAC,IAAI,CAAC,CAAC,CAAC,EAAE,CAAC,EAAE,EAAE,CAAC,CAAC,CAAC,WAAW,EAAE,GAAG,CAAC,CAAC,WAAW,EAAE,CAAC,CAAC;SACxE;aAAM;YACL,cAAc,CAAC,KAAK,CAAC,IAAI,CAAC,CAAC,CAAC,EAAE,CAAC,EAAE,EAAE,CAAC,CAAC,CAAC,WAAW,EAAE,GAAG,CAAC,CAAC,WAAW,EAAE,CAAC,CAAC;SACxE;IACH,CAAC;IACD;;;;MAIE;IACF,gCAAgC,CAAC,UAAmB;QAClD,IAAI,UAAU,EAAE;YACd,cAAc,CAAC,KAAK,CAAC,IAAI,CAAC,CAAC,CAAC,EAAE,CAAC,EAAE,EAAE,CAAC,CAAC,CAAC,eAAe,EAAE,GAAG,CAAC,CAAC,eAAe,EAAE,CAAC,CAAC;SAChF;aAAM;YACL,cAAc,CAAC,KAAK,CAAC,IAAI,CAAC,CAAC,CAAC,EAAE,CAAC,EAAE,EAAE,CAAC,CAAC,CAAC,eAAe,EAAE,GAAG,CAAC,CAAC,eAAe,EAAE,CAAC,CAAC;SAChF;IACH,CAAC;IACD;;;;MAIE;IACF,wBAAwB,CAAC,UAAmB;QAC1C,IAAI,UAAU,EAAE;YACd,cAAc,CAAC,KAAK,CAAC,IAAI,CAAC,CAAC,CAAC,EAAE,CAAC,EAAE,EAAE,CAAC,CAAC,CAAC,YAAY,EAAE,GAAG,CAAC,CAAC,YAAY,EAAE,CAAC,CAAC;SAC1E;aAAM;YACL,cAAc,CAAC,KAAK,CAAC,IAAI,CAAC,CAAC,CAAC,EAAE,CAAC,EAAE,EAAE,CAAC,CAAC,CAAC,YAAY,EAAE,GAAG,CAAC,CAAC,YAAY,EAAE,CAAC,CAAC;SAC1E;IACH,CAAC;;AAxJH,wCAyJC","sourcesContent":["import {Ruta} from \"./ruta\";\nimport { metodos_rutas } from \"./metodosRutas\";\n\n/**\n * Clase que representa una colección de rutas\n * @class ColeccionRutas\n * @method getRutas: devuelve un array de rutas\n * @method addRuta: añade una ruta al array de rutas\n * @method getRuta: devuelve una ruta a partir de su id\n * @method getNumeroRutas: devuelve el número de rutas\n * @method getRutaPorNombre: devuelve una ruta a partir de su nombre\n * @method getItem: devuelve una ruta a partir de su índice\n */\nexport class ColeccionRutas implements metodos_rutas {\n  private static rutas: Ruta[] = [];\n  private static ColeccionRutas: ColeccionRutas;\n  protected constructor() {\n    ColeccionRutas.rutas = [];\n  }\n  /**\n   * Método que devuelve una instancia de la clase ColeccionRutas\n   * @method getInstance\n   * @returns ColeccionRutas\n   */\n  public static getInstance(): ColeccionRutas {\n    if (!ColeccionRutas.ColeccionRutas) {\n      ColeccionRutas.ColeccionRutas = new ColeccionRutas();\n    }\n    return ColeccionRutas.ColeccionRutas;\n  }\n  /**\n   * Método que devuelve un array de rutas\n   * @method getRutas\n   * @returns Ruta[]\n   */\n  getRutas(): Ruta[] {\n    return ColeccionRutas.rutas;\n  }\n  /**\n   * Método que añade una ruta al arraColeccion.\n   * @method addRuta\n   * @param ruta\n   * @returns void\n   */\n  addRuta(ruta_entrada: Ruta): Ruta | undefined {\n    // Se comprueba que el id no existe\n    if (ColeccionRutas.rutas.find(ruta => ruta_entrada.GetId() === ruta.GetId())) {\n      return undefined;\n    }\n    ColeccionRutas.rutas.push(ruta_entrada);\n    return ruta_entrada;\n  }\n  /**\n   * Método que elimina una ruta del arraColeccion.\n   * @method deleteRuta\n   * @param indice\n   * @returns void\n   */\n  deleteRuta(indice: number): void {\n    if (indice < 0 || indice >= ColeccionRutas.rutas.length) {\n      return;\n    }\n    ColeccionRutas.rutas.splice(indice, 1);\n  }\n  /**\n   * Método que devuelve una ruta a partir de su id\n   * @method getRuta\n   * @param id\n   * @returns Ruta | undefined\n  */\n  getRuta(id: number): Ruta | undefined {\n    const ruta = ColeccionRutas.rutas.find(ruta => ruta.GetId() === id);\n    return ruta;\n  }\n  /**\n   * Método que devuelve el número de rutas\n   * @method getNumeroRutas\n   * @returns number\n   */\n  getNumeroRutas(): number {\n    return ColeccionRutas.rutas.length;\n  }\n\n  /**\n   * Método que devuelve una ruta a partir de su nombre\n   * @method getRutaPorNombre\n   * @param nombre\n   * @returns Ruta | undefined\n   */\n  getRutaPorNombre(nombre: string): Ruta | undefined {\n    const ruta = ColeccionRutas.rutas.find(ruta => ruta.GetNombre() === nombre);\n    return ruta;\n  }\n  /**\n   * Método que devuelve una ruta a partir de su índice\n   * @method getItem\n   * @param indice\n   * @returns Ruta | undefined\n   */\n  getItem(indice: number): Ruta | undefined{\n    if (indice < 0 || indice >= ColeccionRutas.rutas.length) {\n      return undefined;\n    }\n    return ColeccionRutas.rutas[indice];\n  }\n  /**\n   * Método que ordenaColeccion. por nombre alfabéticamente, que dado un parámetro de entrada ordena ascendentemente o descendentemente\n   * @method ordenarRutasPorNombreAlfabetico\n   * @param ascendente\n   * @returns void\n  */\n  ordenarRutasPorNombreAlfabetico(ascendente: boolean): void {\n    if (ascendente) {\n      ColeccionRutas.rutas.sort((a, b) => a.GetNombre().localeCompare(b.GetNombre()));\n    } else {\n      ColeccionRutas.rutas.sort((a, b) => b.GetNombre().localeCompare(a.GetNombre()));\n    }\n  }\n  /**\n   * Método que ordena las rutas por cantidad de usuarios, que dado un parámetro de entrada ordena ascendentemente o descendentemente\n   * @method ordenarRutasPorCantidadUsuarios\n   * @returns void\n   */\n  ordenarRutasPorCantidadUsuarios(ascendente: boolean): void {\n    if (ascendente) {\n      ColeccionRutas.rutas.sort((a, b) => a.GetUsuarios().length - b.GetUsuarios().length);\n    } else {\n      ColeccionRutas.rutas.sort((a, b) => b.GetUsuarios().length - a.GetUsuarios().length);\n    }\n  }\n  /**\n   * Método que ordena las rutas por distancia, que dado un parámetro de entrada ordena ascendentemente o descendentemente\n   * @method ordenarRutasPorDistancia\n   * @returns void\n   */\n  ordenarRutasPorDistancia(ascendente: boolean): void {\n    if (ascendente) {\n      ColeccionRutas.rutas.sort((a, b) => a.GetLongitud() - b.GetLongitud());\n    } else {\n      ColeccionRutas.rutas.sort((a, b) => b.GetLongitud() - a.GetLongitud());\n    }\n  }\n  /**\n   * Método que ordena las calificaciones medias de la ruta, que dado un parámetro de entrada ordena ascendentemente o descendentemente\n   * @method ordenarRutasPorCalificacionMedia\n   * @returns void\n  */\n  ordenarRutasPorCalificacionMedia(ascendente: boolean): void {\n    if (ascendente) {\n      ColeccionRutas.rutas.sort((a, b) => a.GetCalificacion() - b.GetCalificacion());\n    } else {\n      ColeccionRutas.rutas.sort((a, b) => b.GetCalificacion() - a.GetCalificacion());\n    }\n  }\n  /**\n   * Método que ordena las rutas por actividad, que dado un parámetro de entrada ordena ascendentemente o descendentemente\n   * @method ordenarRutasPorActividad\n   * @returns void\n  */\n  ordenarRutasPorActividad(ascendente: boolean): void {\n    if (ascendente) {\n      ColeccionRutas.rutas.sort((a, b) => a.GetActividad() - b.GetActividad());\n    } else {\n      ColeccionRutas.rutas.sort((a, b) => b.GetActividad() - a.GetActividad());\n    }\n  }\n}\n"]},"_coverageSchema":"1a1c01bbd47fc00a2c39e90264f33305004495a9","hash":"7a71942c609a401b420e1830d48fa2891e34a45b","contentHash":"b7e4d81a2a51dc2de632510afc43ca5aea7789b104c9f0ca4865fc6efbc4fef2"},"/home/usuario/ull-esit-inf-dsi-22-23-prct07-destravate-datamodel-grupoh/src/ruta/ruta.ts":{"path":"/home/usuario/ull-esit-inf-dsi-22-23-prct07-destravate-datamodel-grupoh/src/ruta/ruta.ts","statementMap":{"0":{"start":{"line":2,"column":0},"end":{"line":2,"column":62}},"1":{"start":{"line":3,"column":0},"end":{"line":3,"column":22}},"2":{"start":{"line":40,"column":8},"end":{"line":40,"column":21}},"3":{"start":{"line":41,"column":8},"end":{"line":41,"column":29}},"4":{"start":{"line":42,"column":8},"end":{"line":42,"column":31}},"5":{"start":{"line":43,"column":8},"end":{"line":43,"column":31}},"6":{"start":{"line":44,"column":8},"end":{"line":44,"column":33}},"7":{"start":{"line":45,"column":8},"end":{"line":45,"column":33}},"8":{"start":{"line":46,"column":8},"end":{"line":46,"column":33}},"9":{"start":{"line":47,"column":8},"end":{"line":47,"column":35}},"10":{"start":{"line":48,"column":8},"end":{"line":48,"column":41}},"11":{"start":{"line":49,"column":8},"end":{"line":49,"column":35}},"12":{"start":{"line":55,"column":8},"end":{"line":55,"column":23}},"13":{"start":{"line":61,"column":8},"end":{"line":61,"column":27}},"14":{"start":{"line":67,"column":8},"end":{"line":67,"column":28}},"15":{"start":{"line":73,"column":8},"end":{"line":73,"column":28}},"16":{"start":{"line":79,"column":8},"end":{"line":79,"column":29}},"17":{"start":{"line":85,"column":8},"end":{"line":85,"column":29}},"18":{"start":{"line":91,"column":8},"end":{"line":91,"column":29}},"19":{"start":{"line":97,"column":8},"end":{"line":97,"column":30}},"20":{"start":{"line":103,"column":8},"end":{"line":103,"column":33}},"21":{"start":{"line":109,"column":8},"end":{"line":109,"column":30}},"22":{"start":{"line":112,"column":0},"end":{"line":112,"column":20}}},"fnMap":{"0":{"name":"(anonymous_0)","decl":{"start":{"line":39,"column":4},"end":{"line":39,"column":5}},"loc":{"start":{"line":39,"column":112},"end":{"line":50,"column":5}},"line":39},"1":{"name":"(anonymous_1)","decl":{"start":{"line":54,"column":4},"end":{"line":54,"column":5}},"loc":{"start":{"line":54,"column":12},"end":{"line":56,"column":5}},"line":54},"2":{"name":"(anonymous_2)","decl":{"start":{"line":60,"column":4},"end":{"line":60,"column":5}},"loc":{"start":{"line":60,"column":16},"end":{"line":62,"column":5}},"line":60},"3":{"name":"(anonymous_3)","decl":{"start":{"line":66,"column":4},"end":{"line":66,"column":5}},"loc":{"start":{"line":66,"column":16},"end":{"line":68,"column":5}},"line":66},"4":{"name":"(anonymous_4)","decl":{"start":{"line":72,"column":4},"end":{"line":72,"column":5}},"loc":{"start":{"line":72,"column":16},"end":{"line":74,"column":5}},"line":72},"5":{"name":"(anonymous_5)","decl":{"start":{"line":78,"column":4},"end":{"line":78,"column":5}},"loc":{"start":{"line":78,"column":18},"end":{"line":80,"column":5}},"line":78},"6":{"name":"(anonymous_6)","decl":{"start":{"line":84,"column":4},"end":{"line":84,"column":5}},"loc":{"start":{"line":84,"column":18},"end":{"line":86,"column":5}},"line":84},"7":{"name":"(anonymous_7)","decl":{"start":{"line":90,"column":4},"end":{"line":90,"column":5}},"loc":{"start":{"line":90,"column":18},"end":{"line":92,"column":5}},"line":90},"8":{"name":"(anonymous_8)","decl":{"start":{"line":96,"column":4},"end":{"line":96,"column":5}},"loc":{"start":{"line":96,"column":19},"end":{"line":98,"column":5}},"line":96},"9":{"name":"(anonymous_9)","decl":{"start":{"line":102,"column":4},"end":{"line":102,"column":5}},"loc":{"start":{"line":102,"column":22},"end":{"line":104,"column":5}},"line":102},"10":{"name":"(anonymous_10)","decl":{"start":{"line":108,"column":4},"end":{"line":108,"column":5}},"loc":{"start":{"line":108,"column":19},"end":{"line":110,"column":5}},"line":108}},"branchMap":{},"s":{"0":1,"1":1,"2":4,"3":4,"4":4,"5":4,"6":4,"7":4,"8":4,"9":4,"10":4,"11":4,"12":9,"13":6,"14":1,"15":1,"16":5,"17":1,"18":5,"19":5,"20":5,"21":1,"22":1},"f":{"0":4,"1":9,"2":6,"3":1,"4":1,"5":5,"6":1,"7":5,"8":5,"9":5,"10":1},"b":{},"inputSourceMap":{"version":3,"file":"/home/usuario/ull-esit-inf-dsi-22-23-prct07-destravate-datamodel-grupoh/src/ruta/ruta.ts","sources":["/home/usuario/ull-esit-inf-dsi-22-23-prct07-destravate-datamodel-grupoh/src/ruta/ruta.ts"],"names":[],"mappings":";;;AAAA;;;;;;;;;;;;;;;;;;;;;;;GAuBG;AACH,MAAa,IAAI;IACK;IAAoB;IAAwB;IAAoC;IAC1F;IAA2B;IAA2B;IAA6B;IAA4B;IAC/G;IAFV,YAAoB,EAAU,EAAU,MAAc,EAAU,OAA0B,EAAU,OAA0B,EACpH,QAAiB,EAAU,QAAiB,EAAU,QAAmB,EAAU,SAAkB,EAAU,YAAqB,EACpI,SAAkB;QAFR,OAAE,GAAF,EAAE,CAAQ;QAAU,WAAM,GAAN,MAAM,CAAQ;QAAU,YAAO,GAAP,OAAO,CAAmB;QAAU,YAAO,GAAP,OAAO,CAAmB;QACpH,aAAQ,GAAR,QAAQ,CAAS;QAAU,aAAQ,GAAR,QAAQ,CAAS;QAAU,aAAQ,GAAR,QAAQ,CAAW;QAAU,cAAS,GAAT,SAAS,CAAS;QAAU,iBAAY,GAAZ,YAAY,CAAS;QACpI,cAAS,GAAT,SAAS,CAAS;IAC5B,CAAC;IACD;;OAEG;IACH,KAAK;QACH,OAAO,IAAI,CAAC,EAAE,CAAC;IACjB,CAAC;IACD;;KAEC;IACD,SAAS;QACP,OAAO,IAAI,CAAC,MAAM,CAAC;IACrB,CAAC;IACD;;QAEI;IACJ,SAAS;QACP,OAAO,IAAI,CAAC,OAAO,CAAC;IACtB,CAAC;IACD;;OAEG;IACH,SAAS;QACP,OAAO,IAAI,CAAC,OAAO,CAAC;IACtB,CAAC;IACD;;OAEG;IACH,WAAW;QACT,OAAO,IAAI,CAAC,QAAQ,CAAC;IACvB,CAAC;IACD;;OAEG;IACH,WAAW;QACT,OAAO,IAAI,CAAC,QAAQ,CAAC;IACvB,CAAC;IACD;;MAEE;IACF,WAAW;QACT,OAAO,IAAI,CAAC,QAAQ,CAAC;IACvB,CAAC;IACD;;OAEG;IACH,YAAY;QACV,OAAO,IAAI,CAAC,SAAS,CAAC;IACxB,CAAC;IACD;;OAEG;IACH,eAAe;QACb,OAAO,IAAI,CAAC,YAAY,CAAC;IAC3B,CAAC;IAED;;OAEG;IACH,YAAY;QACV,OAAO,IAAI,CAAC,SAAS,CAAC;IACxB,CAAC;CACF;AAlED,oBAkEC","sourcesContent":["/**\n * @class Rutas\n * @description Clase que representa una ruta\n * @param id Identificador de la ruta\n * @param nombre Nombre de la ruta\n * @param geo_ini Coordenadas de inicio de la ruta\n * @param geo_fin Coordenadas de fin de la ruta\n * @param longitud Longitud de la ruta\n * @param desnivel Desnivel de la ruta\n * @param usuarios Usuarios que han realizado la ruta\n * @param actividad Estado de la ruta\n * @param calificacion Calificación de la ruta\n * @param idCreador Identificador del usuario que crea la ruta\n * @method GetId\n * @method GetNombre\n * @method GetGeoIni\n * @method GetGeoFin\n * @method GetLongitud\n * @method GetDesnivel\n * @method GetUsuarios\n * @method GetActividad\n * @method GetCalificacion\n * @method GetIdCreador\n */\nexport class Ruta {\n  constructor(private id: number, private nombre: string, private geo_ini : [number, number], private geo_fin : [number, number],\n    private longitud : number, private desnivel : number, private usuarios : number[], private actividad : number, private calificacion : number,\n    private idCreador : number) {\n  }\n  /**\n   * @method GetId\n   */\n  GetId() {\n    return this.id;\n  }\n  /**\n * @method GetNombre\n */\n  GetNombre() {\n    return this.nombre;\n  }\n  /**\n   * @method GetGeoIni\n    */\n  GetGeoIni() {\n    return this.geo_ini;\n  }\n  /**\n   * @method GetGeoFin\n   */\n  GetGeoFin() {\n    return this.geo_fin;\n  }\n  /**\n   * @method GetLongitud\n   */\n  GetLongitud() {\n    return this.longitud;\n  }\n  /**\n   * @method GetDesnivel\n   */\n  GetDesnivel() {\n    return this.desnivel;\n  }\n  /**\n  * @method GetUsuarios\n  */\n  GetUsuarios() {\n    return this.usuarios;\n  }\n  /**\n   * @method GetActividad\n   */\n  GetActividad() {\n    return this.actividad;\n  }\n  /**\n   * @method GetCalificacion\n   */\n  GetCalificacion() {\n    return this.calificacion;\n  }\n\n  /**\n   * @method GetIdCreador\n   */\n  GetIdCreador(): number {\n    return this.idCreador;\n  }\n}\n"]},"_coverageSchema":"1a1c01bbd47fc00a2c39e90264f33305004495a9","hash":"75369c7063fb63ecb37a74c0eecd1a66e8589697","contentHash":"80848a37a494591821532ee263efd995767959d1095ab3fa313a7f89be1523fd"},"/home/usuario/ull-esit-inf-dsi-22-23-prct07-destravate-datamodel-grupoh/src/usuario/coleccionUsuarios.ts":{"path":"/home/usuario/ull-esit-inf-dsi-22-23-prct07-destravate-datamodel-grupoh/src/usuario/coleccionUsuarios.ts","statementMap":{"0":{"start":{"line":2,"column":0},"end":{"line":2,"column":62}},"1":{"start":{"line":3,"column":0},"end":{"line":3,"column":35}},"2":{"start":{"line":16,"column":22},"end":{"line":16,"column":24}},"3":{"start":{"line":19,"column":8},"end":{"line":19,"column":40}},"4":{"start":{"line":27,"column":8},"end":{"line":29,"column":9}},"5":{"start":{"line":28,"column":12},"end":{"line":28,"column":74}},"6":{"start":{"line":30,"column":8},"end":{"line":30,"column":51}},"7":{"start":{"line":38,"column":8},"end":{"line":38,"column":42}},"8":{"start":{"line":48,"column":8},"end":{"line":50,"column":9}},"9":{"start":{"line":48,"column":56},"end":{"line":48,"column":100}},"10":{"start":{"line":49,"column":12},"end":{"line":49,"column":29}},"11":{"start":{"line":51,"column":8},"end":{"line":51,"column":57}},"12":{"start":{"line":52,"column":8},"end":{"line":52,"column":31}},"13":{"start":{"line"
[...]
lumn":9}}],"line":61},"3":{"loc":{"start":{"line":61,"column":12},"end":{"line":61,"column":69}},"type":"binary-expr","locations":[{"start":{"line":61,"column":12},"end":{"line":61,"column":22}},{"start":{"line":61,"column":26},"end":{"line":61,"column":69}}],"line":61},"4":{"loc":{"start":{"line":101,"column":8},"end":{"line":103,"column":9}},"type":"if","locations":[{"start":{"line":101,"column":8},"end":{"line":103,"column":9}},{"start":{"line":101,"column":8},"end":{"line":103,"column":9}}],"line":101},"5":{"loc":{"start":{"line":101,"column":12},"end":{"line":101,"column":69}},"type":"binary-expr","locations":[{"start":{"line":101,"column":12},"end":{"line":101,"column":22}},{"start":{"line":101,"column":26},"end":{"line":101,"column":69}}],"line":101},"6":{"loc":{"start":{"line":113,"column":8},"end":{"line":118,"column":9}},"type":"if","locations":[{"start":{"line":113,"column":8},"end":{"line":118,"column":9}},{"start":{"line":113,"column":8},"end":{"line":118,"column":9}}],"line":113},"7":{"loc":{"start":{"line":129,"column":8},"end":{"line":154,"column":9}},"type":"if","locations":[{"start":{"line":129,"column":8},"end":{"line":154,"column":9}},{"start":{"line":129,"column":8},"end":{"line":154,"column":9}}],"line":129},"8":{"loc":{"start":{"line":130,"column":12},"end":{"line":140,"column":13}},"type":"switch","locations":[{"start":{"line":131,"column":16},"end":{"line":133,"column":26}},{"start":{"line":134,"column":16},"end":{"line":136,"column":26}},{"start":{"line":137,"column":16},"end":{"line":139,"column":26}}],"line":130},"9":{"loc":{"start":{"line":143,"column":12},"end":{"line":153,"column":13}},"type":"switch","locations":[{"start":{"line":144,"column":16},"end":{"line":146,"column":26}},{"start":{"line":147,"column":16},"end":{"line":149,"column":26}},{"start":{"line":150,"column":16},"end":{"line":152,"column":26}}],"line":143}},"s":{"0":1,"1":1,"2":1,"3":1,"4":2,"5":1,"6":2,"7":8,"8":5,"9":5,"10":1,"11":4,"12":4,"13":2,"14":1,"15":1,"16":3,"17":4,"18":3,"19":3,"20":3,"21":6,"22":3,"23":3,"24":1,"25":2,"26":2,"27":1,"28":2,"29":1,"30":2,"31":6,"32":3,"33":1,"34":2,"35":1,"36":1,"37":2,"38":1,"39":1,"40":2,"41":1,"42":3,"43":1,"44":2,"45":1,"46":1,"47":2,"48":1,"49":1,"50":2,"51":1,"52":1},"f":{"0":1,"1":2,"2":8,"3":5,"4":5,"5":2,"6":3,"7":4,"8":3,"9":3,"10":6,"11":3,"12":2,"13":2,"14":2,"15":6,"16":2,"17":2,"18":2,"19":2,"20":2,"21":2},"b":{"0":[1,1],"1":[1,4],"2":[1,1],"3":[2,1],"4":[1,2],"5":[3,2],"6":[1,1],"7":[3,3],"8":[1,1,1],"9":[1,1,1]},"inputSourceMap":{"version":3,"file":"/home/usuario/ull-esit-inf-dsi-22-23-prct07-destravate-datamodel-grupoh/src/usuario/coleccionUsuarios.ts","sources":["/home/usuario/ull-esit-inf-dsi-22-23-prct07-destravate-datamodel-grupoh/src/usuario/coleccionUsuarios.ts"],"names":[],"mappings":";;;AAGA;;;;;;;;;;GAUG;AACH,MAAa,iBAAiB;IACpB,MAAM,CAAC,QAAQ,GAAc,EAAE,CAAC;IAChC,MAAM,CAAC,iBAAiB,CAAoB;IACpD;QACE,iBAAiB,CAAC,QAAQ,GAAG,EAAE,CAAC;IAClC,CAAC;IAED;;;;OAIG;IACI,MAAM,CAAC,WAAW;QACvB,IAAI,CAAC,iBAAiB,CAAC,iBAAiB,EAAE;YACxC,iBAAiB,CAAC,iBAAiB,GAAG,IAAI,iBAAiB,EAAE,CAAC;SAC/D;QACD,OAAO,iBAAiB,CAAC,iBAAiB,CAAC;IAC7C,CAAC;IAED;;;;MAIE;IACF,WAAW;QACT,OAAO,iBAAiB,CAAC,QAAQ,CAAC;IACpC,CAAC;IAED;;;;;OAKG;IACH,UAAU,CAAC,eAAwB;QACjC,oDAAoD;QACpD,IAAI,iBAAiB,CAAC,QAAQ,CAAC,IAAI,CAAC,QAAQ,CAAC,EAAE,CAAC,eAAe,CAAC,KAAK,EAAE,KAAK,QAAQ,CAAC,KAAK,EAAE,CAAC,EAAE;YAC7F,OAAO,SAAS,CAAC;SAClB;QACD,iBAAiB,CAAC,QAAQ,CAAC,IAAI,CAAC,eAAe,CAAC,CAAC;QACjD,OAAO,eAAe,CAAC;IACzB,CAAC;IAED;;;;;OAKG;IACH,aAAa,CAAC,MAAc;QAC1B,IAAI,MAAM,GAAG,CAAC,IAAI,MAAM,IAAI,iBAAiB,CAAC,QAAQ,CAAC,MAAM,EAAE;YAC7D,OAAO;SACR;QACD,iBAAiB,CAAC,QAAQ,CAAC,MAAM,CAAC,MAAM,EAAE,CAAC,CAAC,CAAC;IAC/C,CAAC;IAED;;;;;OAKG;IACH,UAAU,CAAC,EAAU;QACnB,MAAM,OAAO,GAAG,iBAAiB,CAAC,QAAQ,CAAC,IAAI,CAAC,OAAO,CAAC,EAAE,CAAC,OAAO,CAAC,KAAK,EAAE,KAAK,EAAE,CAAC,CAAC;QACnF,OAAO,OAAO,CAAC;IACjB,CAAC;IAED;;;;OAIG;IACH,iBAAiB;QACf,OAAO,iBAAiB,CAAC,QAAQ,CAAC,MAAM,CAAC;IAC3C,CAAC;IAED;;;;;OAKG;IACH,mBAAmB,CAAC,MAAc;QAChC,MAAM,OAAO,GAAG,iBAAiB,CAAC,QAAQ,CAAC,IAAI,CAAC,OAAO,CAAC,EAAE,CAAC,OAAO,CAAC,SAAS,EAAE,KAAK,MAAM,CAAC,CAAC;QAC3F,OAAO,OAAO,CAAC;IACjB,CAAC;IAED;;;;;OAKG;IACH,OAAO,CAAC,MAAc;QACpB,IAAI,MAAM,GAAG,CAAC,IAAI,MAAM,IAAI,iBAAiB,CAAC,QAAQ,CAAC,MAAM,EAAE;YAC7D,OAAO,SAAS,CAAC;SAClB;QACD,OAAO,iBAAiB,CAAC,QAAQ,CAAC,MAAM,CAAC,CAAC;IAC5C,CAAC;IAED;;;;;OAKG;IACH,kCAAkC,CAAC,UAAmB;QACpD,IAAI,UAAU,EAAE;YACd,iBAAiB,CAAC,QAAQ,CAAC,IAAI,CAAC,CAAC,CAAC,EAAE,CAAC,EAAE,EAAE,CAAC,CAAC,CAAC,SAAS,EAAE,CAAC,aAAa,CAAC,CAAC,CAAC,SAAS,EAAE,CAAC,CAAC,CAAC;SACvF;aAAM;YACL,iBAAiB,CAAC,QAAQ,CAAC,IAAI,CAAC,CAAC,CAAC,EAAE,CAAC,EAAE,EAAE,CAAC,CAAC,CAAC,SAAS,EAAE,CAAC,aAAa,CAAC,CAAC,CAAC,SAAS,EAAE,CAAC,CAAC,CAAC;SACvF;IACH,CAAC;IAED;;;;;;;OAOG;IACH,oCAAoC,CAAC,UAAmB,EAAE,OAAe;QACvE,IAAI,CAAC,UAAU,EAAE;YACf,QAAQ,OAAO,EAAE;gBACjB,KAAK,CAAC;oBACJ,iBAAiB,CAAC,QAAQ,CAAC,IAAI,CAAC,CAAC,CAAC,EAAE,CAAC,EAAE,EAAE,CAAC,CAAC,CAAC,eAAe,EAAE,CAAC,CAAC,CAAC,CAAC,CAAC,CAAC,eAAe,EAAE,CAAC,CAAC,CAAC,CAAC,MAAM,GAAC,CAAC,CAAC,GAAG,CAAC,CAAC,eAAe,EAAE,CAAC,CAAC,CAAC,CAAC,CAAC,CAAC,eAAe,EAAE,CAAC,CAAC,CAAC,CAAC,MAAM,GAAC,CAAC,CAAC,CAAC,CAAC;oBAC7J,MAAM;gBACR,KAAK,CAAC;oBACJ,iBAAiB,CAAC,QAAQ,CAAC,IAAI,CAAC,CAAC,CAAC,EAAE,CAAC,EAAE,EAAE,CAAC,CAAC,CAAC,eAAe,EAAE,CAAC,CAAC,CAAC,CAAC,CAAC,CAAC,eAAe,EAAE,CAAC,CAAC,CAAC,CAAC,MAAM,GAAC,CAAC,CAAC,GAAG,CAAC,CAAC,eAAe,EAAE,CAAC,CAAC,CAAC,CAAC,CAAC,CAAC,eAAe,EAAE,CAAC,CAAC,CAAC,CAAC,MAAM,GAAC,CAAC,CAAC,CAAC,CAAC;oBAC7J,MAAM;gBACR,KAAK,CAAC;oBACJ,iBAAiB,CAAC,QAAQ,CAAC,IAAI,CAAC,CAAC,CAAC,EAAE,CAAC,EAAE,EAAE,CAAC,CAAC,CAAC,eAAe,EAAE,CAAC,CAAC,CAAC,CAAC,CAAC,CAAC,eAAe,EAAE,CAAC,CAAC,CAAC,CAAC,MAAM,GAAC,CAAC,CAAC,GAAG,CAAC,CAAC,eAAe,EAAE,CAAC,CAAC,CAAC,CAAC,CAAC,CAAC,eAAe,EAAE,CAAC,CAAC,CAAC,CAAC,MAAM,GAAC,CAAC,CAAC,CAAC,CAAC;oBAC/J,MAAM;aACL;SACF;aACI;YACH,QAAQ,OAAO,EAAE;gBACjB,KAAK,CAAC;oBACJ,iBAAiB,CAAC,QAAQ,CAAC,IAAI,CAAC,CAAC,CAAC,EAAE,CAAC,EAAE,EAAE,CAAC,CAAC,CAAC,eAAe,EAAE,CAAC,CAAC,CAAC,CAAC,CAAC,CAAC,eAAe,EAAE,CAAC,CAAC,CAAC,CAAC,MAAM,GAAC,CAAC,CAAC,GAAG,CAAC,CAAC,eAAe,EAAE,CAAC,CAAC,CAAC,CAAC,CAAC,CAAC,eAAe,EAAE,CAAC,CAAC,CAAC,CAAC,MAAM,GAAC,CAAC,CAAC,CAAC,CAAC;oBAC7J,MAAM;gBACR,KAAK,CAAC;oBACJ,iBAAiB,CAAC,QAAQ,CAAC,IAAI,CAAC,CAAC,CAAC,EAAE,CAAC,EAAE,EAAE,CAAC,CAAC,CAAC,eAAe,EAAE,CAAC,CAAC,CAAC,CAAC,CAAC,CAAC,eAAe,EAAE,CAAC,CAAC,CAAC,CAAC,MAAM,GAAC,CAAC,CAAC,GAAG,CAAC,CAAC,eAAe,EAAE,CAAC,CAAC,CAAC,CAAC,CAAC,CAAC,eAAe,EAAE,CAAC,CAAC,CAAC,CAAC,MAAM,GAAC,CAAC,CAAC,CAAC,CAAC;oBAC7J,MAAM;gBACR,KAAK,CAAC;oBACJ,iBAAiB,CAAC,QAAQ,CAAC,IAAI,CAAC,CAAC,CAAC,EAAE,CAAC,EAAE,EAAE,CAAC,CAAC,CAAC,eAAe,EAAE,CAAC,CAAC,CAAC,CAAC,CAAC,CAAC,eAAe,EAAE,CAAC,CAAC,CAAC,CAAC,MAAM,GAAC,CAAC,CAAC,GAAG,CAAC,CAAC,eAAe,EAAE,CAAC,CAAC,CAAC,CAAC,CAAC,CAAC,eAAe,EAAE,CAAC,CAAC,CAAC,CAAC,MAAM,GAAC,CAAC,CAAC,CAAC,CAAC;oBAC/J,MAAM;aACL;SACF;IACH,CAAC;;AArJH,8CAsJC","sourcesContent":["import { Usuario } from \"./usuario\";\nimport { metodos_usuarios } from \"./metodosUsuario\";\n\n/**\n * Clase que representa una colección de usuarios\n * @class ColeccionUsuarios\n * @method getInstance\n * @method getUsuarios: devuelve un array de usuarios\n * @method addUsuario: añade un usuario al array de usuarios\n * @method getUsuario: devuelve un usuario a partir de su id\n * @method getNumeroUsuarios: devuelve el número de usuarios\n * @method getUsuarioPorNombre: devuelve un usuario a partir de su nombre\n * @method getItem: devuelve un usuario a partir de su índice\n */\nexport class ColeccionUsuarios implements metodos_usuarios {\n  private static usuarios: Usuario[] = [];\n  private static ColeccionUsuarios: ColeccionUsuarios;\n  protected constructor() {\n    ColeccionUsuarios.usuarios = [];\n  }\n\n  /**\n   * Método que devuelve una instancia de la clase ColeccionUsuarios\n   * @method getInstance\n   * @returns ColeccionUsuarios\n   */\n  public static getInstance(): ColeccionUsuarios {\n    if (!ColeccionUsuarios.ColeccionUsuarios) {\n      ColeccionUsuarios.ColeccionUsuarios = new ColeccionUsuarios();\n    }\n    return ColeccionUsuarios.ColeccionUsuarios;\n  }\n\n  /**\n   * Método que devuelve un array de usuarios\n   * @method getUsuarios\n   * @returns Usuario[]\n  */\n  getUsuarios(): Usuario[] {\n    return ColeccionUsuarios.usuarios;\n  }\n\n  /**\n   * Método que añade un usuario al array de usuarios\n   * @method addUsuario\n   * @param usuario\n   * @returns void\n   */\n  addUsuario(usuario_entrada: Usuario) {\n    //Comrpobar que no existe un usuario con el mismo id\n    if (ColeccionUsuarios.usuarios.find(Usuarios => usuario_entrada.GetId() === Usuarios.GetId())) {\n      return undefined;\n    }\n    ColeccionUsuarios.usuarios.push(usuario_entrada);\n    return usuario_entrada;\n  }\n\n  /**\n   * Método que elimina un usuario del array de usuarios\n   * @method deleteUsuario\n   * @param indice\n   * @returns void\n   */\n  deleteUsuario(indice: number): void {\n    if (indice < 0 || indice >= ColeccionUsuarios.usuarios.length) {\n      return;\n    }\n    ColeccionUsuarios.usuarios.splice(indice, 1);\n  }\n\n  /**\n   * Método que devuelve un usuario a partir de su id\n   * @method getUsuario\n   * @param id\n   * @returns Usuario | undefined\n   */\n  getUsuario(id: number): Usuario | undefined {\n    const usuario = ColeccionUsuarios.usuarios.find(usuario => usuario.GetId() === id);\n    return usuario;\n  }\n\n  /**\n   * Método que devuelve el número de usuarios\n   * @method getNumeroUsuarios\n   * @returns number\n   */\n  getNumeroUsuarios(): number {\n    return ColeccionUsuarios.usuarios.length;\n  }\n\n  /**\n   * Método que devuelve un usuario a partir de su nombre\n   * @method getUsuarioPorNombre\n   * @param nombre\n   * @returns Usuario | undefined\n   */\n  getUsuarioPorNombre(nombre: string): Usuario | undefined {\n    const usuario = ColeccionUsuarios.usuarios.find(usuario => usuario.GetNombre() === nombre);\n    return usuario;\n  }\n\n  /**\n   * Método que devuelve un usuario a partir de su indice\n   * @method getUsuarioPorIndice\n   * @param indice\n   * @returns Usuario | undefined\n   */\n  getItem(indice: number): Usuario | undefined {\n    if (indice < 0 || indice >= ColeccionUsuarios.usuarios.length) {\n      return undefined;\n    }\n    return ColeccionUsuarios.usuarios[indice];\n  }\n\n  /**\n   * Método que ordena el array de usuarios por nombre alfabéticamente, de forma ascendente o descendente según el parámetro\n   * @method ordenarUsuariosPorNombreAlfabetico\n   * @param ascendente\n   * @returns void\n   */\n  ordenarUsuariosPorNombreAlfabetico(ascendente: boolean): void {\n    if (ascendente) {\n      ColeccionUsuarios.usuarios.sort((a, b) => a.GetNombre().localeCompare(b.GetNombre()));\n    } else {\n      ColeccionUsuarios.usuarios.sort((a, b) => b.GetNombre().localeCompare(a.GetNombre()));\n    }\n  }\n\n  /**\n   * Método que ordena el array de usuarios por distancia recorrida, de forma ascendente o descendente según 2 parámetros,\n   * el primero indica si se ordena ascendente o descendente y el segundo indica si se ordena por la semana, el mes o el año\n   * @method ordenarUsuariosPorDistanciaRecorrida\n   * @param ascendente\n   * @param periodo\n   * @returns void\n   */\n  ordenarUsuariosPorDistanciaRecorrida(ascendente: boolean, periodo: number): void {\n    if (!ascendente) {\n      switch (periodo) {\n      case 0:\n        ColeccionUsuarios.usuarios.sort((a, b) => a.GetEstadisticas()[0][a.GetEstadisticas()[0].length-1] - b.GetEstadisticas()[0][a.GetEstadisticas()[0].length-1]);\n        break;\n      case 1:\n        ColeccionUsuarios.usuarios.sort((a, b) => a.GetEstadisticas()[1][a.GetEstadisticas()[0].length-1] - b.GetEstadisticas()[1][a.GetEstadisticas()[0].length-1]);\n        break;\n      case 2:\n        ColeccionUsuarios.usuarios.sort((a, b) => a.GetEstadisticas()[2][a.GetEstadisticas()[0].length-1] - b.GetEstadisticas()[2][a.GetEstadisticas()[0].length-1]);\n      break;\n      }\n    }\n    else {\n      switch (periodo) {\n      case 0:\n        ColeccionUsuarios.usuarios.sort((a, b) => b.GetEstadisticas()[0][a.GetEstadisticas()[0].length-1] - a.GetEstadisticas()[0][a.GetEstadisticas()[0].length-1]);\n        break;\n      case 1:\n        ColeccionUsuarios.usuarios.sort((a, b) => b.GetEstadisticas()[1][a.GetEstadisticas()[0].length-1] - a.GetEstadisticas()[1][a.GetEstadisticas()[0].length-1]);\n        break;\n      case 2:\n        ColeccionUsuarios.usuarios.sort((a, b) => b.GetEstadisticas()[2][a.GetEstadisticas()[0].length-1] - a.GetEstadisticas()[2][a.GetEstadisticas()[0].length-1]);\n      break;\n      }\n    }\n  }\n}\n"]},"_coverageSchema":"1a1c01bbd47fc00a2c39e90264f33305004495a9","hash":"b89c5d0c1bbb72e920ff0033242436c0c1b560a7","contentHash":"0ba01ae40a9a5bc6d9367ef1670366a11d0e4338f4531686de3140f099e58cf1"},"/home/usuario/ull-esit-inf-dsi-22-23-prct07-destravate-datamodel-grupoh/src/usuario/usuario.ts":{"path":"/home/usuario/ull-esit-inf-dsi-22-23-prct07-destravate-datamodel-grupoh/src/usuario/usuario.ts","statementMap":{"0":{"start":{"line":2,"column":0},"end":{"line":2,"column":62}},"1":{"start":{"line":3,"column":0},"end":{"line":3,"column":25}},"2":{"start":{"line":36,"column":8},"end":{"line":36,"column":29}},"3":{"start":{"line":37,"column":8},"end":{"line":37,"column":21}},"4":{"start":{"line":38,"column":8},"end":{"line":38,"column":39}},"5":{"start":{"line":39,"column":8},"end":{"line":39,"column":29}},"6":{"start":{"line":40,"column":8},"end":{"line":40,"column":43}},"7":{"start":{"line":41,"column":8},"end":{"line":41,"column":41}},"8":{"start":{"line":42,"column":8},"end":{"line":42,"column":47}},"9":{"start":{"line":43,"column":8},"end":{"line":43,"column":27}},"10":{"start":{"line":44,"column":8},"end":{"line":44,"column":37}},"11":{"start":{"line":50,"column":8},"end":{"line":50,"column":27}},"12":{"start":{"line":56,"column":8},"end":{"line":56,"column":23}},"13":{"start":{"line":62,"column":8},"end":{"line":62,"column":32}},"14":{"start":{"line":68,"column":8},"end":{"line":68,"column":27}},"15":{"start":{"line":74,"column":8},"end":{"line":74,"column":34}},"16":{"start":{"line":80,"column":8},"end":{"line":80,"column":33}},"17":{"start":{"line":86,"column":8},"end":{"line":86,"column":36}},"18":{"start":{"line":92,"column":8},"end":{"line":92,"column":26}},"19":{"start":{"line":98,"column":8},"end":{"line":98,"column":31}},"20":{"start":{"line":101,"column":0},"end":{"line":101,"column":26}}},"fnMap":{"0":{"name":"(anonymous_0)","decl":{"start":{"line":35,"column":4},"end":{"line":35,"column":5}},"loc":{"start":{"line":35,"column":114},"end":{"line":45,"column":5}},"line":35},"1":{"name":"(anonymous_1)","decl":{"start":{"line":49,"column":4},"end":{"line":49,"column":5}},"loc":{"start":{"line":49,"column":16},"end":{"line":51,"column":5}},"line":49},"2":{"name":"(anonymous_2)","decl":{"start":{"line":55,"column":4},"end":{"line":55,"column":5}},"loc":{"start":{"line":55,"column":12},"end":{"line":57,"column":5}},"line":55},"3":{"name":"(anonymous_3)","decl":{"start":{"line":61,"column":4},"end":{"line":61,"column":5}},"loc":{"start":{"line":61,"column":21},"end":{"line":63,"column":5}},"line":61},"4":{"name":"(anonymous_4)","decl":{"start":{"line":67,"column":4},"end":{"line":67,"column":5}},"loc":{"start":{"line":67,"column":16},"end":{"line":69,"column":5}},"line":67},"5":{"name":"(anonymous_5)","decl":{"start":{"line":73,"column":4},"end":{"line":73,"column":5}},"loc":{"start":{"line":73,"column":22},"end":{"line":75,"column":5}},"line":73},"6":{"name":"(anonymous_6)","decl":{"start":{"line":79,"column":4},"end":{"line":79,"column":5}},"loc":{"start":{"line":79,"column":22},"end":{"line":81,"column":5}},"line":79},"7":{"name":"(anonymous_7)","decl":{"start":{"line":85,"column":4},"end":{"line":85,"column":5}},"loc":{"start":{"line":85,"column":24},"end":{"line":87,"column":5}},"line":85},"8":{"name":"(anonymous_8)","decl":{"start":{"line":91,"column":4},"end":{"line":91,"column":5}},"loc":{"start":{"line":91,"column":15},"end":{"line":93,"column":5}},"line":91},"9":{"name":"(anonymous_9)","decl":{"start":{"line":97,"column":4},"end":{"line":97,"column":5}},"loc":{"start":{"line":97,"column":20},"end":{"line":99,"column":5}},"line":97}},"branchMap":{},"s":{"0":1,"1":1,"2":5,"3":5,"4":5,"5":5,"6":5,"7":5,"8":5,"9":5,"10":5,"11":15,"12":15,"13":1,"14":1,"15":1,"16":49,"17":1,"18":1,"19":1,"20":1},"f":{"0":5,"1":15,"2":15,"3":1,"4":1,"5":1,"6":49,"7":1,"8":1,"9":1},"b":{},"inputSourceMap":{"version":3,"file":"/home/usuario/ull-esit-inf-dsi-22-23-prct07-destravate-datamodel-grupoh/src/usuario/usuario.ts","sources":["/home/usuario/ull-esit-inf-dsi-22-23-prct07-destravate-datamodel-grupoh/src/usuario/usuario.ts"],"names":[],"mappings":";;;AAEA;;;;;;;;;;;;;;;;;;;;GAoBG;AACH,MAAa,OAAO;IACE;IAAwB;IAAqB;IAA8B;IAA2B;IAClH;IAAmC;IAAoC;IAA2B;IAD1G,YAAoB,MAAc,EAAU,EAAW,EAAU,WAAoB,EAAU,MAAiB,EAAU,aAA0B,EAC5I,YAAyB,EAAU,eAA0B,EAAU,KAAiB,EAAU,UAA2B;QADjH,WAAM,GAAN,MAAM,CAAQ;QAAU,OAAE,GAAF,EAAE,CAAS;QAAU,gBAAW,GAAX,WAAW,CAAS;QAAU,WAAM,GAAN,MAAM,CAAW;QAAU,kBAAa,GAAb,aAAa,CAAa;QAC5I,iBAAY,GAAZ,YAAY,CAAa;QAAU,oBAAe,GAAf,eAAe,CAAW;QAAU,UAAK,GAAL,KAAK,CAAY;QAAU,eAAU,GAAV,UAAU,CAAiB;IACrI,CAAC;IACD;;OAEG;IACH,SAAS;QACP,OAAO,IAAI,CAAC,MAAM,CAAC;IACrB,CAAC;IACD;;MAEE;IACF,KAAK;QACH,OAAO,IAAI,CAAC,EAAE,CAAC;IACjB,CAAC;IACD;;OAEG;IACH,cAAc;QACZ,OAAO,IAAI,CAAC,WAAW,CAAC;IAC1B,CAAC;IACD;;OAEG;IACH,SAAS;QACP,OAAO,IAAI,CAAC,MAAM,CAAC;IACrB,CAAC;IACD;;OAEG;IACH,eAAe;QACb,OAAO,IAAI,CAAC,aAAa,CAAC;IAC5B,CAAC;IACD;;OAEG;IACH,eAAe;QACb,OAAO,IAAI,CAAC,YAAY,CAAC;IAC3B,CAAC;IACD;;OAEG;IACH,iBAAiB;QACf,OAAO,IAAI,CAAC,eAAe,CAAC;IAC9B,CAAC;IACD;;OAEG;IACH,QAAQ;QACN,OAAO,IAAI,CAAC,KAAK,CAAC;IACpB,CAAC;IACD;;OAEG;IACH,aAAa;QACX,OAAO,IAAI,CAAC,UAAU,CAAC;IACzB,CAAC;CACF;AA1DD,0BA0DC","sourcesContent":["export type tipo_historico = (string | number)[][];\n\n/**\n * Clase Usuario\n * @param nombre Nombre del usuario\n * @param id Identificador del usuario\n * @param actividades Actividades del usuario (0 si es correr, 1 si es en bici, 2 si es en ambas)\n * @param amigos Amigos del usuario\n * @param grupos_amigos Grupos de amigos del usuario\n * @param estadisticas Estadisticas del usuario\n * @param rutas_favoritas Rutas favoritas del usuario\n * @param retos Retos del usuario\n * @param historicos Historicos del usuario\n * @method GetNombre\n * @method GetId\n * @method GetActividades\n * @method GetAmigos\n * @method GetGruposAmigos\n * @method GetEstadisticas\n * @method GetRutasFavoritas\n * @method GetRetos\n * @method GetHistoricos\n */\nexport class Usuario{\n  constructor(private nombre: string, private id : number, private actividades : number, private amigos : number[], private grupos_amigos : number[][],\n  private estadisticas : number[][], private rutas_favoritas : number[], private retos : number [], private historicos : tipo_historico) {\n  }\n  /**\n   * Funcion que devuelve el nombre del usuario\n   */\n  GetNombre() {\n    return this.nombre;\n  }\n  /**\n   *  Funcion que devuelve el id del usuario\n  */\n  GetId() {\n    return this.id;\n  }\n  /**\n   * Funcion que devuelve las actividades del usuario\n   */\n  GetActividades() {\n    return this.actividades;\n  }\n  /**\n   * Funcion que devuelve los amigos del usuario\n   */\n  GetAmigos() {\n    return this.amigos;\n  }\n  /**\n   * Funcion que devuelve los grupos de amigos del usuario\n   */\n  GetGruposAmigos() {\n    return this.grupos_amigos;\n  }\n  /**\n   * Funcion que devuelve las estadisticas del usuario\n   */\n  GetEstadisticas() {\n    return this.estadisticas;\n  }\n  /**\n   * Funcion que devuelve las rutas favoritas del usuario\n   */\n  GetRutasFavoritas() {\n    return this.rutas_favoritas;\n  }\n  /**\n   * Funcion que devuelve los retos del usuario\n   */\n  GetRetos() {\n    return this.retos;\n  }\n  /**\n   * Funcion que devuelve los historicos del usuario\n   */\n  GetHistoricos() {\n    return this.historicos;\n  }\n}\n"]},"_coverageSchema":"1a1c01bbd47fc00a2c39e90264f33305004495a9","hash":"0d727131c1bcc86f2c7a179c4dfc2996f07d2338","contentHash":"d64137f3812517a384d64f46509b7f80382a6c87c23f38e27ecbb6ede455cb96"}}