TN:
SF:src/grupo/coleccionGrupos.ts
FN:22,(anonymous_0)
FN:31,(anonymous_1)
FN:43,(anonymous_2)
FN:53,(anonymous_3)
FN:63,(anonymous_4)
FN:76,(anonymous_5)
FN:77,(anonymous_6)
FN:86,(anonymous_7)
FN:96,(anonymous_8)
FN:97,(anonymous_9)
FN:106,(anonymous_10)
FN:116,(anonymous_11)
FN:118,(anonymous_12)
FN:120,(anonymous_13)
FN:130,(anonymous_14)
FN:134,(anonymous_15)
FN:137,(anonymous_16)
FN:140,(anonymous_17)
FN:147,(anonymous_18)
FN:150,(anonymous_19)
FN:153,(anonymous_20)
FN:165,(anonymous_21)
FN:167,(anonymous_22)
FN:169,(anonymous_23)
FN:179,(anonymous_24)
FN:180,(anonymous_25)
FN:192,(anonymous_26)
FN:193,(anonymous_27)
FNF:28
FNH:28
FNDA:1,(anonymous_0)
FNDA:2,(anonymous_1)
FNDA:9,(anonymous_2)
FNDA:3,(anonymous_3)
FNDA:2,(anonymous_4)
FNDA:6,(anonymous_5)
FNDA:10,(anonymous_6)
FNDA:3,(anonymous_7)
FNDA:1,(anonymous_8)
FNDA:1,(anonymous_9)
FNDA:1,(anonymous_10)
FNDA:2,(anonymous_11)
FNDA:1,(anonymous_12)
FNDA:1,(anonymous_13)
FNDA:6,(anonymous_14)
FNDA:1,(anonymous_15)
FNDA:1,(anonymous_16)
FNDA:1,(anonymous_17)
FNDA:1,(anonymous_18)
FNDA:1,(anonymous_19)
FNDA:1,(anonymous_20)
FNDA:2,(anonymous_21)
FNDA:1,(anonymous_22)
FNDA:1,(anonymous_23)
FNDA:2,(anonymous_24)
FNDA:4,(anonymous_25)
FNDA:2,(anonymous_26)
FNDA:4,(anonymous_27)
DA:19,1
DA:20,1
DA:23,1
DA:32,2
DA:33,1
DA:35,2
DA:44,9
DA:54,3
DA:64,2
DA:65,1
DA:67,1
DA:77,10
DA:78,6
DA:87,3
DA:97,1
DA:107,1
DA:117,2
DA:118,1
DA:120,1
DA:131,6
DA:132,3
DA:134,1
DA:135,1
DA:137,1
DA:138,1
DA:140,1
DA:141,1
DA:145,3
DA:147,1
DA:148,1
DA:150,1
DA:151,1
DA:153,1
DA:154,1
DA:166,2
DA:167,1
DA:169,1
DA:180,4
DA:181,2
DA:182,1
DA:193,4
DA:194,2
DA:195,1
LF:43
LH:43
BRDA:32,0,0,1
BRDA:32,0,1,1
BRDA:64,1,0,1
BRDA:64,1,1,1
BRDA:64,2,0,2
BRDA:64,2,1,1
BRDA:117,3,0,1
BRDA:117,3,1,1
BRDA:131,4,0,3
BRDA:131,4,1,3
BRDA:132,5,0,1
BRDA:132,5,1,1
BRDA:132,5,2,1
BRDA:145,6,0,1
BRDA:145,6,1,1
BRDA:145,6,2,1
BRDA:166,7,0,1
BRDA:166,7,1,1
BRDA:181,8,0,1
BRDA:181,8,1,1
BRDA:194,9,0,1
BRDA:194,9,1,1
BRF:22
BRH:22
end_of_record
TN:
SF:src/grupo/grupo.ts
FN:24,(anonymous_0)
FN:32,(anonymous_1)
FN:39,(anonymous_2)
FN:46,(anonymous_3)
FN:53,(anonymous_4)
FN:60,(anonymous_5)
FN:67,(anonymous_6)
FN:74,(anonymous_7)
FN:81,(anonymous_8)
FN:89,(anonymous_9)
FN:97,(anonymous_10)
FNF:11
FNH:11
FNDA:6,(anonymous_0)
FNDA:19,(anonymous_1)
FNDA:6,(anonymous_2)
FNDA:10,(anonymous_3)
FNDA:25,(anonymous_4)
FNDA:1,(anonymous_5)
FNDA:1,(anonymous_6)
FNDA:1,(anonymous_7)
FNDA:1,(anonymous_8)
FNDA:3,(anonymous_9)
FNDA:2,(anonymous_10)
DA:23,1
DA:24,6
DA:25,6
DA:26,6
DA:33,19
DA:40,6
DA:47,10
DA:54,25
DA:61,1
DA:68,1
DA:75,1
DA:82,1
DA:90,3
DA:98,2
DA:99,7
DA:100,2
LF:16
LH:16
BRDA:99,0,0,2
BRDA:99,0,1,5
BRF:2
BRH:2
end_of_record
TN:
SF:src/reto/coleccionRetos.ts
FN:22,(anonymous_0)
FN:31,(anonymous_1)
FN:43,(anonymous_2)
FN:53,(anonymous_3)
FN:55,(anonymous_4)
FN:68,(anonymous_5)
FN:81,(anonymous_6)
FN:82,(anonymous_7)
FN:91,(anonymous_8)
FN:101,(anonymous_9)
FN:102,(anonymous_10)
FN:112,(anonymous_11)
FN:125,(anonymous_12)
FN:127,(anonymous_13)
FN:129,(anonymous_14)
FN:140,(anonymous_15)
FN:142,(anonymous_16)
FN:144,(anonymous_17)
FN:154,(anonymous_18)
FN:156,(anonymous_19)
FN:158,(anonymous_20)
FNF:21
FNH:21
FNDA:1,(anonymous_0)
FNDA:2,(anonymous_1)
FNDA:6,(anonymous_2)
FNDA:4,(anonymous_3)
FNDA:2,(anonymous_4)
FNDA:2,(anonymous_5)
FNDA:2,(anonymous_6)
FNDA:2,(anonymous_7)
FNDA:3,(anonymous_8)
FNDA:1,(anonymous_9)
FNDA:1,(anonymous_10)
FNDA:2,(anonymous_11)
FNDA:2,(anonymous_12)
FNDA:1,(anonymous_13)
FNDA:1,(anonymous_14)
FNDA:2,(anonymous_15)
FNDA:1,(anonymous_16)
FNDA:1,(anonymous_17)
FNDA:2,(anonymous_18)
FNDA:1,(anonymous_19)
FNDA:1,(anonymous_20)
DA:19,1
DA:20,1
DA:23,1
DA:32,2
DA:33,1
DA:35,2
DA:44,6
DA:55,4
DA:56,1
DA:58,3
DA:59,3
DA:69,2
DA:70,1
DA:72,1
DA:82,2
DA:83,2
DA:92,3
DA:102,1
DA:103,1
DA:113,2
DA:114,1
DA:116,1
DA:126,2
DA:127,1
DA:129,1
DA:141,2
DA:142,1
DA:144,1
DA:155,2
DA:156,1
DA:158,1
LF:31
LH:31
BRDA:32,0,0,1
BRDA:32,0,1,1
BRDA:55,1,0,1
BRDA:55,1,1,3
BRDA:69,2,0,1
BRDA:69,2,1,1
BRDA:69,3,0,2
BRDA:69,3,1,1
BRDA:113,4,0,1
BRDA:113,4,1,1
BRDA:113,5,0,2
BRDA:113,5,1,1
BRDA:126,6,0,1
BRDA:126,6,1,1
BRDA:141,7,0,1
BRDA:141,7,1,1
BRDA:155,8,0,1
BRDA:155,8,1,1
BRF:18
BRH:18
end_of_record
TN:
SF:src/reto/reto.ts
FN:19,(anonymous_0)
FN:25,(anonymous_1)
FN:31,(anonymous_2)
FN:37,(anonymous_3)
FN:43,(anonymous_4)
FN:49,(anonymous_5)
FN:55,(anonymous_6)
FN:62,(anonymous_7)
FNF:8
FNH:8
FNDA:4,(anonymous_0)
FNDA:7,(anonymous_1)
FNDA:6,(anonymous_2)
FNDA:1,(anonymous_3)
FNDA:1,(anonymous_4)
FNDA:5,(anonymous_5)
FNDA:5,(anonymous_6)
FNDA:1,(anonymous_7)
DA:18,1
DA:19,4
DA:20,4
DA:26,7
DA:32,6
DA:38,1
DA:44,1
DA:50,5
DA:56,5
DA:63,1
LF:10
LH:10
BRF:0
BRH:0
end_of_record
TN:
SF:src/ruta/coleccionRutas.ts
FN:17,(anonymous_0)
FN:25,(anonymous_1)
FN:36,(anonymous_2)
FN:45,(anonymous_3)
FN:47,(anonymous_4)
FN:59,(anonymous_5)
FN:71,(anonymous_6)
FN:72,(anonymous_7)
FN:80,(anonymous_8)
FN:90,(anonymous_9)
FN:91,(anonymous_10)
FN:100,(anonymous_11)
FN:112,(anonymous_12)
FN:114,(anonymous_13)
FN:116,(anonymous_14)
FN:124,(anonymous_15)
FN:126,(anonymous_16)
FN:128,(anonymous_17)
FN:136,(anonymous_18)
FN:138,(anonymous_19)
FN:140,(anonymous_20)
FN:148,(anonymous_21)
FN:150,(anonymous_22)
FN:152,(anonymous_23)
FN:160,(anonymous_24)
FN:162,(anonymous_25)
FN:164,(anonymous_26)
FNF:27
FNH:27
FNDA:1,(anonymous_0)
FNDA:2,(anonymous_1)
FNDA:11,(anonymous_2)
FNDA:4,(anonymous_3)
FNDA:3,(anonymous_4)
FNDA:2,(anonymous_5)
FNDA:2,(anonymous_6)
FNDA:2,(anonymous_7)
FNDA:3,(anonymous_8)
FNDA:1,(anonymous_9)
FNDA:1,(anonymous_10)
FNDA:2,(anonymous_11)
FNDA:2,(anonymous_12)
FNDA:1,(anonymous_13)
FNDA:1,(anonymous_14)
FNDA:2,(anonymous_15)
FNDA:1,(anonymous_16)
FNDA:1,(anonymous_17)
FNDA:2,(anonymous_18)
FNDA:1,(anonymous_19)
FNDA:1,(anonymous_20)
FNDA:2,(anonymous_21)
FNDA:1,(anonymous_22)
FNDA:1,(anonymous_23)
FNDA:2,(anonymous_24)
FNDA:1,(anonymous_25)
FNDA:1,(anonymous_26)
DA:14,1
DA:15,1
DA:18,1
DA:26,2
DA:27,1
DA:29,2
DA:37,11
DA:47,4
DA:48,1
DA:50,3
DA:51,3
DA:60,2
DA:61,1
DA:63,1
DA:72,2
DA:73,2
DA:81,3
DA:91,1
DA:92,1
DA:101,2
DA:102,1
DA:104,1
DA:113,2
DA:114,1
DA:116,1
DA:125,2
DA:126,1
DA:128,1
DA:137,2
DA:138,1
DA:140,1
DA:149,2
DA:150,1
DA:152,1
DA:161,2
DA:162,1
DA:164,1
LF:37
LH:37
BRDA:26,0,0,1
BRDA:26,0,1,1
BRDA:47,1,0,1
BRDA:47,1,1,3
BRDA:60,2,0,1
BRDA:60,2,1,1
BRDA:60,3,0,2
BRDA:60,3,1,1
BRDA:101,4,0,1
BRDA:101,4,1,1
BRDA:101,5,0,2
BRDA:101,5,1,1
BRDA:113,6,0,1
BRDA:113,6,1,1
BRDA:125,7,0,1
BRDA:125,7,1,1
BRDA:137,8,0,1
BRDA:137,8,1,1
BRDA:149,9,0,1
BRDA:149,9,1,1
BRDA:161,10,0,1
BRDA:161,10,1,1
BRF:22
BRH:22
end_of_record
TN:
SF:src/ruta/ruta.ts
FN:26,(anonymous_0)
FN:33,(anonymous_1)
FN:39,(anonymous_2)
FN:45,(anonymous_3)
FN:51,(anonymous_4)
FN:57,(anonymous_5)
FN:63,(anonymous_6)
FN:69,(anonymous_7)
FN:75,(anonymous_8)
FN:81,(anonymous_9)
FN:88,(anonymous_10)
FNF:11
FNH:11
FNDA:4,(anonymous_0)
FNDA:9,(anonymous_1)
FNDA:6,(anonymous_2)
FNDA:1,(anonymous_3)
FNDA:1,(anonymous_4)
FNDA:5,(anonymous_5)
FNDA:1,(anonymous_6)
FNDA:5,(anonymous_7)
FNDA:5,(anonymous_8)
FNDA:5,(anonymous_9)
FNDA:1,(anonymous_10)
DA:25,1
DA:26,4
DA:27,4
DA:28,4
DA:34,9
DA:40,6
DA:46,1
DA:52,1
DA:58,5
DA:64,1
DA:70,5
DA:76,5
DA:82,5
DA:89,1
LF:14
LH:14
BRF:0
BRH:0
end_of_record
TN:
SF:src/usuario/coleccionUsuarios.ts
FN:18,(anonymous_0)
FN:27,(anonymous_1)
FN:39,(anonymous_2)
FN:49,(anonymous_3)
FN:51,(anonymous_4)
FN:64,(anonymous_5)
FN:77,(anonymous_6)
FN:78,(anonymous_7)
FN:87,(anonymous_8)
FN:97,(anonymous_9)
FN:98,(anonymous_10)
FN:108,(anonymous_11)
FN:121,(anonymous_12)
FN:123,(anonymous_13)
FN:125,(anonymous_14)
FN:137,(anonymous_15)
FN:141,(anonymous_16)
FN:144,(anonymous_17)
FN:147,(anonymous_18)
FN:154,(anonymous_19)
FN:157,(anonymous_20)
FN:160,(anonymous_21)
FN:172,(anonymous_22)
FN:173,(anonymous_23)
FN:174,(anonymous_24)
FN:186,(anonymous_25)
FN:187,(anonymous_26)
FN:188,(anonymous_27)
FNF:28
FNH:28
FNDA:1,(anonymous_0)
FNDA:2,(anonymous_1)
FNDA:8,(anonymous_2)
FNDA:5,(anonymous_3)
FNDA:5,(anonymous_4)
FNDA:2,(anonymous_5)
FNDA:8,(anonymous_6)
FNDA:13,(anonymous_7)
FNDA:3,(anonymous_8)
FNDA:3,(anonymous_9)
FNDA:6,(anonymous_10)
FNDA:3,(anonymous_11)
FNDA:2,(anonymous_12)
FNDA:2,(anonymous_13)
FNDA:2,(anonymous_14)
FNDA:6,(anonymous_15)
FNDA:2,(anonymous_16)
FNDA:2,(anonymous_17)
FNDA:2,(anonymous_18)
FNDA:2,(anonymous_19)
FNDA:2,(anonymous_20)
FNDA:2,(anonymous_21)
FNDA:3,(anonymous_22)
FNDA:5,(anonymous_23)
FNDA:8,(anonymous_24)
FNDA:2,(anonymous_25)
FNDA:4,(anonymous_26)
FNDA:5,(anonymous_27)
DA:15,1
DA:16,1
DA:19,1
DA:28,2
DA:29,1
DA:31,2
DA:40,8
DA:51,5
DA:52,1
DA:54,4
DA:55,4
DA:65,2
DA:66,1
DA:68,1
DA:78,13
DA:79,8
DA:88,3
DA:98,6
DA:99,3
DA:109,3
DA:110,1
DA:112,2
DA:122,2
DA:123,2
DA:125,2
DA:138,6
DA:139,3
DA:141,2
DA:142,1
DA:144,2
DA:145,1
DA:147,2
DA:148,1
DA:152,3
DA:154,2
DA:155,1
DA:157,2
DA:158,1
DA:160,2
DA:161,1
DA:173,5
DA:174,8
DA:175,3
DA:176,2
DA:187,4
DA:188,5
DA:189,2
DA:190,1
LF:48
LH:48
BRDA:28,0,0,1
BRDA:28,0,1,1
BRDA:51,1,0,1
BRDA:51,1,1,4
BRDA:65,2,0,1
BRDA:65,2,1,1
BRDA:65,3,0,2
BRDA:65,3,1,1
BRDA:109,4,0,1
BRDA:109,4,1,2
BRDA:109,5,0,3
BRDA:109,5,1,2
BRDA:122,6,0,1
BRDA:122,6,1,1
BRDA:138,7,0,3
BRDA:138,7,1,3
BRDA:139,8,0,1
BRDA:139,8,1,1
BRDA:139,8,2,1
BRDA:152,9,0,1
BRDA:152,9,1,1
BRDA:152,9,2,1
BRDA:175,10,0,2
BRDA:175,10,1,1
BRDA:175,11,0,3
BRDA:175,11,1,2
BRDA:189,12,0,1
BRDA:189,12,1,1
BRDA:189,13,0,2
BRDA:189,13,1,1
BRF:30
BRH:30
end_of_record
TN:
SF:src/usuario/usuario.ts
FN:25,(anonymous_0)
FN:31,(anonymous_1)
FN:37,(anonymous_2)
FN:43,(anonymous_3)
FN:49,(anonymous_4)
FN:55,(anonymous_5)
FN:61,(anonymous_6)
FN:67,(anonymous_7)
FN:73,(anonymous_8)
FN:79,(anonymous_9)
FN:85,(anonymous_10)
FN:91,(anonymous_11)
FNF:12
FNH:12
FNDA:6,(anonymous_0)
FNDA:15,(anonymous_1)
FNDA:49,(anonymous_2)
FNDA:1,(anonymous_3)
FNDA:6,(anonymous_4)
FNDA:1,(anonymous_5)
FNDA:49,(anonymous_6)
FNDA:1,(anonymous_7)
FNDA:1,(anonymous_8)
FNDA:1,(anonymous_9)
FNDA:3,(anonymous_10)
FNDA:2,(anonymous_11)
DA:24,1
DA:25,6
DA:26,6
DA:32,15
DA:38,49
DA:44,1
DA:50,6
DA:56,1
DA:62,49
DA:68,1
DA:74,1
DA:80,1
DA:86,3
DA:92,2
LF:14
LH:14
BRF:0
BRH:0
end_of_record
