TN:
SF:src/grupo/coleccionGrupos.js
FN:19,(anonymous_0)
FN:20,ColeccionGrupos
FN:28,(anonymous_2)
FN:39,(anonymous_3)
FN:48,(anonymous_4)
FN:57,(anonymous_5)
FN:69,(anonymous_6)
FN:70,(anonymous_7)
FN:77,(anonymous_8)
FN:86,(anonymous_9)
FN:87,(anonymous_10)
FN:95,(anonymous_11)
FN:104,(anonymous_12)
FN:106,(anonymous_13)
FN:109,(anonymous_14)
FN:118,(anonymous_15)
FN:122,(anonymous_16)
FN:125,(anonymous_17)
FN:128,(anonymous_18)
FN:135,(anonymous_19)
FN:138,(anonymous_20)
FN:141,(anonymous_21)
FN:152,(anonymous_22)
FN:154,(anonymous_23)
FN:157,(anonymous_24)
FNF:25
FNH:25
FNDA:1,(anonymous_0)
FNDA:1,ColeccionGrupos
FNDA:2,(anonymous_2)
FNDA:9,(anonymous_3)
FNDA:3,(anonymous_4)
FNDA:2,(anonymous_5)
FNDA:2,(anonymous_6)
FNDA:2,(anonymous_7)
FNDA:3,(anonymous_8)
FNDA:1,(anonymous_9)
FNDA:1,(anonymous_10)
FNDA:1,(anonymous_11)
FNDA:2,(anonymous_12)
FNDA:1,(anonymous_13)
FNDA:1,(anonymous_14)
FNDA:6,(anonymous_15)
FNDA:1,(anonymous_16)
FNDA:1,(anonymous_17)
FNDA:1,(anonymous_18)
FNDA:1,(anonymous_19)
FNDA:1,(anonymous_20)
FNDA:1,(anonymous_21)
FNDA:2,(anonymous_22)
FNDA:1,(anonymous_23)
FNDA:1,(anonymous_24)
DA:2,1
DA:3,1
DA:19,1
DA:21,1
DA:28,1
DA:29,2
DA:30,1
DA:32,2
DA:39,1
DA:40,9
DA:48,1
DA:49,3
DA:57,1
DA:58,2
DA:59,1
DA:61,1
DA:69,1
DA:70,2
DA:77,1
DA:78,3
DA:86,1
DA:87,1
DA:95,1
DA:96,1
DA:104,1
DA:105,2
DA:106,1
DA:109,1
DA:118,1
DA:119,6
DA:120,3
DA:122,1
DA:123,1
DA:125,1
DA:126,1
DA:128,1
DA:129,1
DA:133,3
DA:135,1
DA:136,1
DA:138,1
DA:139,1
DA:141,1
DA:142,1
DA:152,1
DA:153,2
DA:154,1
DA:157,1
DA:160,1
DA:161,1
DA:163,1
LF:51
LH:51
BRDA:29,0,0,1
BRDA:29,0,1,1
BRDA:58,1,0,1
BRDA:58,1,1,1
BRDA:58,2,0,2
BRDA:58,2,1,1
BRDA:105,3,0,1
BRDA:105,3,1,1
BRDA:119,4,0,3
BRDA:119,4,1,3
BRDA:120,5,0,1
BRDA:120,5,1,1
BRDA:120,5,2,1
BRDA:133,6,0,1
BRDA:133,6,1,1
BRDA:133,6,2,1
BRDA:153,7,0,1
BRDA:153,7,1,1
BRF:18
BRH:18
end_of_record
TN:
SF:src/grupo/grupo.js
FN:24,(anonymous_0)
FN:25,Grupo
FN:38,(anonymous_2)
FN:44,(anonymous_3)
FN:50,(anonymous_4)
FN:56,(anonymous_5)
FN:62,(anonymous_6)
FN:68,(anonymous_7)
FN:74,(anonymous_8)
FN:80,(anonymous_9)
FN:87,(anonymous_10)
FNF:11
FNH:11
FNDA:1,(anonymous_0)
FNDA:5,Grupo
FNDA:3,(anonymous_2)
FNDA:6,(anonymous_3)
FNDA:6,(anonymous_4)
FNDA:25,(anonymous_5)
FNDA:1,(anonymous_6)
FNDA:1,(anonymous_7)
FNDA:1,(anonymous_8)
FNDA:1,(anonymous_9)
FNDA:1,(anonymous_10)
DA:2,1
DA:3,1
DA:24,1
DA:26,5
DA:27,5
DA:28,5
DA:29,5
DA:30,5
DA:31,5
DA:32,5
DA:33,5
DA:38,1
DA:39,3
DA:44,1
DA:45,6
DA:50,1
DA:51,6
DA:56,1
DA:57,25
DA:62,1
DA:63,1
DA:68,1
DA:69,1
DA:74,1
DA:75,1
DA:80,1
DA:81,1
DA:87,1
DA:88,1
DA:90,1
DA:92,1
LF:31
LH:31
BRF:0
BRH:0
end_of_record
TN:
SF:src/reto/coleccionRetos.js
FN:19,(anonymous_0)
FN:20,ColeccionRetos
FN:28,(anonymous_2)
FN:39,(anonymous_3)
FN:48,(anonymous_4)
FN:50,(anonymous_5)
FN:62,(anonymous_6)
FN:74,(anonymous_7)
FN:75,(anonymous_8)
FN:83,(anonymous_9)
FN:92,(anonymous_10)
FN:93,(anonymous_11)
FN:102,(anonymous_12)
FN:114,(anonymous_13)
FN:116,(anonymous_14)
FN:119,(anonymous_15)
FN:129,(anonymous_16)
FN:131,(anonymous_17)
FN:134,(anonymous_18)
FN:143,(anonymous_19)
FN:145,(anonymous_20)
FN:148,(anonymous_21)
FNF:22
FNH:22
FNDA:1,(anonymous_0)
FNDA:1,ColeccionRetos
FNDA:2,(anonymous_2)
FNDA:6,(anonymous_3)
FNDA:4,(anonymous_4)
FNDA:2,(anonymous_5)
FNDA:2,(anonymous_6)
FNDA:2,(anonymous_7)
FNDA:2,(anonymous_8)
FNDA:3,(anonymous_9)
FNDA:1,(anonymous_10)
FNDA:1,(anonymous_11)
FNDA:2,(anonymous_12)
FNDA:2,(anonymous_13)
FNDA:1,(anonymous_14)
FNDA:1,(anonymous_15)
FNDA:2,(anonymous_16)
FNDA:1,(anonymous_17)
FNDA:1,(anonymous_18)
FNDA:2,(anonymous_19)
FNDA:1,(anonymous_20)
FNDA:1,(anonymous_21)
DA:2,1
DA:3,1
DA:19,1
DA:21,1
DA:28,1
DA:29,2
DA:30,1
DA:32,2
DA:39,1
DA:40,6
DA:48,1
DA:50,4
DA:51,1
DA:53,3
DA:54,3
DA:62,1
DA:63,2
DA:64,1
DA:66,1
DA:74,1
DA:75,2
DA:76,2
DA:83,1
DA:84,3
DA:92,1
DA:93,1
DA:94,1
DA:102,1
DA:103,2
DA:104,1
DA:106,1
DA:114,1
DA:115,2
DA:116,1
DA:119,1
DA:129,1
DA:130,2
DA:131,1
DA:134,1
DA:143,1
DA:144,2
DA:145,1
DA:148,1
DA:151,1
DA:152,1
DA:154,1
LF:46
LH:46
BRDA:29,0,0,1
BRDA:29,0,1,1
BRDA:50,1,0,1
BRDA:50,1,1,3
BRDA:63,2,0,1
BRDA:63,2,1,1
BRDA:63,3,0,2
BRDA:63,3,1,1
BRDA:103,4,0,1
BRDA:103,4,1,1
BRDA:103,5,0,2
BRDA:103,5,1,1
BRDA:115,6,0,1
BRDA:115,6,1,1
BRDA:130,7,0,1
BRDA:130,7,1,1
BRDA:144,8,0,1
BRDA:144,8,1,1
BRF:18
BRH:18
end_of_record
TN:
SF:src/reto/reto.js
FN:21,(anonymous_0)
FN:22,Reto
FN:34,(anonymous_2)
FN:40,(anonymous_3)
FN:46,(anonymous_4)
FN:52,(anonymous_5)
FN:58,(anonymous_6)
FN:64,(anonymous_7)
FN:70,(anonymous_8)
FNF:9
FNH:9
FNDA:1,(anonymous_0)
FNDA:4,Reto
FNDA:7,(anonymous_2)
FNDA:6,(anonymous_3)
FNDA:1,(anonymous_4)
FNDA:1,(anonymous_5)
FNDA:5,(anonymous_6)
FNDA:5,(anonymous_7)
FNDA:1,(anonymous_8)
DA:2,1
DA:3,1
DA:21,1
DA:23,4
DA:24,4
DA:25,4
DA:26,4
DA:27,4
DA:28,4
DA:29,4
DA:34,1
DA:35,7
DA:40,1
DA:41,6
DA:46,1
DA:47,1
DA:52,1
DA:53,1
DA:58,1
DA:59,5
DA:64,1
DA:65,5
DA:70,1
DA:71,1
DA:73,1
DA:75,1
LF:26
LH:26
BRF:0
BRH:0
end_of_record
TN:
SF:src/ruta/coleccionRutas.js
FN:14,(anonymous_0)
FN:15,ColeccionRutas
FN:23,(anonymous_2)
FN:34,(anonymous_3)
FN:43,(anonymous_4)
FN:45,(anonymous_5)
FN:57,(anonymous_6)
FN:69,(anonymous_7)
FN:70,(anonymous_8)
FN:78,(anonymous_9)
FN:87,(anonymous_10)
FN:88,(anonymous_11)
FN:97,(anonymous_12)
FN:109,(anonymous_13)
FN:111,(anonymous_14)
FN:114,(anonymous_15)
FN:122,(anonymous_16)
FN:124,(anonymous_17)
FN:127,(anonymous_18)
FN:135,(anonymous_19)
FN:137,(anonymous_20)
FN:140,(anonymous_21)
FN:148,(anonymous_22)
FN:150,(anonymous_23)
FN:153,(anonymous_24)
FN:161,(anonymous_25)
FN:163,(anonymous_26)
FN:166,(anonymous_27)
FNF:28
FNH:28
FNDA:1,(anonymous_0)
FNDA:1,ColeccionRutas
FNDA:2,(anonymous_2)
FNDA:11,(anonymous_3)
FNDA:4,(anonymous_4)
FNDA:3,(anonymous_5)
FNDA:2,(anonymous_6)
FNDA:2,(anonymous_7)
FNDA:2,(anonymous_8)
FNDA:3,(anonymous_9)
FNDA:1,(anonymous_10)
FNDA:1,(anonymous_11)
FNDA:2,(anonymous_12)
FNDA:2,(anonymous_13)
FNDA:1,(anonymous_14)
FNDA:1,(anonymous_15)
FNDA:2,(anonymous_16)
FNDA:1,(anonymous_17)
FNDA:1,(anonymous_18)
FNDA:2,(anonymous_19)
FNDA:1,(anonymous_20)
FNDA:1,(anonymous_21)
FNDA:2,(anonymous_22)
FNDA:1,(anonymous_23)
FNDA:1,(anonymous_24)
FNDA:2,(anonymous_25)
FNDA:1,(anonymous_26)
FNDA:1,(anonymous_27)
DA:2,1
DA:3,1
DA:14,1
DA:16,1
DA:23,1
DA:24,2
DA:25,1
DA:27,2
DA:34,1
DA:35,11
DA:43,1
DA:45,4
DA:46,1
DA:48,3
DA:49,3
DA:57,1
DA:58,2
DA:59,1
DA:61,1
DA:69,1
DA:70,2
DA:71,2
DA:78,1
DA:79,3
DA:87,1
DA:88,1
DA:89,1
DA:97,1
DA:98,2
DA:99,1
DA:101,1
DA:109,1
DA:110,2
DA:111,1
DA:114,1
DA:122,1
DA:123,2
DA:124,1
DA:127,1
DA:135,1
DA:136,2
DA:137,1
DA:140,1
DA:148,1
DA:149,2
DA:150,1
DA:153,1
DA:161,1
DA:162,2
DA:163,1
DA:166,1
DA:169,1
DA:170,1
DA:172,1
LF:54
LH:54
BRDA:24,0,0,1
BRDA:24,0,1,1
BRDA:45,1,0,1
BRDA:45,1,1,3
BRDA:58,2,0,1
BRDA:58,2,1,1
BRDA:58,3,0,2
BRDA:58,3,1,1
BRDA:98,4,0,1
BRDA:98,4,1,1
BRDA:98,5,0,2
BRDA:98,5,1,1
BRDA:110,6,0,1
BRDA:110,6,1,1
BRDA:123,7,0,1
BRDA:123,7,1,1
BRDA:136,8,0,1
BRDA:136,8,1,1
BRDA:149,9,0,1
BRDA:149,9,1,1
BRDA:162,10,0,1
BRDA:162,10,1,1
BRF:22
BRH:22
end_of_record
TN:
SF:src/ruta/ruta.js
FN:28,(anonymous_0)
FN:29,Ruta
FN:44,(anonymous_2)
FN:50,(anonymous_3)
FN:56,(anonymous_4)
FN:62,(anonymous_5)
FN:68,(anonymous_6)
FN:74,(anonymous_7)
FN:80,(anonymous_8)
FN:86,(anonymous_9)
FN:92,(anonymous_10)
FN:98,(anonymous_11)
FNF:12
FNH:12
FNDA:1,(anonymous_0)
FNDA:4,Ruta
FNDA:9,(anonymous_2)
FNDA:6,(anonymous_3)
FNDA:1,(anonymous_4)
FNDA:1,(anonymous_5)
FNDA:5,(anonymous_6)
FNDA:1,(anonymous_7)
FNDA:5,(anonymous_8)
FNDA:5,(anonymous_9)
FNDA:5,(anonymous_10)
FNDA:1,(anonymous_11)
DA:2,1
DA:3,1
DA:28,1
DA:30,4
DA:31,4
DA:32,4
DA:33,4
DA:34,4
DA:35,4
DA:36,4
DA:37,4
DA:38,4
DA:39,4
DA:44,1
DA:45,9
DA:50,1
DA:51,6
DA:56,1
DA:57,1
DA:62,1
DA:63,1
DA:68,1
DA:69,5
DA:74,1
DA:75,1
DA:80,1
DA:81,5
DA:86,1
DA:87,5
DA:92,1
DA:93,5
DA:98,1
DA:99,1
DA:101,1
DA:103,1
LF:35
LH:35
BRF:0
BRH:0
end_of_record
TN:
SF:src/usuario/coleccionUsuarios.js
FN:15,(anonymous_0)
FN:16,ColeccionUsuarios
FN:24,(anonymous_2)
FN:35,(anonymous_3)
FN:44,(anonymous_4)
FN:46,(anonymous_5)
FN:58,(anonymous_6)
FN:70,(anonymous_7)
FN:71,(anonymous_8)
FN:79,(anonymous_9)
FN:88,(anonymous_10)
FN:89,(anonymous_11)
FN:98,(anonymous_12)
FN:110,(anonymous_13)
FN:112,(anonymous_14)
FN:115,(anonymous_15)
FN:126,(anonymous_16)
FN:130,(anonymous_17)
FN:133,(anonymous_18)
FN:136,(anonymous_19)
FN:143,(anonymous_20)
FN:146,(anonymous_21)
FN:149,(anonymous_22)
FNF:23
FNH:23
FNDA:1,(anonymous_0)
FNDA:1,ColeccionUsuarios
FNDA:2,(anonymous_2)
FNDA:8,(anonymous_3)
FNDA:5,(anonymous_4)
FNDA:5,(anonymous_5)
FNDA:2,(anonymous_6)
FNDA:3,(anonymous_7)
FNDA:4,(anonymous_8)
FNDA:3,(anonymous_9)
FNDA:3,(anonymous_10)
FNDA:6,(anonymous_11)
FNDA:3,(anonymous_12)
FNDA:2,(anonymous_13)
FNDA:2,(anonymous_14)
FNDA:2,(anonymous_15)
FNDA:6,(anonymous_16)
FNDA:2,(anonymous_17)
FNDA:2,(anonymous_18)
FNDA:2,(anonymous_19)
FNDA:2,(anonymous_20)
FNDA:2,(anonymous_21)
FNDA:2,(anonymous_22)
DA:2,1
DA:3,1
DA:15,1
DA:17,1
DA:24,1
DA:25,2
DA:26,1
DA:28,2
DA:35,1
DA:36,8
DA:44,1
DA:46,5
DA:47,1
DA:49,4
DA:50,4
DA:58,1
DA:59,2
DA:60,1
DA:62,1
DA:70,1
DA:71,4
DA:72,3
DA:79,1
DA:80,3
DA:88,1
DA:89,6
DA:90,3
DA:98,1
DA:99,3
DA:100,1
DA:102,2
DA:110,1
DA:111,2
DA:112,2
DA:115,2
DA:126,1
DA:127,6
DA:128,3
DA:130,2
DA:131,1
DA:133,2
DA:134,1
DA:136,2
DA:137,1
DA:141,3
DA:143,2
DA:144,1
DA:146,2
DA:147,1
DA:149,2
DA:150,1
DA:154,1
DA:155,1
DA:157,1
LF:54
LH:54
BRDA:25,0,0,1
BRDA:25,0,1,1
BRDA:46,1,0,1
BRDA:46,1,1,4
BRDA:59,2,0,1
BRDA:59,2,1,1
BRDA:59,3,0,2
BRDA:59,3,1,1
BRDA:99,4,0,1
BRDA:99,4,1,2
BRDA:99,5,0,3
BRDA:99,5,1,2
BRDA:111,6,0,1
BRDA:111,6,1,1
BRDA:127,7,0,3
BRDA:127,7,1,3
BRDA:128,8,0,1
BRDA:128,8,1,1
BRDA:128,8,2,1
BRDA:141,9,0,1
BRDA:141,9,1,1
BRDA:141,9,2,1
BRF:22
BRH:22
end_of_record
TN:
SF:src/usuario/usuario.js
FN:25,(anonymous_0)
FN:26,Usuario
FN:40,(anonymous_2)
FN:46,(anonymous_3)
FN:52,(anonymous_4)
FN:58,(anonymous_5)
FN:64,(anonymous_6)
FN:70,(anonymous_7)
FN:76,(anonymous_8)
FN:82,(anonymous_9)
FN:88,(anonymous_10)
FN:94,(anonymous_11)
FNF:12
FNH:12
FNDA:1,(anonymous_0)
FNDA:6,Usuario
FNDA:15,(anonymous_2)
FNDA:15,(anonymous_3)
FNDA:1,(anonymous_4)
FNDA:2,(anonymous_5)
FNDA:1,(anonymous_6)
FNDA:49,(anonymous_7)
FNDA:1,(anonymous_8)
FNDA:1,(anonymous_9)
FNDA:1,(anonymous_10)
FNDA:1,(anonymous_11)
DA:2,1
DA:3,1
DA:25,1
DA:27,6
DA:28,6
DA:29,6
DA:30,6
DA:31,6
DA:32,6
DA:33,6
DA:34,6
DA:35,6
DA:40,1
DA:41,15
DA:46,1
DA:47,15
DA:52,1
DA:53,1
DA:58,1
DA:59,2
DA:64,1
DA:65,1
DA:70,1
DA:71,49
DA:76,1
DA:77,1
DA:82,1
DA:83,1
DA:88,1
DA:89,1
DA:94,1
DA:95,1
DA:97,1
DA:99,1
LF:34
LH:34
BRF:0
BRH:0
end_of_record
